{"contracts\\ExecuteManager.sol":{"l":{"9":9,"10":9,"11":9},"path":"g:\\_projects\\intercoin\\TradedTokenContract\\src\\contracts\\ExecuteManager.sol","s":{"1":9,"2":9},"b":{"1":[9,0]},"f":{"1":9},"fnMap":{"1":{"name":"runOnlyOnce","line":8,"loc":{"start":{"line":8,"column":4},"end":{"line":12,"column":4}}}},"statementMap":{"1":{"start":{"line":9,"column":8},"end":{"line":9,"column":53}},"2":{"start":{"line":10,"column":8},"end":{"line":10,"column":26}}},"branchMap":{"1":{"line":9,"type":"if","locations":[{"start":{"line":9,"column":8},"end":{"line":9,"column":8}},{"start":{"line":9,"column":8},"end":{"line":9,"column":8}}]}}},"contracts\\interfaces\\IChain.sol":{"l":{},"path":"g:\\_projects\\intercoin\\TradedTokenContract\\src\\contracts\\interfaces\\IChain.sol","s":{},"b":{},"f":{},"fnMap":{},"statementMap":{},"branchMap":{}},"contracts\\interfaces\\IITR.sol":{"l":{},"path":"g:\\_projects\\intercoin\\TradedTokenContract\\src\\contracts\\interfaces\\IITR.sol","s":{},"b":{},"f":{},"fnMap":{},"statementMap":{},"branchMap":{}},"contracts\\interfaces\\ISRC20.sol":{"l":{},"path":"g:\\_projects\\intercoin\\TradedTokenContract\\src\\contracts\\interfaces\\ISRC20.sol","s":{},"b":{},"f":{},"fnMap":{},"statementMap":{},"branchMap":{}},"contracts\\interfaces\\ITransferRules.sol":{"l":{},"path":"g:\\_projects\\intercoin\\TradedTokenContract\\src\\contracts\\interfaces\\ITransferRules.sol","s":{},"b":{},"f":{},"fnMap":{},"statementMap":{},"branchMap":{}},"contracts\\ITR.sol":{"l":{"37":0,"55":0,"58":0,"63":0,"68":0,"73":0,"78":0,"79":0,"81":0,"83":0,"86":0,"90":0,"93":0,"94":0,"96":0,"97":0,"100":0,"105":0,"107":0,"108":0,"113":0},"path":"g:\\_projects\\intercoin\\TradedTokenContract\\src\\contracts\\ITR.sol","s":{"1":0,"2":0,"3":0,"4":0,"5":0,"6":0,"7":0,"8":0,"9":0,"10":0,"11":0,"12":0,"13":0,"14":0,"15":0,"16":0,"17":0,"18":0,"19":0,"20":0,"21":0},"b":{"1":[0,0],"2":[0,0],"3":[0,0],"4":[0,0],"5":[0,0]},"f":{"1":0,"2":0,"3":0,"4":0,"5":0,"6":0,"7":0},"fnMap":{"1":{"name":"constructor","line":36,"loc":{"start":{"line":36,"column":4},"end":{"line":45,"column":4}}},"2":{"name":"init","line":47,"loc":{"start":{"line":47,"column":1},"end":{"line":59,"column":1}}},"3":{"name":"getMaxTotalSupply","line":62,"loc":{"start":{"line":62,"column":4},"end":{"line":64,"column":4}}},"4":{"name":"totalRemaining","line":67,"loc":{"start":{"line":67,"column":4},"end":{"line":69,"column":4}}},"5":{"name":"getClaimFraction","line":72,"loc":{"start":{"line":72,"column":1},"end":{"line":74,"column":1}}},"6":{"name":"claim","line":77,"loc":{"start":{"line":77,"column":4},"end":{"line":110,"column":4}}},"7":{"name":"getGrowthDurationsPassed","line":112,"loc":{"start":{"line":112,"column":4},"end":{"line":114,"column":4}}}},"statementMap":{"1":{"start":{"line":37,"column":7},"end":{"line":37,"column":1278}},"2":{"start":{"line":55,"column":2},"end":{"line":55,"column":1696}},"3":{"start":{"line":58,"column":2},"end":{"line":58,"column":31}},"4":{"start":{"line":63,"column":8},"end":{"line":63,"column":30}},"5":{"start":{"line":68,"column":8},"end":{"line":68,"column":49}},"6":{"start":{"line":73,"column":2},"end":{"line":73,"column":73}},"7":{"start":{"line":78,"column":8},"end":{"line":78,"column":53}},"8":{"start":{"line":79,"column":8},"end":{"line":79,"column":64}},"9":{"start":{"line":81,"column":8},"end":{"line":81,"column":41}},"10":{"start":{"line":83,"column":8},"end":{"line":83,"column":2570}},"11":{"start":{"line":86,"column":12},"end":{"line":86,"column":55}},"12":{"start":{"line":90,"column":8},"end":{"line":90,"column":2822}},"13":{"start":{"line":93,"column":8},"end":{"line":93,"column":2898}},"14":{"start":{"line":94,"column":12},"end":{"line":94,"column":57}},"15":{"start":{"line":96,"column":12},"end":{"line":96,"column":35}},"16":{"start":{"line":97,"column":12},"end":{"line":97,"column":33}},"17":{"start":{"line":100,"column":8},"end":{"line":100,"column":3109}},"18":{"start":{"line":105,"column":8},"end":{"line":105,"column":3339}},"19":{"start":{"line":107,"column":8},"end":{"line":107,"column":27}},"20":{"start":{"line":108,"column":8},"end":{"line":108,"column":51}},"21":{"start":{"line":113,"column":8},"end":{"line":113,"column":70}}},"branchMap":{"1":{"line":81,"type":"if","locations":[{"start":{"line":81,"column":8},"end":{"line":81,"column":8}},{"start":{"line":81,"column":8},"end":{"line":81,"column":8}}]},"2":{"line":83,"type":"if","locations":[{"start":{"line":83,"column":8},"end":{"line":83,"column":8}},{"start":{"line":83,"column":8},"end":{"line":83,"column":8}}]},"3":{"line":93,"type":"if","locations":[{"start":{"line":93,"column":8},"end":{"line":93,"column":8}},{"start":{"line":93,"column":8},"end":{"line":93,"column":8}}]},"4":{"line":100,"type":"if","locations":[{"start":{"line":100,"column":8},"end":{"line":100,"column":8}},{"start":{"line":100,"column":8},"end":{"line":100,"column":8}}]},"5":{"line":105,"type":"if","locations":[{"start":{"line":105,"column":8},"end":{"line":105,"column":8}},{"start":{"line":105,"column":8},"end":{"line":105,"column":8}}]}}},"contracts\\libs\\Babylonian.sol":{"l":{"11":6,"14":6,"15":6,"16":6,"17":6,"18":6,"20":6,"21":6,"22":6,"24":6,"25":0,"26":0,"28":6,"29":6,"30":6,"32":6,"33":6,"34":6,"36":6,"37":6,"38":6,"40":6,"41":6,"43":6,"44":6,"45":6,"46":6,"47":6,"48":6,"49":6,"50":6,"51":6},"path":"g:\\_projects\\intercoin\\TradedTokenContract\\src\\contracts\\libs\\Babylonian.sol","s":{"1":6,"2":0,"3":6,"4":6,"5":6,"6":6,"7":6,"8":6,"9":6,"10":6,"11":6,"12":0,"13":0,"14":6,"15":6,"16":6,"17":6,"18":6,"19":6,"20":6,"21":6,"22":6,"23":6,"24":6,"25":6,"26":6,"27":6,"28":6,"29":6,"30":6,"31":6,"32":6,"33":6},"b":{"1":[0,6],"2":[6,0],"3":[6,0],"4":[0,6],"5":[6,0],"6":[6,0],"7":[6,0],"8":[6,0]},"f":{"1":6},"fnMap":{"1":{"name":"sqrt","line":10,"loc":{"start":{"line":10,"column":4},"end":{"line":52,"column":4}}}},"statementMap":{"1":{"start":{"line":11,"column":8},"end":{"line":11,"column":28}},"2":{"start":{"line":11,"column":20},"end":{"line":11,"column":28}},"3":{"start":{"line":14,"column":8},"end":{"line":14,"column":22}},"4":{"start":{"line":15,"column":8},"end":{"line":15,"column":21}},"5":{"start":{"line":16,"column":8},"end":{"line":16,"column":687}},"6":{"start":{"line":17,"column":12},"end":{"line":17,"column":21}},"7":{"start":{"line":18,"column":12},"end":{"line":18,"column":19}},"8":{"start":{"line":20,"column":8},"end":{"line":20,"column":800}},"9":{"start":{"line":21,"column":12},"end":{"line":21,"column":20}},"10":{"start":{"line":22,"column":12},"end":{"line":22,"column":19}},"11":{"start":{"line":24,"column":8},"end":{"line":24,"column":896}},"12":{"start":{"line":25,"column":12},"end":{"line":25,"column":20}},"13":{"start":{"line":26,"column":12},"end":{"line":26,"column":19}},"14":{"start":{"line":28,"column":8},"end":{"line":28,"column":984}},"15":{"start":{"line":29,"column":12},"end":{"line":29,"column":20}},"16":{"start":{"line":30,"column":12},"end":{"line":30,"column":18}},"17":{"start":{"line":32,"column":8},"end":{"line":32,"column":1067}},"18":{"start":{"line":33,"column":12},"end":{"line":33,"column":19}},"19":{"start":{"line":34,"column":12},"end":{"line":34,"column":18}},"20":{"start":{"line":36,"column":8},"end":{"line":36,"column":1147}},"21":{"start":{"line":37,"column":12},"end":{"line":37,"column":19}},"22":{"start":{"line":38,"column":12},"end":{"line":38,"column":18}},"23":{"start":{"line":40,"column":8},"end":{"line":40,"column":1226}},"24":{"start":{"line":41,"column":12},"end":{"line":41,"column":18}},"25":{"start":{"line":43,"column":8},"end":{"line":43,"column":27}},"26":{"start":{"line":44,"column":8},"end":{"line":44,"column":27}},"27":{"start":{"line":45,"column":8},"end":{"line":45,"column":27}},"28":{"start":{"line":46,"column":8},"end":{"line":46,"column":27}},"29":{"start":{"line":47,"column":8},"end":{"line":47,"column":27}},"30":{"start":{"line":48,"column":8},"end":{"line":48,"column":27}},"31":{"start":{"line":49,"column":8},"end":{"line":49,"column":27}},"32":{"start":{"line":50,"column":8},"end":{"line":50,"column":26}},"33":{"start":{"line":51,"column":8},"end":{"line":51,"column":32}}},"branchMap":{"1":{"line":11,"type":"if","locations":[{"start":{"line":11,"column":8},"end":{"line":11,"column":8}},{"start":{"line":11,"column":8},"end":{"line":11,"column":8}}]},"2":{"line":16,"type":"if","locations":[{"start":{"line":16,"column":8},"end":{"line":16,"column":8}},{"start":{"line":16,"column":8},"end":{"line":16,"column":8}}]},"3":{"line":20,"type":"if","locations":[{"start":{"line":20,"column":8},"end":{"line":20,"column":8}},{"start":{"line":20,"column":8},"end":{"line":20,"column":8}}]},"4":{"line":24,"type":"if","locations":[{"start":{"line":24,"column":8},"end":{"line":24,"column":8}},{"start":{"line":24,"column":8},"end":{"line":24,"column":8}}]},"5":{"line":28,"type":"if","locations":[{"start":{"line":28,"column":8},"end":{"line":28,"column":8}},{"start":{"line":28,"column":8},"end":{"line":28,"column":8}}]},"6":{"line":32,"type":"if","locations":[{"start":{"line":32,"column":8},"end":{"line":32,"column":8}},{"start":{"line":32,"column":8},"end":{"line":32,"column":8}}]},"7":{"line":36,"type":"if","locations":[{"start":{"line":36,"column":8},"end":{"line":36,"column":8}},{"start":{"line":36,"column":8},"end":{"line":36,"column":8}}]},"8":{"line":40,"type":"if","locations":[{"start":{"line":40,"column":8},"end":{"line":40,"column":8}},{"start":{"line":40,"column":8},"end":{"line":40,"column":8}}]}}},"contracts\\libs\\BitMath.sol":{"l":{"8":0,"10":0,"11":0,"12":0,"14":0,"15":0,"16":0,"18":0,"19":0,"20":0,"22":0,"23":0,"24":0,"26":0,"27":0,"28":0,"30":0,"31":0,"32":0,"34":0,"35":0,"36":0,"38":0,"45":0,"47":0,"48":0,"49":0,"51":0,"53":0,"54":0,"56":0,"58":0,"59":0,"61":0,"63":0,"64":0,"66":0,"68":0,"69":0,"71":0,"73":0,"74":0,"76":0,"78":0,"79":0,"81":0,"83":0},"path":"g:\\_projects\\intercoin\\TradedTokenContract\\src\\contracts\\libs\\BitMath.sol","s":{"1":0,"2":0,"3":0,"4":0,"5":0,"6":0,"7":0,"8":0,"9":0,"10":0,"11":0,"12":0,"13":0,"14":0,"15":0,"16":0,"17":0,"18":0,"19":0,"20":0,"21":0,"22":0,"23":0,"24":0,"25":0,"26":0,"27":0,"28":0,"29":0,"30":0,"31":0,"32":0,"33":0,"34":0,"35":0,"36":0,"37":0,"38":0,"39":0,"40":0,"41":0,"42":0,"43":0,"44":0,"45":0,"46":0,"47":0,"48":0,"49":0},"b":{"1":[0,0],"2":[0,0],"3":[0,0],"4":[0,0],"5":[0,0],"6":[0,0],"7":[0,0],"8":[0,0],"9":[0,0],"10":[0,0],"11":[0,0],"12":[0,0],"13":[0,0],"14":[0,0],"15":[0,0],"16":[0,0],"17":[0,0],"18":[0,0]},"f":{"1":0,"2":0},"fnMap":{"1":{"name":"mostSignificantBit","line":7,"loc":{"start":{"line":7,"column":4},"end":{"line":39,"column":4}}},"2":{"name":"leastSignificantBit","line":44,"loc":{"start":{"line":44,"column":4},"end":{"line":84,"column":4}}}},"statementMap":{"1":{"start":{"line":8,"column":8},"end":{"line":8,"column":58}},"2":{"start":{"line":10,"column":8},"end":{"line":10,"column":369}},"3":{"start":{"line":11,"column":12},"end":{"line":11,"column":20}},"4":{"start":{"line":12,"column":12},"end":{"line":12,"column":19}},"5":{"start":{"line":14,"column":8},"end":{"line":14,"column":480}},"6":{"start":{"line":15,"column":12},"end":{"line":15,"column":19}},"7":{"start":{"line":16,"column":12},"end":{"line":16,"column":18}},"8":{"start":{"line":18,"column":8},"end":{"line":18,"column":573}},"9":{"start":{"line":19,"column":12},"end":{"line":19,"column":19}},"10":{"start":{"line":20,"column":12},"end":{"line":20,"column":18}},"11":{"start":{"line":22,"column":8},"end":{"line":22,"column":658}},"12":{"start":{"line":23,"column":12},"end":{"line":23,"column":19}},"13":{"start":{"line":24,"column":12},"end":{"line":24,"column":18}},"14":{"start":{"line":26,"column":8},"end":{"line":26,"column":739}},"15":{"start":{"line":27,"column":12},"end":{"line":27,"column":18}},"16":{"start":{"line":28,"column":12},"end":{"line":28,"column":17}},"17":{"start":{"line":30,"column":8},"end":{"line":30,"column":816}},"18":{"start":{"line":31,"column":12},"end":{"line":31,"column":18}},"19":{"start":{"line":32,"column":12},"end":{"line":32,"column":17}},"20":{"start":{"line":34,"column":8},"end":{"line":34,"column":892}},"21":{"start":{"line":35,"column":12},"end":{"line":35,"column":18}},"22":{"start":{"line":36,"column":12},"end":{"line":36,"column":17}},"23":{"start":{"line":38,"column":8},"end":{"line":38,"column":28}},"24":{"start":{"line":38,"column":22},"end":{"line":38,"column":27}},"25":{"start":{"line":45,"column":8},"end":{"line":45,"column":59}},"26":{"start":{"line":47,"column":8},"end":{"line":47,"column":14}},"27":{"start":{"line":48,"column":8},"end":{"line":48,"column":1381}},"28":{"start":{"line":49,"column":12},"end":{"line":49,"column":19}},"29":{"start":{"line":51,"column":12},"end":{"line":51,"column":20}},"30":{"start":{"line":53,"column":8},"end":{"line":53,"column":1494}},"31":{"start":{"line":54,"column":12},"end":{"line":54,"column":18}},"32":{"start":{"line":56,"column":12},"end":{"line":56,"column":19}},"33":{"start":{"line":58,"column":8},"end":{"line":58,"column":1604}},"34":{"start":{"line":59,"column":12},"end":{"line":59,"column":18}},"35":{"start":{"line":61,"column":12},"end":{"line":61,"column":19}},"36":{"start":{"line":63,"column":8},"end":{"line":63,"column":1714}},"37":{"start":{"line":64,"column":12},"end":{"line":64,"column":18}},"38":{"start":{"line":66,"column":12},"end":{"line":66,"column":19}},"39":{"start":{"line":68,"column":8},"end":{"line":68,"column":1824}},"40":{"start":{"line":69,"column":12},"end":{"line":69,"column":17}},"41":{"start":{"line":71,"column":12},"end":{"line":71,"column":18}},"42":{"start":{"line":73,"column":8},"end":{"line":73,"column":1931}},"43":{"start":{"line":74,"column":12},"end":{"line":74,"column":17}},"44":{"start":{"line":76,"column":12},"end":{"line":76,"column":18}},"45":{"start":{"line":78,"column":8},"end":{"line":78,"column":2026}},"46":{"start":{"line":79,"column":12},"end":{"line":79,"column":17}},"47":{"start":{"line":81,"column":12},"end":{"line":81,"column":18}},"48":{"start":{"line":83,"column":8},"end":{"line":83,"column":31}},"49":{"start":{"line":83,"column":25},"end":{"line":83,"column":30}}},"branchMap":{"1":{"line":8,"type":"if","locations":[{"start":{"line":8,"column":8},"end":{"line":8,"column":8}},{"start":{"line":8,"column":8},"end":{"line":8,"column":8}}]},"2":{"line":10,"type":"if","locations":[{"start":{"line":10,"column":8},"end":{"line":10,"column":8}},{"start":{"line":10,"column":8},"end":{"line":10,"column":8}}]},"3":{"line":14,"type":"if","locations":[{"start":{"line":14,"column":8},"end":{"line":14,"column":8}},{"start":{"line":14,"column":8},"end":{"line":14,"column":8}}]},"4":{"line":18,"type":"if","locations":[{"start":{"line":18,"column":8},"end":{"line":18,"column":8}},{"start":{"line":18,"column":8},"end":{"line":18,"column":8}}]},"5":{"line":22,"type":"if","locations":[{"start":{"line":22,"column":8},"end":{"line":22,"column":8}},{"start":{"line":22,"column":8},"end":{"line":22,"column":8}}]},"6":{"line":26,"type":"if","locations":[{"start":{"line":26,"column":8},"end":{"line":26,"column":8}},{"start":{"line":26,"column":8},"end":{"line":26,"column":8}}]},"7":{"line":30,"type":"if","locations":[{"start":{"line":30,"column":8},"end":{"line":30,"column":8}},{"start":{"line":30,"column":8},"end":{"line":30,"column":8}}]},"8":{"line":34,"type":"if","locations":[{"start":{"line":34,"column":8},"end":{"line":34,"column":8}},{"start":{"line":34,"column":8},"end":{"line":34,"column":8}}]},"9":{"line":38,"type":"if","locations":[{"start":{"line":38,"column":8},"end":{"line":38,"column":8}},{"start":{"line":38,"column":8},"end":{"line":38,"column":8}}]},"10":{"line":45,"type":"if","locations":[{"start":{"line":45,"column":8},"end":{"line":45,"column":8}},{"start":{"line":45,"column":8},"end":{"line":45,"column":8}}]},"11":{"line":48,"type":"if","locations":[{"start":{"line":48,"column":8},"end":{"line":48,"column":8}},{"start":{"line":48,"column":8},"end":{"line":48,"column":8}}]},"12":{"line":53,"type":"if","locations":[{"start":{"line":53,"column":8},"end":{"line":53,"column":8}},{"start":{"line":53,"column":8},"end":{"line":53,"column":8}}]},"13":{"line":58,"type":"if","locations":[{"start":{"line":58,"column":8},"end":{"line":58,"column":8}},{"start":{"line":58,"column":8},"end":{"line":58,"column":8}}]},"14":{"line":63,"type":"if","locations":[{"start":{"line":63,"column":8},"end":{"line":63,"column":8}},{"start":{"line":63,"column":8},"end":{"line":63,"column":8}}]},"15":{"line":68,"type":"if","locations":[{"start":{"line":68,"column":8},"end":{"line":68,"column":8}},{"start":{"line":68,"column":8},"end":{"line":68,"column":8}}]},"16":{"line":73,"type":"if","locations":[{"start":{"line":73,"column":8},"end":{"line":73,"column":8}},{"start":{"line":73,"column":8},"end":{"line":73,"column":8}}]},"17":{"line":78,"type":"if","locations":[{"start":{"line":78,"column":8},"end":{"line":78,"column":8}},{"start":{"line":78,"column":8},"end":{"line":78,"column":8}}]},"18":{"line":83,"type":"if","locations":[{"start":{"line":83,"column":8},"end":{"line":83,"column":8}},{"start":{"line":83,"column":8},"end":{"line":83,"column":8}}]}}},"contracts\\libs\\FixedPoint.sol":{"l":{"29":32,"34":0,"39":6,"44":0,"50":0,"51":0,"52":0,"58":0,"59":0,"60":0,"66":32,"67":0,"69":32,"70":32,"71":32,"72":32,"75":32,"76":32,"77":32,"78":32,"81":32,"84":32,"87":32,"89":32,"94":7,"95":7,"96":0,"98":7,"99":7,"100":7,"101":7,"104":0,"105":0,"106":0,"112":20,"113":20,"115":20,"116":20,"117":20,"118":20,"120":0,"121":0,"122":0,"130":0,"131":0,"132":0,"138":6,"139":6,"142":0,"143":0,"144":0},"path":"g:\\_projects\\intercoin\\TradedTokenContract\\src\\contracts\\libs\\FixedPoint.sol","s":{"1":32,"2":0,"3":6,"4":0,"5":0,"6":0,"7":0,"8":0,"9":0,"10":0,"11":32,"12":0,"13":32,"14":32,"15":32,"16":32,"17":32,"18":32,"19":32,"20":32,"21":32,"22":32,"23":32,"24":32,"25":7,"26":7,"27":0,"28":7,"29":7,"30":7,"31":7,"32":0,"33":0,"34":0,"35":20,"36":20,"37":0,"38":20,"39":20,"40":20,"41":20,"42":0,"43":0,"44":0,"45":0,"46":0,"47":0,"48":6,"49":6,"50":0,"51":0,"52":0},"b":{"1":[0,0],"2":[0,0],"3":[0,32],"4":[32,0],"5":[32,0],"6":[7,0],"7":[0,7],"8":[7,0],"9":[7,0],"10":[0,0],"11":[20,0],"12":[0,20],"13":[20,0],"14":[20,0],"15":[0,0],"16":[0,0],"17":[0,0],"18":[6,0]},"f":{"1":32,"2":0,"3":6,"4":0,"5":0,"6":0,"7":32,"8":7,"9":20,"10":0,"11":6},"fnMap":{"1":{"name":"encode","line":28,"loc":{"start":{"line":28,"column":4},"end":{"line":30,"column":4}}},"2":{"name":"encode144","line":33,"loc":{"start":{"line":33,"column":4},"end":{"line":35,"column":4}}},"3":{"name":"decode","line":38,"loc":{"start":{"line":38,"column":4},"end":{"line":40,"column":4}}},"4":{"name":"decode144","line":43,"loc":{"start":{"line":43,"column":4},"end":{"line":45,"column":4}}},"5":{"name":"mul","line":49,"loc":{"start":{"line":49,"column":4},"end":{"line":53,"column":4}}},"6":{"name":"muli","line":57,"loc":{"start":{"line":57,"column":4},"end":{"line":61,"column":4}}},"7":{"name":"muluq","line":65,"loc":{"start":{"line":65,"column":4},"end":{"line":90,"column":4}}},"8":{"name":"divuq","line":93,"loc":{"start":{"line":93,"column":4},"end":{"line":107,"column":4}}},"9":{"name":"fraction","line":111,"loc":{"start":{"line":111,"column":4},"end":{"line":124,"column":4}}},"10":{"name":"reciprocal","line":129,"loc":{"start":{"line":129,"column":4},"end":{"line":133,"column":4}}},"11":{"name":"sqrt","line":137,"loc":{"start":{"line":137,"column":4},"end":{"line":145,"column":4}}}},"statementMap":{"1":{"start":{"line":29,"column":8},"end":{"line":29,"column":50}},"2":{"start":{"line":34,"column":8},"end":{"line":34,"column":50}},"3":{"start":{"line":39,"column":8},"end":{"line":39,"column":45}},"4":{"start":{"line":44,"column":8},"end":{"line":44,"column":45}},"5":{"start":{"line":50,"column":8},"end":{"line":50,"column":21}},"6":{"start":{"line":51,"column":8},"end":{"line":51,"column":87}},"7":{"start":{"line":52,"column":8},"end":{"line":52,"column":27}},"8":{"start":{"line":58,"column":8},"end":{"line":58,"column":75}},"9":{"start":{"line":59,"column":8},"end":{"line":59,"column":56}},"10":{"start":{"line":60,"column":8},"end":{"line":60,"column":45}},"11":{"start":{"line":66,"column":8},"end":{"line":66,"column":2506}},"12":{"start":{"line":67,"column":12},"end":{"line":67,"column":31}},"13":{"start":{"line":69,"column":8},"end":{"line":69,"column":59}},"14":{"start":{"line":70,"column":8},"end":{"line":70,"column":58}},"15":{"start":{"line":71,"column":8},"end":{"line":71,"column":61}},"16":{"start":{"line":72,"column":8},"end":{"line":72,"column":60}},"17":{"start":{"line":75,"column":8},"end":{"line":75,"column":57}},"18":{"start":{"line":76,"column":8},"end":{"line":76,"column":57}},"19":{"start":{"line":77,"column":8},"end":{"line":77,"column":65}},"20":{"start":{"line":78,"column":8},"end":{"line":78,"column":65}},"21":{"start":{"line":81,"column":8},"end":{"line":81,"column":79}},"22":{"start":{"line":84,"column":8},"end":{"line":84,"column":106}},"23":{"start":{"line":87,"column":8},"end":{"line":87,"column":75}},"24":{"start":{"line":89,"column":8},"end":{"line":89,"column":38}},"25":{"start":{"line":94,"column":8},"end":{"line":94,"column":67}},"26":{"start":{"line":95,"column":8},"end":{"line":95,"column":3921}},"27":{"start":{"line":96,"column":12},"end":{"line":96,"column":43}},"28":{"start":{"line":98,"column":8},"end":{"line":98,"column":4011}},"29":{"start":{"line":99,"column":12},"end":{"line":99,"column":71}},"30":{"start":{"line":100,"column":12},"end":{"line":100,"column":77}},"31":{"start":{"line":101,"column":12},"end":{"line":101,"column":44}},"32":{"start":{"line":104,"column":8},"end":{"line":104,"column":65}},"33":{"start":{"line":105,"column":8},"end":{"line":105,"column":74}},"34":{"start":{"line":106,"column":8},"end":{"line":106,"column":41}},"35":{"start":{"line":112,"column":8},"end":{"line":112,"column":73}},"36":{"start":{"line":113,"column":8},"end":{"line":113,"column":58}},"37":{"start":{"line":113,"column":28},"end":{"line":113,"column":58}},"38":{"start":{"line":115,"column":8},"end":{"line":115,"column":4811}},"39":{"start":{"line":116,"column":12},"end":{"line":116,"column":68}},"40":{"start":{"line":117,"column":12},"end":{"line":117,"column":80}},"41":{"start":{"line":118,"column":12},"end":{"line":118,"column":45}},"42":{"start":{"line":120,"column":12},"end":{"line":120,"column":74}},"43":{"start":{"line":121,"column":12},"end":{"line":121,"column":81}},"44":{"start":{"line":122,"column":12},"end":{"line":122,"column":45}},"45":{"start":{"line":130,"column":8},"end":{"line":130,"column":74}},"46":{"start":{"line":131,"column":8},"end":{"line":131,"column":64}},"47":{"start":{"line":132,"column":8},"end":{"line":132,"column":49}},"48":{"start":{"line":138,"column":8},"end":{"line":138,"column":5827}},"49":{"start":{"line":139,"column":12},"end":{"line":139,"column":79}},"50":{"start":{"line":142,"column":8},"end":{"line":142,"column":71}},"51":{"start":{"line":143,"column":8},"end":{"line":143,"column":41}},"52":{"start":{"line":144,"column":8},"end":{"line":144,"column":116}}},"branchMap":{"1":{"line":51,"type":"if","locations":[{"start":{"line":51,"column":8},"end":{"line":51,"column":8}},{"start":{"line":51,"column":8},"end":{"line":51,"column":8}}]},"2":{"line":59,"type":"if","locations":[{"start":{"line":59,"column":8},"end":{"line":59,"column":8}},{"start":{"line":59,"column":8},"end":{"line":59,"column":8}}]},"3":{"line":66,"type":"if","locations":[{"start":{"line":66,"column":8},"end":{"line":66,"column":8}},{"start":{"line":66,"column":8},"end":{"line":66,"column":8}}]},"4":{"line":81,"type":"if","locations":[{"start":{"line":81,"column":8},"end":{"line":81,"column":8}},{"start":{"line":81,"column":8},"end":{"line":81,"column":8}}]},"5":{"line":87,"type":"if","locations":[{"start":{"line":87,"column":8},"end":{"line":87,"column":8}},{"start":{"line":87,"column":8},"end":{"line":87,"column":8}}]},"6":{"line":94,"type":"if","locations":[{"start":{"line":94,"column":8},"end":{"line":94,"column":8}},{"start":{"line":94,"column":8},"end":{"line":94,"column":8}}]},"7":{"line":95,"type":"if","locations":[{"start":{"line":95,"column":8},"end":{"line":95,"column":8}},{"start":{"line":95,"column":8},"end":{"line":95,"column":8}}]},"8":{"line":98,"type":"if","locations":[{"start":{"line":98,"column":8},"end":{"line":98,"column":8}},{"start":{"line":98,"column":8},"end":{"line":98,"column":8}}]},"9":{"line":100,"type":"if","locations":[{"start":{"line":100,"column":12},"end":{"line":100,"column":12}},{"start":{"line":100,"column":12},"end":{"line":100,"column":12}}]},"10":{"line":105,"type":"if","locations":[{"start":{"line":105,"column":8},"end":{"line":105,"column":8}},{"start":{"line":105,"column":8},"end":{"line":105,"column":8}}]},"11":{"line":112,"type":"if","locations":[{"start":{"line":112,"column":8},"end":{"line":112,"column":8}},{"start":{"line":112,"column":8},"end":{"line":112,"column":8}}]},"12":{"line":113,"type":"if","locations":[{"start":{"line":113,"column":8},"end":{"line":113,"column":8}},{"start":{"line":113,"column":8},"end":{"line":113,"column":8}}]},"13":{"line":115,"type":"if","locations":[{"start":{"line":115,"column":8},"end":{"line":115,"column":8}},{"start":{"line":115,"column":8},"end":{"line":115,"column":8}}]},"14":{"line":117,"type":"if","locations":[{"start":{"line":117,"column":12},"end":{"line":117,"column":12}},{"start":{"line":117,"column":12},"end":{"line":117,"column":12}}]},"15":{"line":121,"type":"if","locations":[{"start":{"line":121,"column":12},"end":{"line":121,"column":12}},{"start":{"line":121,"column":12},"end":{"line":121,"column":12}}]},"16":{"line":130,"type":"if","locations":[{"start":{"line":130,"column":8},"end":{"line":130,"column":8}},{"start":{"line":130,"column":8},"end":{"line":130,"column":8}}]},"17":{"line":131,"type":"if","locations":[{"start":{"line":131,"column":8},"end":{"line":131,"column":8}},{"start":{"line":131,"column":8},"end":{"line":131,"column":8}}]},"18":{"line":138,"type":"if","locations":[{"start":{"line":138,"column":8},"end":{"line":138,"column":8}},{"start":{"line":138,"column":8},"end":{"line":138,"column":8}}]}}},"contracts\\libs\\FullMath.sol":{"l":{"8":0,"9":0,"10":0,"11":0,"20":0,"22":0,"23":0,"25":0,"26":0,"27":0,"28":0,"29":0,"30":0,"31":0,"32":0,"33":0,"34":0,"35":0,"43":0,"45":0,"46":0,"47":0,"49":0,"51":0,"52":0},"path":"g:\\_projects\\intercoin\\TradedTokenContract\\src\\contracts\\libs\\FullMath.sol","s":{"1":0,"2":0,"3":0,"4":0,"5":0,"6":0,"7":0,"8":0,"9":0,"10":0,"11":0,"12":0,"13":0,"14":0,"15":0,"16":0,"17":0,"18":0,"19":0,"20":0,"21":0,"22":0,"23":0,"24":0,"25":0,"26":0,"27":0,"28":0},"b":{"1":[0,0],"2":[0,0],"3":[0,0],"4":[0,0]},"f":{"1":0,"2":0,"3":0},"fnMap":{"1":{"name":"fullMul","line":7,"loc":{"start":{"line":7,"column":4},"end":{"line":12,"column":4}}},"2":{"name":"fullDiv","line":14,"loc":{"start":{"line":14,"column":4},"end":{"line":36,"column":4}}},"3":{"name":"mulDiv","line":38,"loc":{"start":{"line":38,"column":4},"end":{"line":53,"column":4}}}},"statementMap":{"1":{"start":{"line":8,"column":8},"end":{"line":8,"column":52}},"2":{"start":{"line":9,"column":8},"end":{"line":9,"column":16}},"3":{"start":{"line":10,"column":8},"end":{"line":10,"column":17}},"4":{"start":{"line":11,"column":8},"end":{"line":11,"column":26}},"5":{"start":{"line":11,"column":20},"end":{"line":11,"column":25}},"6":{"start":{"line":20,"column":8},"end":{"line":20,"column":35}},"7":{"start":{"line":22,"column":8},"end":{"line":22,"column":16}},"8":{"start":{"line":23,"column":8},"end":{"line":23,"column":16}},"9":{"start":{"line":25,"column":8},"end":{"line":25,"column":38}},"10":{"start":{"line":26,"column":8},"end":{"line":26,"column":21}},"11":{"start":{"line":27,"column":8},"end":{"line":27,"column":21}},"12":{"start":{"line":28,"column":8},"end":{"line":28,"column":21}},"13":{"start":{"line":29,"column":8},"end":{"line":29,"column":21}},"14":{"start":{"line":30,"column":8},"end":{"line":30,"column":21}},"15":{"start":{"line":31,"column":8},"end":{"line":31,"column":21}},"16":{"start":{"line":32,"column":8},"end":{"line":32,"column":21}},"17":{"start":{"line":33,"column":8},"end":{"line":33,"column":21}},"18":{"start":{"line":34,"column":8},"end":{"line":34,"column":21}},"19":{"start":{"line":35,"column":8},"end":{"line":35,"column":20}},"20":{"start":{"line":43,"column":8},"end":{"line":43,"column":46}},"21":{"start":{"line":45,"column":8},"end":{"line":45,"column":36}},"22":{"start":{"line":46,"column":8},"end":{"line":46,"column":26}},"23":{"start":{"line":46,"column":20},"end":{"line":46,"column":25}},"24":{"start":{"line":47,"column":8},"end":{"line":47,"column":14}},"25":{"start":{"line":49,"column":8},"end":{"line":49,"column":32}},"26":{"start":{"line":49,"column":20},"end":{"line":49,"column":32}},"27":{"start":{"line":51,"column":8},"end":{"line":51,"column":51}},"28":{"start":{"line":52,"column":8},"end":{"line":52,"column":31}}},"branchMap":{"1":{"line":11,"type":"if","locations":[{"start":{"line":11,"column":8},"end":{"line":11,"column":8}},{"start":{"line":11,"column":8},"end":{"line":11,"column":8}}]},"2":{"line":46,"type":"if","locations":[{"start":{"line":46,"column":8},"end":{"line":46,"column":8}},{"start":{"line":46,"column":8},"end":{"line":46,"column":8}}]},"3":{"line":49,"type":"if","locations":[{"start":{"line":49,"column":8},"end":{"line":49,"column":8}},{"start":{"line":49,"column":8},"end":{"line":49,"column":8}}]},"4":{"line":51,"type":"if","locations":[{"start":{"line":51,"column":8},"end":{"line":51,"column":8}},{"start":{"line":51,"column":8},"end":{"line":51,"column":8}}]}}},"contracts\\libs\\SwapSettingsLib.sol":{"l":{"11":42,"12":42,"15":42,"17":42,"23":0,"29":0,"34":0},"path":"g:\\_projects\\intercoin\\TradedTokenContract\\src\\contracts\\libs\\SwapSettingsLib.sol","s":{"1":42,"2":42,"3":42,"4":0,"5":0,"6":0,"7":0,"8":0},"b":{"1":[42,0],"2":[0,0],"3":[0,0]},"f":{"1":42},"fnMap":{"1":{"name":"netWorkSettings","line":5,"loc":{"start":{"line":5,"column":4},"end":{"line":36,"column":4}}}},"statementMap":{"1":{"start":{"line":11,"column":8},"end":{"line":11,"column":23}},"2":{"start":{"line":15,"column":8},"end":{"line":15,"column":294}},"3":{"start":{"line":17,"column":12},"end":{"line":17,"column":494}},"4":{"start":{"line":21,"column":15},"end":{"line":21,"column":687}},"5":{"start":{"line":23,"column":12},"end":{"line":23,"column":757}},"6":{"start":{"line":27,"column":15},"end":{"line":27,"column":950}},"7":{"start":{"line":29,"column":12},"end":{"line":29,"column":1024}},"8":{"start":{"line":34,"column":12},"end":{"line":34,"column":38}}},"branchMap":{"1":{"line":15,"type":"if","locations":[{"start":{"line":15,"column":8},"end":{"line":15,"column":8}},{"start":{"line":15,"column":8},"end":{"line":15,"column":8}}]},"2":{"line":21,"type":"if","locations":[{"start":{"line":21,"column":15},"end":{"line":21,"column":15}},{"start":{"line":21,"column":15},"end":{"line":21,"column":15}}]},"3":{"line":27,"type":"if","locations":[{"start":{"line":27,"column":15},"end":{"line":27,"column":15}},{"start":{"line":27,"column":15},"end":{"line":27,"column":15}}]}}},"contracts\\Liquidity.sol":{"l":{"25":42,"26":42,"27":42,"30":42,"41":10,"42":10,"44":10,"67":10,"68":10,"71":10},"path":"g:\\_projects\\intercoin\\TradedTokenContract\\src\\contracts\\Liquidity.sol","s":{"1":42,"2":42,"3":42,"4":42,"5":10,"6":10,"7":10,"8":10,"9":10,"10":10},"b":{},"f":{"1":42,"2":10,"3":10,"4":10},"fnMap":{"1":{"name":"constructor","line":20,"loc":{"start":{"line":20,"column":4},"end":{"line":32,"column":4}}},"2":{"name":"addLiquidity","line":37,"loc":{"start":{"line":37,"column":4},"end":{"line":45,"column":4}}},"3":{"name":"tokensReceived","line":47,"loc":{"start":{"line":47,"column":4},"end":{"line":56,"column":4}}},"4":{"name":"_addLiquidity","line":61,"loc":{"start":{"line":61,"column":4},"end":{"line":81,"column":4}}}},"statementMap":{"1":{"start":{"line":25,"column":8},"end":{"line":25,"column":23}},"2":{"start":{"line":26,"column":8},"end":{"line":26,"column":23}},"3":{"start":{"line":27,"column":8},"end":{"line":27,"column":37}},"4":{"start":{"line":30,"column":8},"end":{"line":30,"column":112}},"5":{"start":{"line":41,"column":8},"end":{"line":41,"column":70}},"6":{"start":{"line":42,"column":8},"end":{"line":42,"column":70}},"7":{"start":{"line":44,"column":8},"end":{"line":44,"column":48}},"8":{"start":{"line":67,"column":8},"end":{"line":67,"column":67}},"9":{"start":{"line":68,"column":8},"end":{"line":68,"column":67}},"10":{"start":{"line":71,"column":9},"end":{"line":71,"column":2232}}},"branchMap":{}},"contracts\\Main.sol":{"l":{"127":43,"128":43,"130":43,"132":42,"133":42,"134":42,"135":42,"137":42,"138":42,"139":42,"140":42,"141":42,"144":42,"147":42,"148":42,"151":42,"152":42,"154":42,"155":42,"162":42,"166":42,"218":0,"219":0,"233":0,"234":0,"249":9,"250":9,"252":9,"253":9,"255":9,"280":3,"281":3,"297":1,"298":1,"312":4,"313":3,"315":2,"317":2,"319":2,"321":2,"334":9,"336":9,"337":9,"338":9,"340":9,"341":9,"342":9,"343":9,"344":9,"346":9,"348":9,"350":2,"352":2,"356":1,"358":1,"361":2,"363":1,"364":0,"367":1,"369":1,"376":1,"387":0,"391":2,"397":1,"399":1,"401":1,"412":9,"414":9,"415":9,"446":42,"454":25,"455":25,"456":25,"472":0,"473":0,"474":0,"476":0,"477":0,"479":0,"499":91,"512":16,"513":16,"515":9,"516":5,"518":4,"536":6,"537":6,"539":6,"541":6,"543":6,"566":15,"568":15,"573":15,"577":2,"596":1,"598":0,"600":1,"602":1,"603":1,"604":1,"607":1,"611":1,"624":6,"625":6,"626":6,"627":6,"629":6,"634":6,"639":0,"645":1,"646":1,"648":1,"650":1,"652":1,"654":1,"655":1,"657":1,"669":1,"671":1,"675":1,"677":1,"678":1,"690":1,"691":1,"694":1,"697":1,"713":13,"714":13,"715":13,"717":13,"719":6,"721":6,"722":6,"723":6,"734":6,"748":6,"759":21,"760":1,"764":20,"765":20,"766":20,"767":1,"768":1,"770":20,"771":1,"772":1,"774":20,"775":13,"776":13,"778":20,"779":13,"780":13,"782":20,"783":19,"784":19,"786":20,"787":19,"788":19,"790":20,"791":12,"795":20,"796":20,"797":20,"798":20,"799":20,"800":20,"801":20,"802":20,"803":20,"804":20},"path":"g:\\_projects\\intercoin\\TradedTokenContract\\src\\contracts\\Main.sol","s":{"1":43,"2":43,"3":43,"4":42,"5":42,"6":42,"7":42,"8":42,"9":42,"10":42,"11":42,"12":42,"13":42,"14":42,"15":42,"16":42,"17":42,"18":42,"19":42,"20":42,"21":42,"22":0,"23":0,"24":0,"25":0,"26":9,"27":9,"28":9,"29":9,"30":9,"31":3,"32":3,"33":1,"34":1,"35":4,"36":3,"37":2,"38":2,"39":2,"40":2,"41":9,"42":9,"43":9,"44":9,"45":9,"46":9,"47":9,"48":9,"49":9,"50":9,"51":9,"52":2,"53":2,"54":1,"55":1,"56":2,"57":1,"58":0,"59":1,"60":1,"61":1,"62":0,"63":2,"64":1,"65":1,"66":1,"67":9,"68":9,"69":9,"70":42,"71":25,"72":25,"73":25,"74":0,"75":0,"76":0,"77":0,"78":0,"79":0,"80":91,"81":16,"82":16,"83":9,"84":5,"85":4,"86":6,"87":6,"88":6,"89":6,"90":6,"91":15,"92":15,"93":15,"94":2,"95":1,"96":0,"97":1,"98":1,"99":1,"100":1,"101":1,"102":1,"103":6,"104":6,"105":6,"106":6,"107":6,"108":6,"109":0,"110":1,"111":1,"112":1,"113":1,"114":1,"115":1,"116":1,"117":1,"118":1,"119":1,"120":1,"121":1,"122":1,"123":1,"124":1,"125":1,"126":1,"127":13,"128":13,"129":13,"130":13,"131":6,"132":6,"133":6,"134":6,"135":6,"136":6,"137":21,"138":1,"139":20,"140":20,"141":20,"142":1,"143":1,"144":20,"145":1,"146":1,"147":20,"148":13,"149":13,"150":20,"151":13,"152":13,"153":20,"154":19,"155":19,"156":20,"157":19,"158":19,"159":20,"160":12,"161":20,"162":20,"163":20,"164":20,"165":20,"166":20,"167":20,"168":20,"169":20},"b":{"1":[42,1],"2":[42,0],"3":[0,0],"4":[0,0],"5":[9,0],"6":[3,1],"7":[2,1],"8":[1,1],"9":[1,1],"10":[0,1],"11":[0,1],"12":[1,1],"13":[9,0],"14":[17,25],"15":[25,0],"16":[0,0],"17":[9,7],"18":[5,4],"19":[6,0],"20":[6,0],"21":[2,13],"22":[0,1],"23":[1,0],"24":[6,0],"25":[1,0],"26":[1,0],"27":[1,20],"28":[1,19],"29":[1,19],"30":[13,7],"31":[13,7],"32":[19,1],"33":[19,1],"34":[12,8]},"f":{"1":43,"2":10,"3":10,"4":0,"5":0,"6":9,"7":3,"8":1,"9":4,"10":9,"11":9,"12":42,"13":0,"14":91,"15":16,"16":6,"17":15,"18":1,"19":6,"20":1,"21":1,"22":1,"23":13,"24":21},"fnMap":{"1":{"name":"constructor","line":124,"loc":{"start":{"line":112,"column":4},"end":{"line":167,"column":4}}},"2":{"name":"tokensReceived","line":175,"loc":{"start":{"line":175,"column":4},"end":{"line":186,"column":4}}},"3":{"name":"tokensToSend","line":191,"loc":{"start":{"line":191,"column":4},"end":{"line":202,"column":4}}},"4":{"name":"setBuyTax","line":215,"loc":{"start":{"line":212,"column":4},"end":{"line":220,"column":4}}},"5":{"name":"setSellTax","line":230,"loc":{"start":{"line":227,"column":4},"end":{"line":235,"column":4}}},"6":{"name":"addInitialLiquidity","line":247,"loc":{"start":{"line":242,"column":4},"end":{"line":267,"column":4}}},"7":{"name":"claim","line":278,"loc":{"start":{"line":274,"column":4},"end":{"line":282,"column":4}}},"8":{"name":"claim","line":295,"loc":{"start":{"line":290,"column":4},"end":{"line":299,"column":4}}},"9":{"name":"claimViaExternal","line":306,"loc":{"start":{"line":306,"column":4},"end":{"line":322,"column":4}}},"10":{"name":"addLiquidity","line":332,"loc":{"start":{"line":328,"column":4},"end":{"line":403,"column":4}}},"11":{"name":"singlePairSync","line":411,"loc":{"start":{"line":411,"column":4},"end":{"line":420,"column":4}}},"12":{"name":"_beforeTokenTransfer","line":423,"loc":{"start":{"line":423,"column":4},"end":{"line":458,"column":4}}},"13":{"name":"_send","line":460,"loc":{"start":{"line":460,"column":4},"end":{"line":493,"column":4}}},"14":{"name":"currentBlockTimestamp","line":498,"loc":{"start":{"line":498,"column":4},"end":{"line":500,"column":4}}},"15":{"name":"_uniswapReserves","line":505,"loc":{"start":{"line":505,"column":4},"end":{"line":521,"column":4}}},"16":{"name":"_validateClaim","line":529,"loc":{"start":{"line":529,"column":4},"end":{"line":555,"column":4}}},"17":{"name":"_claim","line":560,"loc":{"start":{"line":560,"column":4},"end":{"line":580,"column":4}}},"18":{"name":"doSwapOnUniswap","line":587,"loc":{"start":{"line":587,"column":4},"end":{"line":613,"column":4}}},"19":{"name":"tradedAveragePrice","line":618,"loc":{"start":{"line":618,"column":4},"end":{"line":642,"column":4}}},"20":{"name":"update","line":644,"loc":{"start":{"line":644,"column":4},"end":{"line":659,"column":4}}},"21":{"name":"_calculateSellTradedAndLiquidity","line":661,"loc":{"start":{"line":661,"column":4},"end":{"line":680,"column":4}}},"22":{"name":"_doSellTradedAndLiquidity","line":682,"loc":{"start":{"line":682,"column":4},"end":{"line":700,"column":4}}},"23":{"name":"_maxAddLiquidity","line":703,"loc":{"start":{"line":703,"column":4},"end":{"line":749,"column":4}}},"24":{"name":"sqrt","line":752,"loc":{"start":{"line":752,"column":4},"end":{"line":806,"column":4}}}},"statementMap":{"1":{"start":{"line":127,"column":8},"end":{"line":127,"column":29}},"2":{"start":{"line":128,"column":8},"end":{"line":128,"column":31}},"3":{"start":{"line":130,"column":8},"end":{"line":130,"column":67}},"4":{"start":{"line":132,"column":8},"end":{"line":132,"column":34}},"5":{"start":{"line":133,"column":8},"end":{"line":133,"column":35}},"6":{"start":{"line":134,"column":8},"end":{"line":134,"column":29}},"7":{"start":{"line":135,"column":8},"end":{"line":135,"column":51}},"8":{"start":{"line":137,"column":8},"end":{"line":137,"column":57}},"9":{"start":{"line":138,"column":8},"end":{"line":138,"column":61}},"10":{"start":{"line":139,"column":8},"end":{"line":139,"column":37}},"11":{"start":{"line":140,"column":8},"end":{"line":140,"column":83}},"12":{"start":{"line":141,"column":8},"end":{"line":141,"column":87}},"13":{"start":{"line":144,"column":8},"end":{"line":144,"column":80}},"14":{"start":{"line":147,"column":8},"end":{"line":147,"column":109}},"15":{"start":{"line":148,"column":8},"end":{"line":148,"column":112}},"16":{"start":{"line":151,"column":8},"end":{"line":151,"column":100}},"17":{"start":{"line":152,"column":8},"end":{"line":152,"column":64}},"18":{"start":{"line":154,"column":8},"end":{"line":154,"column":49}},"19":{"start":{"line":155,"column":8},"end":{"line":155,"column":62}},"20":{"start":{"line":162,"column":8},"end":{"line":162,"column":87}},"21":{"start":{"line":166,"column":8},"end":{"line":166,"column":82}},"22":{"start":{"line":218,"column":8},"end":{"line":218,"column":67}},"23":{"start":{"line":219,"column":8},"end":{"line":219,"column":24}},"24":{"start":{"line":233,"column":8},"end":{"line":233,"column":68}},"25":{"start":{"line":234,"column":8},"end":{"line":234,"column":25}},"26":{"start":{"line":249,"column":8},"end":{"line":249,"column":116}},"27":{"start":{"line":250,"column":8},"end":{"line":250,"column":47}},"28":{"start":{"line":252,"column":8},"end":{"line":252,"column":82}},"29":{"start":{"line":253,"column":8},"end":{"line":253,"column":84}},"30":{"start":{"line":255,"column":8},"end":{"line":255,"column":39}},"31":{"start":{"line":280,"column":8},"end":{"line":280,"column":40}},"32":{"start":{"line":281,"column":8},"end":{"line":281,"column":44}},"33":{"start":{"line":297,"column":8},"end":{"line":297,"column":40}},"34":{"start":{"line":298,"column":8},"end":{"line":298,"column":41}},"35":{"start":{"line":312,"column":8},"end":{"line":312,"column":71}},"36":{"start":{"line":313,"column":8},"end":{"line":313,"column":133}},"37":{"start":{"line":315,"column":8},"end":{"line":315,"column":87}},"38":{"start":{"line":317,"column":8},"end":{"line":317,"column":135}},"39":{"start":{"line":319,"column":8},"end":{"line":319,"column":40}},"40":{"start":{"line":321,"column":8},"end":{"line":321,"column":41}},"41":{"start":{"line":334,"column":8},"end":{"line":334,"column":23}},"42":{"start":{"line":336,"column":8},"end":{"line":336,"column":30}},"43":{"start":{"line":337,"column":8},"end":{"line":337,"column":30}},"44":{"start":{"line":338,"column":8},"end":{"line":338,"column":32}},"45":{"start":{"line":340,"column":8},"end":{"line":340,"column":23}},"46":{"start":{"line":341,"column":8},"end":{"line":341,"column":25}},"47":{"start":{"line":342,"column":8},"end":{"line":342,"column":27}},"48":{"start":{"line":343,"column":8},"end":{"line":343,"column":26}},"49":{"start":{"line":344,"column":8},"end":{"line":344,"column":28}},"50":{"start":{"line":346,"column":8},"end":{"line":346,"column":56}},"51":{"start":{"line":348,"column":8},"end":{"line":348,"column":78}},"52":{"start":{"line":350,"column":8},"end":{"line":350,"column":16}},"53":{"start":{"line":352,"column":8},"end":{"line":352,"column":11385}},"54":{"start":{"line":356,"column":12},"end":{"line":356,"column":22}},"55":{"start":{"line":358,"column":12},"end":{"line":358,"column":21}},"56":{"start":{"line":361,"column":8},"end":{"line":361,"column":11602}},"57":{"start":{"line":363,"column":12},"end":{"line":363,"column":11713}},"58":{"start":{"line":364,"column":16},"end":{"line":364,"column":66}},"59":{"start":{"line":367,"column":12},"end":{"line":367,"column":124}},"60":{"start":{"line":369,"column":12},"end":{"line":369,"column":11967}},"61":{"start":{"line":376,"column":12},"end":{"line":376,"column":12316}},"62":{"start":{"line":387,"column":16},"end":{"line":387,"column":25}},"63":{"start":{"line":391,"column":8},"end":{"line":391,"column":12814}},"64":{"start":{"line":397,"column":8},"end":{"line":397,"column":57}},"65":{"start":{"line":399,"column":8},"end":{"line":399,"column":64}},"66":{"start":{"line":401,"column":8},"end":{"line":401,"column":15}},"67":{"start":{"line":412,"column":8},"end":{"line":412,"column":13586}},"68":{"start":{"line":414,"column":12},"end":{"line":414,"column":39}},"69":{"start":{"line":415,"column":12},"end":{"line":415,"column":47}},"70":{"start":{"line":446,"column":8},"end":{"line":446,"column":15073}},"71":{"start":{"line":454,"column":12},"end":{"line":454,"column":45}},"72":{"start":{"line":455,"column":12},"end":{"line":455,"column":61}},"73":{"start":{"line":456,"column":12},"end":{"line":456,"column":69}},"74":{"start":{"line":472,"column":8},"end":{"line":472,"column":15899}},"75":{"start":{"line":473,"column":12},"end":{"line":473,"column":68}},"76":{"start":{"line":474,"column":12},"end":{"line":474,"column":51}},"77":{"start":{"line":476,"column":12},"end":{"line":476,"column":30}},"78":{"start":{"line":477,"column":12},"end":{"line":477,"column":41}},"79":{"start":{"line":479,"column":8},"end":{"line":479,"column":81}},"80":{"start":{"line":499,"column":8},"end":{"line":499,"column":48}},"81":{"start":{"line":512,"column":8},"end":{"line":512,"column":117}},"82":{"start":{"line":513,"column":8},"end":{"line":513,"column":65}},"83":{"start":{"line":515,"column":8},"end":{"line":515,"column":17687}},"84":{"start":{"line":516,"column":12},"end":{"line":516,"column":59}},"85":{"start":{"line":518,"column":12},"end":{"line":518,"column":59}},"86":{"start":{"line":536,"column":8},"end":{"line":536,"column":93}},"87":{"start":{"line":537,"column":8},"end":{"line":537,"column":99}},"88":{"start":{"line":539,"column":8},"end":{"line":539,"column":136}},"89":{"start":{"line":541,"column":8},"end":{"line":541,"column":60}},"90":{"start":{"line":543,"column":8},"end":{"line":543,"column":18687}},"91":{"start":{"line":566,"column":8},"end":{"line":566,"column":50}},"92":{"start":{"line":568,"column":8},"end":{"line":568,"column":48}},"93":{"start":{"line":573,"column":8},"end":{"line":573,"column":19538}},"94":{"start":{"line":577,"column":12},"end":{"line":577,"column":109}},"95":{"start":{"line":596,"column":8},"end":{"line":596,"column":20069}},"96":{"start":{"line":598,"column":12},"end":{"line":598,"column":31}},"97":{"start":{"line":600,"column":12},"end":{"line":600,"column":95}},"98":{"start":{"line":602,"column":12},"end":{"line":602,"column":52}},"99":{"start":{"line":603,"column":12},"end":{"line":603,"column":37}},"100":{"start":{"line":604,"column":12},"end":{"line":604,"column":38}},"101":{"start":{"line":607,"column":12},"end":{"line":607,"column":20546}},"102":{"start":{"line":611,"column":12},"end":{"line":611,"column":39}},"103":{"start":{"line":624,"column":8},"end":{"line":624,"column":55}},"104":{"start":{"line":625,"column":8},"end":{"line":625,"column":84}},"105":{"start":{"line":626,"column":8},"end":{"line":626,"column":75}},"106":{"start":{"line":627,"column":8},"end":{"line":627,"column":91}},"107":{"start":{"line":629,"column":8},"end":{"line":629,"column":21246}},"108":{"start":{"line":634,"column":12},"end":{"line":634,"column":21670}},"109":{"start":{"line":639,"column":12},"end":{"line":639,"column":48}},"110":{"start":{"line":645,"column":8},"end":{"line":645,"column":55}},"111":{"start":{"line":646,"column":8},"end":{"line":646,"column":75}},"112":{"start":{"line":648,"column":8},"end":{"line":648,"column":91}},"113":{"start":{"line":650,"column":8},"end":{"line":650,"column":22201}},"114":{"start":{"line":652,"column":12},"end":{"line":652,"column":91}},"115":{"start":{"line":654,"column":12},"end":{"line":654,"column":167}},"116":{"start":{"line":655,"column":12},"end":{"line":655,"column":66}},"117":{"start":{"line":657,"column":12},"end":{"line":657,"column":57}},"118":{"start":{"line":669,"column":8},"end":{"line":669,"column":73}},"119":{"start":{"line":671,"column":8},"end":{"line":671,"column":23018}},"120":{"start":{"line":675,"column":8},"end":{"line":675,"column":82}},"121":{"start":{"line":677,"column":8},"end":{"line":677,"column":101}},"122":{"start":{"line":678,"column":8},"end":{"line":678,"column":53}},"123":{"start":{"line":690,"column":8},"end":{"line":690,"column":48}},"124":{"start":{"line":691,"column":8},"end":{"line":691,"column":90}},"125":{"start":{"line":694,"column":8},"end":{"line":694,"column":60}},"126":{"start":{"line":697,"column":8},"end":{"line":697,"column":39}},"127":{"start":{"line":713,"column":8},"end":{"line":713,"column":24}},"128":{"start":{"line":714,"column":8},"end":{"line":714,"column":24}},"129":{"start":{"line":715,"column":8},"end":{"line":715,"column":33}},"130":{"start":{"line":717,"column":8},"end":{"line":717,"column":68}},"131":{"start":{"line":719,"column":8},"end":{"line":719,"column":75}},"132":{"start":{"line":721,"column":8},"end":{"line":721,"column":83}},"133":{"start":{"line":722,"column":8},"end":{"line":722,"column":83}},"134":{"start":{"line":723,"column":8},"end":{"line":723,"column":24705}},"135":{"start":{"line":734,"column":8},"end":{"line":734,"column":25133}},"136":{"start":{"line":748,"column":8},"end":{"line":748,"column":59}},"137":{"start":{"line":759,"column":8},"end":{"line":759,"column":25634}},"138":{"start":{"line":760,"column":12},"end":{"line":760,"column":20}},"139":{"start":{"line":764,"column":8},"end":{"line":764,"column":33}},"140":{"start":{"line":765,"column":8},"end":{"line":765,"column":17}},"141":{"start":{"line":766,"column":8},"end":{"line":766,"column":25857}},"142":{"start":{"line":767,"column":12},"end":{"line":767,"column":23}},"143":{"start":{"line":768,"column":12},"end":{"line":768,"column":24}},"144":{"start":{"line":770,"column":8},"end":{"line":770,"column":25979}},"145":{"start":{"line":771,"column":12},"end":{"line":771,"column":22}},"146":{"start":{"line":772,"column":12},"end":{"line":772,"column":24}},"147":{"start":{"line":774,"column":8},"end":{"line":774,"column":26084}},"148":{"start":{"line":775,"column":12},"end":{"line":775,"column":22}},"149":{"start":{"line":776,"column":12},"end":{"line":776,"column":24}},"150":{"start":{"line":778,"column":8},"end":{"line":778,"column":26181}},"151":{"start":{"line":779,"column":12},"end":{"line":779,"column":22}},"152":{"start":{"line":780,"column":12},"end":{"line":780,"column":23}},"153":{"start":{"line":782,"column":8},"end":{"line":782,"column":26273}},"154":{"start":{"line":783,"column":12},"end":{"line":783,"column":21}},"155":{"start":{"line":784,"column":12},"end":{"line":784,"column":23}},"156":{"start":{"line":786,"column":8},"end":{"line":786,"column":26362}},"157":{"start":{"line":787,"column":12},"end":{"line":787,"column":21}},"158":{"start":{"line":788,"column":12},"end":{"line":788,"column":23}},"159":{"start":{"line":790,"column":8},"end":{"line":790,"column":26450}},"160":{"start":{"line":791,"column":12},"end":{"line":791,"column":23}},"161":{"start":{"line":796,"column":12},"end":{"line":796,"column":46}},"162":{"start":{"line":797,"column":12},"end":{"line":797,"column":46}},"163":{"start":{"line":798,"column":12},"end":{"line":798,"column":46}},"164":{"start":{"line":799,"column":12},"end":{"line":799,"column":46}},"165":{"start":{"line":800,"column":12},"end":{"line":800,"column":46}},"166":{"start":{"line":801,"column":12},"end":{"line":801,"column":46}},"167":{"start":{"line":802,"column":12},"end":{"line":802,"column":46}},"168":{"start":{"line":803,"column":12},"end":{"line":803,"column":50}},"169":{"start":{"line":804,"column":12},"end":{"line":804,"column":75}}},"branchMap":{"1":{"line":130,"type":"if","locations":[{"start":{"line":130,"column":8},"end":{"line":130,"column":8}},{"start":{"line":130,"column":8},"end":{"line":130,"column":8}}]},"2":{"line":152,"type":"if","locations":[{"start":{"line":152,"column":8},"end":{"line":152,"column":8}},{"start":{"line":152,"column":8},"end":{"line":152,"column":8}}]},"3":{"line":218,"type":"if","locations":[{"start":{"line":218,"column":8},"end":{"line":218,"column":8}},{"start":{"line":218,"column":8},"end":{"line":218,"column":8}}]},"4":{"line":233,"type":"if","locations":[{"start":{"line":233,"column":8},"end":{"line":233,"column":8}},{"start":{"line":233,"column":8},"end":{"line":233,"column":8}}]},"5":{"line":249,"type":"if","locations":[{"start":{"line":249,"column":8},"end":{"line":249,"column":8}},{"start":{"line":249,"column":8},"end":{"line":249,"column":8}}]},"6":{"line":312,"type":"if","locations":[{"start":{"line":312,"column":8},"end":{"line":312,"column":8}},{"start":{"line":312,"column":8},"end":{"line":312,"column":8}}]},"7":{"line":313,"type":"if","locations":[{"start":{"line":313,"column":8},"end":{"line":313,"column":8}},{"start":{"line":313,"column":8},"end":{"line":313,"column":8}}]},"8":{"line":352,"type":"if","locations":[{"start":{"line":352,"column":8},"end":{"line":352,"column":8}},{"start":{"line":352,"column":8},"end":{"line":352,"column":8}}]},"9":{"line":361,"type":"if","locations":[{"start":{"line":361,"column":8},"end":{"line":361,"column":8}},{"start":{"line":361,"column":8},"end":{"line":361,"column":8}}]},"10":{"line":363,"type":"if","locations":[{"start":{"line":363,"column":12},"end":{"line":363,"column":12}},{"start":{"line":363,"column":12},"end":{"line":363,"column":12}}]},"11":{"line":376,"type":"if","locations":[{"start":{"line":376,"column":12},"end":{"line":376,"column":12}},{"start":{"line":376,"column":12},"end":{"line":376,"column":12}}]},"12":{"line":391,"type":"if","locations":[{"start":{"line":391,"column":8},"end":{"line":391,"column":8}},{"start":{"line":391,"column":8},"end":{"line":391,"column":8}}]},"13":{"line":412,"type":"if","locations":[{"start":{"line":412,"column":8},"end":{"line":412,"column":8}},{"start":{"line":412,"column":8},"end":{"line":412,"column":8}}]},"14":{"line":446,"type":"if","locations":[{"start":{"line":446,"column":8},"end":{"line":446,"column":8}},{"start":{"line":446,"column":8},"end":{"line":446,"column":8}}]},"15":{"line":456,"type":"if","locations":[{"start":{"line":456,"column":12},"end":{"line":456,"column":12}},{"start":{"line":456,"column":12},"end":{"line":456,"column":12}}]},"16":{"line":472,"type":"if","locations":[{"start":{"line":472,"column":8},"end":{"line":472,"column":8}},{"start":{"line":472,"column":8},"end":{"line":472,"column":8}}]},"17":{"line":513,"type":"if","locations":[{"start":{"line":513,"column":8},"end":{"line":513,"column":8}},{"start":{"line":513,"column":8},"end":{"line":513,"column":8}}]},"18":{"line":515,"type":"if","locations":[{"start":{"line":515,"column":8},"end":{"line":515,"column":8}},{"start":{"line":515,"column":8},"end":{"line":515,"column":8}}]},"19":{"line":541,"type":"if","locations":[{"start":{"line":541,"column":8},"end":{"line":541,"column":8}},{"start":{"line":541,"column":8},"end":{"line":541,"column":8}}]},"20":{"line":543,"type":"if","locations":[{"start":{"line":543,"column":8},"end":{"line":543,"column":8}},{"start":{"line":543,"column":8},"end":{"line":543,"column":8}}]},"21":{"line":573,"type":"if","locations":[{"start":{"line":573,"column":8},"end":{"line":573,"column":8}},{"start":{"line":573,"column":8},"end":{"line":573,"column":8}}]},"22":{"line":596,"type":"if","locations":[{"start":{"line":596,"column":8},"end":{"line":596,"column":8}},{"start":{"line":596,"column":8},"end":{"line":596,"column":8}}]},"23":{"line":600,"type":"if","locations":[{"start":{"line":600,"column":12},"end":{"line":600,"column":12}},{"start":{"line":600,"column":12},"end":{"line":600,"column":12}}]},"24":{"line":629,"type":"if","locations":[{"start":{"line":629,"column":8},"end":{"line":629,"column":8}},{"start":{"line":629,"column":8},"end":{"line":629,"column":8}}]},"25":{"line":650,"type":"if","locations":[{"start":{"line":650,"column":8},"end":{"line":650,"column":8}},{"start":{"line":650,"column":8},"end":{"line":650,"column":8}}]},"26":{"line":675,"type":"if","locations":[{"start":{"line":675,"column":8},"end":{"line":675,"column":8}},{"start":{"line":675,"column":8},"end":{"line":675,"column":8}}]},"27":{"line":759,"type":"if","locations":[{"start":{"line":759,"column":8},"end":{"line":759,"column":8}},{"start":{"line":759,"column":8},"end":{"line":759,"column":8}}]},"28":{"line":766,"type":"if","locations":[{"start":{"line":766,"column":8},"end":{"line":766,"column":8}},{"start":{"line":766,"column":8},"end":{"line":766,"column":8}}]},"29":{"line":770,"type":"if","locations":[{"start":{"line":770,"column":8},"end":{"line":770,"column":8}},{"start":{"line":770,"column":8},"end":{"line":770,"column":8}}]},"30":{"line":774,"type":"if","locations":[{"start":{"line":774,"column":8},"end":{"line":774,"column":8}},{"start":{"line":774,"column":8},"end":{"line":774,"column":8}}]},"31":{"line":778,"type":"if","locations":[{"start":{"line":778,"column":8},"end":{"line":778,"column":8}},{"start":{"line":778,"column":8},"end":{"line":778,"column":8}}]},"32":{"line":782,"type":"if","locations":[{"start":{"line":782,"column":8},"end":{"line":782,"column":8}},{"start":{"line":782,"column":8},"end":{"line":782,"column":8}}]},"33":{"line":786,"type":"if","locations":[{"start":{"line":786,"column":8},"end":{"line":786,"column":8}},{"start":{"line":786,"column":8},"end":{"line":786,"column":8}}]},"34":{"line":790,"type":"if","locations":[{"start":{"line":790,"column":8},"end":{"line":790,"column":8}},{"start":{"line":790,"column":8},"end":{"line":790,"column":8}}]}}},"contracts\\minimums\\common\\MinimumsBase.sol":{"l":{"59":0,"61":0,"63":0,"87":0,"88":0,"89":0,"91":0,"93":0,"95":0,"110":0,"123":0,"124":0,"135":0,"151":0,"152":0,"153":0,"154":0,"156":0,"157":0,"159":0,"185":0,"186":0,"187":0,"188":0,"189":0,"190":0,"194":0,"195":0,"200":0,"223":0,"224":0,"226":0,"233":0,"252":0,"254":0,"256":0,"258":0,"259":0,"260":0,"265":0,"266":0,"268":0,"275":0,"279":0,"280":0,"303":0,"304":0,"307":0,"308":0,"309":0,"310":0,"312":0,"314":0,"315":0,"317":0,"319":0,"322":0,"323":0,"324":0,"326":0,"327":0,"331":0,"340":0,"341":0,"344":0,"345":0,"352":0,"355":0,"356":0,"357":0,"360":0,"361":0,"364":0,"376":0,"377":0,"379":0,"380":0,"409":0,"414":0,"415":0,"419":0,"420":0,"421":0,"422":0,"423":0,"424":0,"425":0,"426":0,"427":0,"428":0,"429":0,"432":0,"433":0,"434":0,"435":0},"path":"g:\\_projects\\intercoin\\TradedTokenContract\\src\\contracts\\minimums\\common\\MinimumsBase.sol","s":{"1":0,"2":0,"3":0,"4":0,"5":0,"6":0,"7":0,"8":0,"9":0,"10":0,"11":0,"12":0,"13":0,"14":0,"15":0,"16":0,"17":0,"18":0,"19":0,"20":0,"21":0,"22":0,"23":0,"24":0,"25":0,"26":0,"27":0,"28":0,"29":0,"30":0,"31":0,"32":0,"33":0,"34":0,"35":0,"36":0,"37":0,"38":0,"39":0,"40":0,"41":0,"42":0,"43":0,"44":0,"45":0,"46":0,"47":0,"48":0,"49":0,"50":0,"51":0,"52":0,"53":0,"54":0,"55":0,"56":0,"57":0,"58":0,"59":0,"60":0,"61":0,"62":0,"63":0,"64":0,"65":0,"66":0,"67":0,"68":0,"69":0,"70":0,"71":0,"72":0,"73":0,"74":0,"75":0,"76":0,"77":0,"78":0,"79":0,"80":0,"81":0,"82":0,"83":0,"84":0,"85":0,"86":0,"87":0,"88":0,"89":0,"90":0},"b":{"1":[0,0],"2":[0,0],"3":[0,0],"4":[0,0],"5":[0,0],"6":[0,0],"7":[0,0],"8":[0,0],"9":[0,0],"10":[0,0],"11":[0,0],"12":[0,0],"13":[0,0],"14":[0,0],"15":[0,0],"16":[0,0],"17":[0,0],"18":[0,0],"19":[0,0],"20":[0,0],"21":[0,0],"22":[0,0],"23":[0,0]},"f":{"1":0,"2":0,"3":0,"4":0,"5":0,"6":0,"7":0,"8":0,"9":0,"10":0,"11":0,"12":0,"13":0},"fnMap":{"1":{"name":"constructor","line":54,"loc":{"start":{"line":54,"column":4},"end":{"line":66,"column":4}}},"2":{"name":"_minimumsAdd","line":76,"loc":{"start":{"line":76,"column":4},"end":{"line":97,"column":4}}},"3":{"name":"_minimumsClear","line":104,"loc":{"start":{"line":104,"column":4},"end":{"line":111,"column":4}}},"4":{"name":"_automaticLockupAdd","line":117,"loc":{"start":{"line":117,"column":4},"end":{"line":125,"column":4}}},"5":{"name":"_automaticLockupRemove","line":130,"loc":{"start":{"line":130,"column":4},"end":{"line":136,"column":4}}},"6":{"name":"_getMinimum","line":143,"loc":{"start":{"line":143,"column":4},"end":{"line":170,"column":4}}},"7":{"name":"_minimumsClear","line":178,"loc":{"start":{"line":178,"column":4},"end":{"line":201,"column":4}}},"8":{"name":"_minimumsAddLow","line":214,"loc":{"start":{"line":214,"column":4},"end":{"line":235,"column":4}}},"9":{"name":"_reduceMinimum","line":243,"loc":{"start":{"line":243,"column":4},"end":{"line":286,"column":4}}},"10":{"name":"minimumsTransfer","line":294,"loc":{"start":{"line":294,"column":4},"end":{"line":402,"column":4}}},"11":{"name":"getIndexInterval","line":408,"loc":{"start":{"line":408,"column":4},"end":{"line":410,"column":4}}},"12":{"name":"sortAsc","line":413,"loc":{"start":{"line":413,"column":4},"end":{"line":416,"column":4}}},"13":{"name":"quickSortAsc","line":418,"loc":{"start":{"line":418,"column":4},"end":{"line":436,"column":4}}}},"statementMap":{"1":{"start":{"line":59,"column":8},"end":{"line":59,"column":1276}},"2":{"start":{"line":61,"column":12},"end":{"line":61,"column":27}},"3":{"start":{"line":63,"column":12},"end":{"line":63,"column":31}},"4":{"start":{"line":87,"column":8},"end":{"line":87,"column":66}},"5":{"start":{"line":88,"column":8},"end":{"line":88,"column":74}},"6":{"start":{"line":89,"column":8},"end":{"line":89,"column":95}},"7":{"start":{"line":91,"column":8},"end":{"line":91,"column":34}},"8":{"start":{"line":93,"column":8},"end":{"line":93,"column":75}},"9":{"start":{"line":95,"column":8},"end":{"line":95,"column":19}},"10":{"start":{"line":110,"column":8},"end":{"line":110,"column":41}},"11":{"start":{"line":123,"column":8},"end":{"line":123,"column":56}},"12":{"start":{"line":124,"column":8},"end":{"line":124,"column":39}},"13":{"start":{"line":135,"column":8},"end":{"line":135,"column":40}},"14":{"start":{"line":151,"column":8},"end":{"line":151,"column":24}},"15":{"start":{"line":152,"column":8},"end":{"line":152,"column":19}},"16":{"start":{"line":153,"column":8},"end":{"line":153,"column":3689}},"17":{"start":{"line":154,"column":12},"end":{"line":154,"column":55}},"18":{"start":{"line":156,"column":12},"end":{"line":156,"column":3841}},"19":{"start":{"line":157,"column":16},"end":{"line":157,"column":101}},"20":{"start":{"line":159,"column":16},"end":{"line":159,"column":4118}},"21":{"start":{"line":185,"column":8},"end":{"line":185,"column":28}},"22":{"start":{"line":186,"column":8},"end":{"line":186,"column":58}},"23":{"start":{"line":187,"column":8},"end":{"line":187,"column":5030}},"24":{"start":{"line":188,"column":12},"end":{"line":188,"column":5061}},"25":{"start":{"line":189,"column":16},"end":{"line":189,"column":61}},"26":{"start":{"line":190,"column":16},"end":{"line":190,"column":5177}},"27":{"start":{"line":195,"column":20},"end":{"line":195,"column":63}},"28":{"start":{"line":200,"column":8},"end":{"line":200,"column":19}},"29":{"start":{"line":223,"column":8},"end":{"line":223,"column":52}},"30":{"start":{"line":224,"column":8},"end":{"line":224,"column":6164}},"31":{"start":{"line":226,"column":12},"end":{"line":226,"column":6230}},"32":{"start":{"line":233,"column":12},"end":{"line":233,"column":127}},"33":{"start":{"line":252,"column":8},"end":{"line":252,"column":7098}},"34":{"start":{"line":254,"column":12},"end":{"line":254,"column":7193}},"35":{"start":{"line":256,"column":16},"end":{"line":256,"column":140}},"36":{"start":{"line":258,"column":16},"end":{"line":258,"column":121}},"37":{"start":{"line":259,"column":16},"end":{"line":259,"column":7536}},"38":{"start":{"line":260,"column":20},"end":{"line":260,"column":76}},"39":{"start":{"line":265,"column":16},"end":{"line":265,"column":7882}},"40":{"start":{"line":266,"column":20},"end":{"line":266,"column":134}},"41":{"start":{"line":268,"column":20},"end":{"line":268,"column":75}},"42":{"start":{"line":275,"column":12},"end":{"line":275,"column":8403}},"43":{"start":{"line":280,"column":16},"end":{"line":280,"column":63}},"44":{"start":{"line":303,"column":8},"end":{"line":303,"column":58}},"45":{"start":{"line":304,"column":8},"end":{"line":304,"column":34}},"46":{"start":{"line":307,"column":8},"end":{"line":307,"column":9182}},"47":{"start":{"line":308,"column":12},"end":{"line":308,"column":41}},"48":{"start":{"line":309,"column":12},"end":{"line":309,"column":9257}},"49":{"start":{"line":310,"column":16},"end":{"line":310,"column":63}},"50":{"start":{"line":312,"column":12},"end":{"line":312,"column":41}},"51":{"start":{"line":314,"column":12},"end":{"line":314,"column":26}},"52":{"start":{"line":315,"column":12},"end":{"line":315,"column":28}},"53":{"start":{"line":317,"column":12},"end":{"line":317,"column":9505}},"54":{"start":{"line":319,"column":16},"end":{"line":319,"column":9574}},"55":{"start":{"line":322,"column":20},"end":{"line":322,"column":9703}},"56":{"start":{"line":323,"column":24},"end":{"line":323,"column":84}},"57":{"start":{"line":324,"column":24},"end":{"line":324,"column":45}},"58":{"start":{"line":326,"column":24},"end":{"line":326,"column":37}},"59":{"start":{"line":327,"column":24},"end":{"line":327,"column":32}},"60":{"start":{"line":331,"column":20},"end":{"line":331,"column":10116}},"61":{"start":{"line":340,"column":20},"end":{"line":340,"column":10455}},"62":{"start":{"line":341,"column":24},"end":{"line":341,"column":88}},"63":{"start":{"line":344,"column":20},"end":{"line":344,"column":10635}},"64":{"start":{"line":352,"column":20},"end":{"line":352,"column":118}},"65":{"start":{"line":355,"column":20},"end":{"line":355,"column":11055}},"66":{"start":{"line":356,"column":24},"end":{"line":356,"column":40}},"67":{"start":{"line":357,"column":24},"end":{"line":357,"column":47}},"68":{"start":{"line":360,"column":24},"end":{"line":360,"column":37}},"69":{"start":{"line":361,"column":24},"end":{"line":361,"column":32}},"70":{"start":{"line":364,"column":20},"end":{"line":364,"column":11362}},"71":{"start":{"line":376,"column":20},"end":{"line":376,"column":11882}},"72":{"start":{"line":377,"column":24},"end":{"line":377,"column":87}},"73":{"start":{"line":379,"column":20},"end":{"line":379,"column":12040}},"74":{"start":{"line":409,"column":8},"end":{"line":409,"column":39}},"75":{"start":{"line":414,"column":7},"end":{"line":414,"column":54}},"76":{"start":{"line":415,"column":7},"end":{"line":415,"column":18}},"77":{"start":{"line":419,"column":8},"end":{"line":419,"column":20}},"78":{"start":{"line":420,"column":8},"end":{"line":420,"column":21}},"79":{"start":{"line":421,"column":8},"end":{"line":421,"column":23}},"80":{"start":{"line":421,"column":17},"end":{"line":421,"column":23}},"81":{"start":{"line":422,"column":8},"end":{"line":422,"column":57}},"82":{"start":{"line":423,"column":8},"end":{"line":423,"column":13303}},"83":{"start":{"line":424,"column":12},"end":{"line":424,"column":44}},"84":{"start":{"line":425,"column":12},"end":{"line":425,"column":44}},"85":{"start":{"line":426,"column":12},"end":{"line":426,"column":13428}},"86":{"start":{"line":427,"column":16},"end":{"line":427,"column":74}},"87":{"start":{"line":432,"column":8},"end":{"line":432,"column":13619}},"88":{"start":{"line":433,"column":12},"end":{"line":433,"column":37}},"89":{"start":{"line":434,"column":8},"end":{"line":434,"column":13682}},"90":{"start":{"line":435,"column":12},"end":{"line":435,"column":38}}},"branchMap":{"1":{"line":59,"type":"if","locations":[{"start":{"line":59,"column":8},"end":{"line":59,"column":8}},{"start":{"line":59,"column":8},"end":{"line":59,"column":8}}]},"2":{"line":89,"type":"if","locations":[{"start":{"line":89,"column":8},"end":{"line":89,"column":8}},{"start":{"line":89,"column":8},"end":{"line":89,"column":8}}]},"3":{"line":156,"type":"if","locations":[{"start":{"line":156,"column":12},"end":{"line":156,"column":12}},{"start":{"line":156,"column":12},"end":{"line":156,"column":12}}]},"4":{"line":187,"type":"if","locations":[{"start":{"line":187,"column":8},"end":{"line":187,"column":8}},{"start":{"line":187,"column":8},"end":{"line":187,"column":8}}]},"5":{"line":190,"type":"if","locations":[{"start":{"line":190,"column":16},"end":{"line":190,"column":16}},{"start":{"line":190,"column":16},"end":{"line":190,"column":16}}]},"6":{"line":224,"type":"if","locations":[{"start":{"line":224,"column":8},"end":{"line":224,"column":8}},{"start":{"line":224,"column":8},"end":{"line":224,"column":8}}]},"7":{"line":252,"type":"if","locations":[{"start":{"line":252,"column":8},"end":{"line":252,"column":8}},{"start":{"line":252,"column":8},"end":{"line":252,"column":8}}]},"8":{"line":254,"type":"if","locations":[{"start":{"line":254,"column":12},"end":{"line":254,"column":12}},{"start":{"line":254,"column":12},"end":{"line":254,"column":12}}]},"9":{"line":259,"type":"if","locations":[{"start":{"line":259,"column":16},"end":{"line":259,"column":16}},{"start":{"line":259,"column":16},"end":{"line":259,"column":16}}]},"10":{"line":265,"type":"if","locations":[{"start":{"line":265,"column":16},"end":{"line":265,"column":16}},{"start":{"line":265,"column":16},"end":{"line":265,"column":16}}]},"11":{"line":275,"type":"if","locations":[{"start":{"line":275,"column":12},"end":{"line":275,"column":12}},{"start":{"line":275,"column":12},"end":{"line":275,"column":12}}]},"12":{"line":307,"type":"if","locations":[{"start":{"line":307,"column":8},"end":{"line":307,"column":8}},{"start":{"line":307,"column":8},"end":{"line":307,"column":8}}]},"13":{"line":319,"type":"if","locations":[{"start":{"line":319,"column":16},"end":{"line":319,"column":16}},{"start":{"line":319,"column":16},"end":{"line":319,"column":16}}]},"14":{"line":322,"type":"if","locations":[{"start":{"line":322,"column":20},"end":{"line":322,"column":20}},{"start":{"line":322,"column":20},"end":{"line":322,"column":20}}]},"15":{"line":340,"type":"if","locations":[{"start":{"line":340,"column":20},"end":{"line":340,"column":20}},{"start":{"line":340,"column":20},"end":{"line":340,"column":20}}]},"16":{"line":344,"type":"if","locations":[{"start":{"line":344,"column":20},"end":{"line":344,"column":20}},{"start":{"line":344,"column":20},"end":{"line":344,"column":20}}]},"17":{"line":355,"type":"if","locations":[{"start":{"line":355,"column":20},"end":{"line":355,"column":20}},{"start":{"line":355,"column":20},"end":{"line":355,"column":20}}]},"18":{"line":376,"type":"if","locations":[{"start":{"line":376,"column":20},"end":{"line":376,"column":20}},{"start":{"line":376,"column":20},"end":{"line":376,"column":20}}]},"19":{"line":379,"type":"if","locations":[{"start":{"line":379,"column":20},"end":{"line":379,"column":20}},{"start":{"line":379,"column":20},"end":{"line":379,"column":20}}]},"20":{"line":421,"type":"if","locations":[{"start":{"line":421,"column":8},"end":{"line":421,"column":8}},{"start":{"line":421,"column":8},"end":{"line":421,"column":8}}]},"21":{"line":426,"type":"if","locations":[{"start":{"line":426,"column":12},"end":{"line":426,"column":12}},{"start":{"line":426,"column":12},"end":{"line":426,"column":12}}]},"22":{"line":432,"type":"if","locations":[{"start":{"line":432,"column":8},"end":{"line":432,"column":8}},{"start":{"line":432,"column":8},"end":{"line":432,"column":8}}]},"23":{"line":434,"type":"if","locations":[{"start":{"line":434,"column":8},"end":{"line":434,"column":8}},{"start":{"line":434,"column":8},"end":{"line":434,"column":8}}]}}},"contracts\\minimums\\libs\\MinimumsLib.sol":{"l":{"54":2,"55":2,"56":2,"58":2,"60":2,"62":2,"78":0,"92":0,"93":0,"104":0,"119":25,"120":25,"121":25,"122":0,"124":0,"125":0,"127":0,"148":0,"149":0,"150":0,"152":0,"155":0,"156":0,"158":0,"159":0,"160":0,"161":0,"162":0,"173":0,"189":2,"190":2,"191":2,"192":0,"193":0,"194":0,"198":0,"199":0,"204":2,"227":2,"228":2,"230":2,"237":0,"256":0,"258":0,"260":0,"262":0,"263":0,"264":0,"269":0,"270":0,"272":0,"279":0,"283":0,"284":0,"308":0,"309":0,"312":0,"313":0,"314":0,"315":0,"317":0,"319":0,"320":0,"322":0,"324":0,"327":0,"328":0,"329":0,"331":0,"332":0,"336":0,"346":0,"347":0,"350":0,"351":0,"358":0,"361":0,"362":0,"363":0,"366":0,"367":0,"370":0,"383":0,"384":0,"386":0,"387":0,"416":2,"421":0,"422":0,"426":0,"427":0,"428":0,"429":0,"430":0,"431":0,"432":0,"433":0,"434":0,"435":0,"436":0,"439":0,"440":0,"441":0,"442":0},"path":"g:\\_projects\\intercoin\\TradedTokenContract\\src\\contracts\\minimums\\libs\\MinimumsLib.sol","s":{"1":2,"2":2,"3":2,"4":2,"5":2,"6":2,"7":0,"8":0,"9":0,"10":0,"11":25,"12":25,"13":25,"14":0,"15":0,"16":0,"17":0,"18":0,"19":0,"20":0,"21":0,"22":0,"23":0,"24":0,"25":0,"26":0,"27":0,"28":0,"29":0,"30":2,"31":2,"32":2,"33":0,"34":0,"35":0,"36":0,"37":2,"38":2,"39":2,"40":2,"41":0,"42":0,"43":0,"44":0,"45":0,"46":0,"47":0,"48":0,"49":0,"50":0,"51":0,"52":0,"53":0,"54":0,"55":0,"56":0,"57":0,"58":0,"59":0,"60":0,"61":0,"62":0,"63":0,"64":0,"65":0,"66":0,"67":0,"68":0,"69":0,"70":0,"71":0,"72":0,"73":0,"74":0,"75":0,"76":0,"77":0,"78":0,"79":0,"80":0,"81":0,"82":0,"83":2,"84":0,"85":0,"86":0,"87":0,"88":0,"89":0,"90":0,"91":0,"92":0,"93":0,"94":0,"95":0,"96":0,"97":0,"98":0,"99":0},"b":{"1":[2,0],"2":[0,0],"3":[0,0],"4":[0,2],"5":[0,0],"6":[2,0],"7":[0,0],"8":[0,0],"9":[0,0],"10":[0,0],"11":[0,0],"12":[0,0],"13":[0,0],"14":[0,0],"15":[0,0],"16":[0,0],"17":[0,0],"18":[0,0],"19":[0,0],"20":[0,0],"21":[0,0],"22":[0,0],"23":[0,0]},"f":{"1":2,"2":0,"3":0,"4":0,"5":25,"6":0,"7":2,"8":2,"9":0,"10":0,"11":2,"12":0,"13":0},"fnMap":{"1":{"name":"_minimumsAdd","line":42,"loc":{"start":{"line":42,"column":4},"end":{"line":64,"column":4}}},"2":{"name":"_minimumsClear","line":71,"loc":{"start":{"line":71,"column":4},"end":{"line":79,"column":4}}},"3":{"name":"_automaticLockupAdd","line":85,"loc":{"start":{"line":85,"column":4},"end":{"line":94,"column":4}}},"4":{"name":"_automaticLockupRemove","line":99,"loc":{"start":{"line":99,"column":4},"end":{"line":105,"column":4}}},"5":{"name":"_getMinimum","line":111,"loc":{"start":{"line":111,"column":4},"end":{"line":138,"column":4}}},"6":{"name":"_getMinimumList","line":140,"loc":{"start":{"line":140,"column":4},"end":{"line":174,"column":4}}},"7":{"name":"_minimumsClear","line":181,"loc":{"start":{"line":181,"column":4},"end":{"line":205,"column":4}}},"8":{"name":"_minimumsAddLow","line":218,"loc":{"start":{"line":218,"column":4},"end":{"line":239,"column":4}}},"9":{"name":"_reduceMinimum","line":247,"loc":{"start":{"line":247,"column":4},"end":{"line":290,"column":4}}},"10":{"name":"minimumsTransfer","line":297,"loc":{"start":{"line":297,"column":4},"end":{"line":409,"column":4}}},"11":{"name":"getIndexInterval","line":415,"loc":{"start":{"line":415,"column":4},"end":{"line":417,"column":4}}},"12":{"name":"sortAsc","line":420,"loc":{"start":{"line":420,"column":4},"end":{"line":423,"column":4}}},"13":{"name":"quickSortAsc","line":425,"loc":{"start":{"line":425,"column":4},"end":{"line":443,"column":4}}}},"statementMap":{"1":{"start":{"line":54,"column":8},"end":{"line":54,"column":76}},"2":{"start":{"line":55,"column":8},"end":{"line":55,"column":74}},"3":{"start":{"line":56,"column":8},"end":{"line":56,"column":66}},"4":{"start":{"line":58,"column":8},"end":{"line":58,"column":51}},"5":{"start":{"line":60,"column":8},"end":{"line":60,"column":82}},"6":{"start":{"line":62,"column":8},"end":{"line":62,"column":19}},"7":{"start":{"line":78,"column":8},"end":{"line":78,"column":58}},"8":{"start":{"line":92,"column":8},"end":{"line":92,"column":56}},"9":{"start":{"line":93,"column":8},"end":{"line":93,"column":39}},"10":{"start":{"line":104,"column":8},"end":{"line":104,"column":40}},"11":{"start":{"line":119,"column":8},"end":{"line":119,"column":24}},"12":{"start":{"line":120,"column":8},"end":{"line":120,"column":19}},"13":{"start":{"line":121,"column":8},"end":{"line":121,"column":3256}},"14":{"start":{"line":122,"column":12},"end":{"line":122,"column":55}},"15":{"start":{"line":124,"column":12},"end":{"line":124,"column":3408}},"16":{"start":{"line":125,"column":16},"end":{"line":125,"column":101}},"17":{"start":{"line":127,"column":16},"end":{"line":127,"column":3685}},"18":{"start":{"line":148,"column":8},"end":{"line":148,"column":24}},"19":{"start":{"line":149,"column":8},"end":{"line":149,"column":19}},"20":{"start":{"line":150,"column":8},"end":{"line":150,"column":58}},"21":{"start":{"line":152,"column":8},"end":{"line":152,"column":53}},"22":{"start":{"line":155,"column":8},"end":{"line":155,"column":4501}},"23":{"start":{"line":156,"column":12},"end":{"line":156,"column":55}},"24":{"start":{"line":158,"column":12},"end":{"line":158,"column":4620}},"25":{"start":{"line":159,"column":16},"end":{"line":159,"column":101}},"26":{"start":{"line":160,"column":16},"end":{"line":160,"column":40}},"27":{"start":{"line":161,"column":16},"end":{"line":161,"column":35}},"28":{"start":{"line":162,"column":16},"end":{"line":162,"column":4951}},"29":{"start":{"line":173,"column":8},"end":{"line":173,"column":18}},"30":{"start":{"line":189,"column":8},"end":{"line":189,"column":28}},"31":{"start":{"line":190,"column":8},"end":{"line":190,"column":58}},"32":{"start":{"line":191,"column":8},"end":{"line":191,"column":5796}},"33":{"start":{"line":192,"column":12},"end":{"line":192,"column":5827}},"34":{"start":{"line":193,"column":16},"end":{"line":193,"column":61}},"35":{"start":{"line":194,"column":16},"end":{"line":194,"column":5943}},"36":{"start":{"line":199,"column":20},"end":{"line":199,"column":63}},"37":{"start":{"line":204,"column":8},"end":{"line":204,"column":19}},"38":{"start":{"line":227,"column":8},"end":{"line":227,"column":52}},"39":{"start":{"line":228,"column":8},"end":{"line":228,"column":6962}},"40":{"start":{"line":230,"column":12},"end":{"line":230,"column":7028}},"41":{"start":{"line":237,"column":12},"end":{"line":237,"column":127}},"42":{"start":{"line":256,"column":8},"end":{"line":256,"column":7925}},"43":{"start":{"line":258,"column":12},"end":{"line":258,"column":8020}},"44":{"start":{"line":260,"column":16},"end":{"line":260,"column":140}},"45":{"start":{"line":262,"column":16},"end":{"line":262,"column":121}},"46":{"start":{"line":263,"column":16},"end":{"line":263,"column":8363}},"47":{"start":{"line":264,"column":20},"end":{"line":264,"column":76}},"48":{"start":{"line":269,"column":16},"end":{"line":269,"column":8709}},"49":{"start":{"line":270,"column":20},"end":{"line":270,"column":134}},"50":{"start":{"line":272,"column":20},"end":{"line":272,"column":75}},"51":{"start":{"line":279,"column":12},"end":{"line":279,"column":9230}},"52":{"start":{"line":284,"column":16},"end":{"line":284,"column":63}},"53":{"start":{"line":308,"column":8},"end":{"line":308,"column":62}},"54":{"start":{"line":309,"column":8},"end":{"line":309,"column":34}},"55":{"start":{"line":312,"column":8},"end":{"line":312,"column":10052}},"56":{"start":{"line":313,"column":12},"end":{"line":313,"column":41}},"57":{"start":{"line":314,"column":12},"end":{"line":314,"column":10127}},"58":{"start":{"line":315,"column":16},"end":{"line":315,"column":67}},"59":{"start":{"line":317,"column":12},"end":{"line":317,"column":41}},"60":{"start":{"line":319,"column":12},"end":{"line":319,"column":26}},"61":{"start":{"line":320,"column":12},"end":{"line":320,"column":28}},"62":{"start":{"line":322,"column":12},"end":{"line":322,"column":10379}},"63":{"start":{"line":324,"column":16},"end":{"line":324,"column":10448}},"64":{"start":{"line":327,"column":20},"end":{"line":327,"column":10577}},"65":{"start":{"line":328,"column":24},"end":{"line":328,"column":88}},"66":{"start":{"line":329,"column":24},"end":{"line":329,"column":45}},"67":{"start":{"line":331,"column":24},"end":{"line":331,"column":37}},"68":{"start":{"line":332,"column":24},"end":{"line":332,"column":32}},"69":{"start":{"line":336,"column":20},"end":{"line":336,"column":10998}},"70":{"start":{"line":346,"column":20},"end":{"line":346,"column":11396}},"71":{"start":{"line":347,"column":24},"end":{"line":347,"column":99}},"72":{"start":{"line":350,"column":20},"end":{"line":350,"column":11593}},"73":{"start":{"line":358,"column":20},"end":{"line":358,"column":122}},"74":{"start":{"line":361,"column":20},"end":{"line":361,"column":12017}},"75":{"start":{"line":362,"column":24},"end":{"line":362,"column":40}},"76":{"start":{"line":363,"column":24},"end":{"line":363,"column":47}},"77":{"start":{"line":366,"column":24},"end":{"line":366,"column":37}},"78":{"start":{"line":367,"column":24},"end":{"line":367,"column":32}},"79":{"start":{"line":370,"column":20},"end":{"line":370,"column":12324}},"80":{"start":{"line":383,"column":20},"end":{"line":383,"column":12903}},"81":{"start":{"line":384,"column":24},"end":{"line":384,"column":98}},"82":{"start":{"line":386,"column":20},"end":{"line":386,"column":13078}},"83":{"start":{"line":416,"column":8},"end":{"line":416,"column":39}},"84":{"start":{"line":421,"column":7},"end":{"line":421,"column":54}},"85":{"start":{"line":422,"column":7},"end":{"line":422,"column":18}},"86":{"start":{"line":426,"column":8},"end":{"line":426,"column":20}},"87":{"start":{"line":427,"column":8},"end":{"line":427,"column":21}},"88":
[...]
},"end":{"line":23,"column":4}}},"2":{"name":"_validate","line":25,"loc":{"start":{"line":25,"column":4},"end":{"line":35,"column":4}}}},"statementMap":{"1":{"start":{"line":22,"column":8},"end":{"line":22,"column":43}},"2":{"start":{"line":27,"column":8},"end":{"line":27,"column":817}},"3":{"start":{"line":28,"column":12},"end":{"line":28,"column":102}},"4":{"start":{"line":30,"column":12},"end":{"line":30,"column":56}},"5":{"start":{"line":31,"column":12},"end":{"line":31,"column":46}}},"branchMap":{"1":{"line":27,"type":"if","locations":[{"start":{"line":27,"column":8},"end":{"line":27,"column":8}},{"start":{"line":27,"column":8},"end":{"line":27,"column":8}}]}}},"contracts\\mocks\\ChainRuleMock2.sol":{"l":{"22":0,"27":0,"28":0,"30":0,"31":0},"path":"g:\\_projects\\intercoin\\TradedTokenContract\\src\\contracts\\mocks\\ChainRuleMock2.sol","s":{"1":0,"2":0,"3":0,"4":0,"5":0},"b":{"1":[0,0]},"f":{"1":0,"2":0},"fnMap":{"1":{"name":"doValidate","line":13,"loc":{"start":{"line":13,"column":4},"end":{"line":23,"column":4}}},"2":{"name":"_validate","line":25,"loc":{"start":{"line":25,"column":4},"end":{"line":35,"column":4}}}},"statementMap":{"1":{"start":{"line":22,"column":8},"end":{"line":22,"column":43}},"2":{"start":{"line":27,"column":8},"end":{"line":27,"column":817}},"3":{"start":{"line":28,"column":12},"end":{"line":28,"column":102}},"4":{"start":{"line":30,"column":12},"end":{"line":30,"column":56}},"5":{"start":{"line":31,"column":12},"end":{"line":31,"column":46}}},"branchMap":{"1":{"line":27,"type":"if","locations":[{"start":{"line":27,"column":8},"end":{"line":27,"column":8}},{"start":{"line":27,"column":8},"end":{"line":27,"column":8}}]}}},"contracts\\mocks\\ChainRuleMock3.sol":{"l":{"22":0,"27":0,"28":0,"30":0,"31":0},"path":"g:\\_projects\\intercoin\\TradedTokenContract\\src\\contracts\\mocks\\ChainRuleMock3.sol","s":{"1":0,"2":0,"3":0,"4":0,"5":0},"b":{"1":[0,0]},"f":{"1":0,"2":0},"fnMap":{"1":{"name":"doValidate","line":13,"loc":{"start":{"line":13,"column":4},"end":{"line":23,"column":4}}},"2":{"name":"_validate","line":25,"loc":{"start":{"line":25,"column":4},"end":{"line":35,"column":4}}}},"statementMap":{"1":{"start":{"line":22,"column":8},"end":{"line":22,"column":43}},"2":{"start":{"line":27,"column":8},"end":{"line":27,"column":817}},"3":{"start":{"line":28,"column":12},"end":{"line":28,"column":102}},"4":{"start":{"line":30,"column":12},"end":{"line":30,"column":56}},"5":{"start":{"line":31,"column":12},"end":{"line":31,"column":46}}},"branchMap":{"1":{"line":27,"type":"if","locations":[{"start":{"line":27,"column":8},"end":{"line":27,"column":8}},{"start":{"line":27,"column":8},"end":{"line":27,"column":8}}]}}},"contracts\\mocks\\ERC20Mintable.sol":{"l":{"27":13},"path":"g:\\_projects\\intercoin\\TradedTokenContract\\src\\contracts\\mocks\\ERC20Mintable.sol","s":{"1":13},"b":{},"f":{"1":81,"2":13},"fnMap":{"1":{"name":"constructor","line":16,"loc":{"start":{"line":13,"column":4},"end":{"line":19,"column":4}}},"2":{"name":"mint","line":26,"loc":{"start":{"line":26,"column":4},"end":{"line":28,"column":4}}}},"statementMap":{"1":{"start":{"line":27,"column":8},"end":{"line":27,"column":29}}},"branchMap":{}},"contracts\\mocks\\ITRMock.sol":{"l":{"19":0,"20":0,"21":0,"22":0,"23":0,"38":0,"39":0,"40":0,"41":0,"42":0,"46":0,"49":0,"57":0},"path":"g:\\_projects\\intercoin\\TradedTokenContract\\src\\contracts\\mocks\\ITRMock.sol","s":{"1":0,"2":0,"3":0,"4":0,"5":0,"6":0,"7":0,"8":0,"9":0,"10":0,"11":0,"12":0,"13":0},"b":{},"f":{"1":0,"2":0,"3":0,"4":0,"5":0},"fnMap":{"1":{"name":"setClaimData","line":9,"loc":{"start":{"line":9,"column":4},"end":{"line":24,"column":4}}},"2":{"name":"getClaimData","line":26,"loc":{"start":{"line":26,"column":4},"end":{"line":43,"column":4}}},"3":{"name":"getCurrentClaimedAmount","line":45,"loc":{"start":{"line":45,"column":4},"end":{"line":47,"column":4}}},"4":{"name":"setCurrentClaimedAmount","line":48,"loc":{"start":{"line":48,"column":4},"end":{"line":50,"column":4}}},"5":{"name":"setMaxTotalSupply","line":56,"loc":{"start":{"line":56,"column":4},"end":{"line":58,"column":4}}}},"statementMap":{"1":{"start":{"line":19,"column":8},"end":{"line":19,"column":25}},"2":{"start":{"line":20,"column":8},"end":{"line":20,"column":32}},"3":{"start":{"line":21,"column":8},"end":{"line":21,"column":32}},"4":{"start":{"line":22,"column":8},"end":{"line":22,"column":32}},"5":{"start":{"line":23,"column":8},"end":{"line":23,"column":28}},"6":{"start":{"line":38,"column":8},"end":{"line":38,"column":25}},"7":{"start":{"line":39,"column":8},"end":{"line":39,"column":32}},"8":{"start":{"line":40,"column":8},"end":{"line":40,"column":32}},"9":{"start":{"line":41,"column":8},"end":{"line":41,"column":32}},"10":{"start":{"line":42,"column":8},"end":{"line":42,"column":28}},"11":{"start":{"line":46,"column":8},"end":{"line":46,"column":33}},"12":{"start":{"line":49,"column":8},"end":{"line":49,"column":33}},"13":{"start":{"line":57,"column":8},"end":{"line":57,"column":30}}},"branchMap":{}},"contracts\\mocks\\MainMock.sol":{"l":{"32":2,"39":6,"49":4,"58":0,"67":0,"81":2,"82":2,"83":2,"85":2,"86":2,"88":2},"path":"g:\\_projects\\intercoin\\TradedTokenContract\\src\\contracts\\mocks\\MainMock.sol","s":{"1":2,"2":6,"3":4,"4":0,"5":0,"6":2,"7":2,"8":2,"9":2,"10":2,"11":2},"b":{},"f":{"1":42,"2":2,"3":6,"4":4,"5":0,"6":0,"7":2},"fnMap":{"1":{"name":"constructor","line":21,"loc":{"start":{"line":10,"column":4},"end":{"line":23,"column":4}}},"2":{"name":"getSqrt","line":25,"loc":{"start":{"line":25,"column":4},"end":{"line":33,"column":4}}},"3":{"name":"forceSync","line":35,"loc":{"start":{"line":35,"column":4},"end":{"line":40,"column":4}}},"4":{"name":"maxAddLiquidity","line":42,"loc":{"start":{"line":42,"column":4},"end":{"line":50,"column":4}}},"5":{"name":"getTradedAveragePrice","line":52,"loc":{"start":{"line":52,"column":4},"end":{"line":59,"column":4}}},"6":{"name":"uniswapReservesSimple","line":61,"loc":{"start":{"line":61,"column":4},"end":{"line":68,"column":4}}},"7":{"name":"totalInfo","line":70,"loc":{"start":{"line":70,"column":4},"end":{"line":90,"column":4}}}},"statementMap":{"1":{"start":{"line":32,"column":8},"end":{"line":32,"column":22}},"2":{"start":{"line":39,"column":8},"end":{"line":39,"column":43}},"3":{"start":{"line":49,"column":8},"end":{"line":49,"column":33}},"4":{"start":{"line":58,"column":8},"end":{"line":58,"column":35}},"5":{"start":{"line":67,"column":8},"end":{"line":67,"column":33}},"6":{"start":{"line":81,"column":8},"end":{"line":81,"column":52}},"7":{"start":{"line":82,"column":8},"end":{"line":82,"column":78}},"8":{"start":{"line":83,"column":8},"end":{"line":83,"column":78}},"9":{"start":{"line":85,"column":8},"end":{"line":85,"column":52}},"10":{"start":{"line":86,"column":8},"end":{"line":86,"column":66}},"11":{"start":{"line":88,"column":8},"end":{"line":88,"column":55}}},"branchMap":{}},"contracts\\mocks\\src20\\MockRuleSettings.sol":{"l":{"11":0},"path":"g:\\_projects\\intercoin\\TradedTokenContract\\src\\contracts\\mocks\\src20\\MockRuleSettings.sol","s":{"1":0},"b":{},"f":{"1":0},"fnMap":{"1":{"name":"setRevertState","line":10,"loc":{"start":{"line":10,"column":4},"end":{"line":12,"column":4}}}},"statementMap":{"1":{"start":{"line":11,"column":8},"end":{"line":11,"column":23}}},"branchMap":{}},"contracts\\mocks\\src20\\MockSRC20.sol":{"l":{"22":0,"24":0,"25":0,"28":0,"29":0,"34":0,"35":0,"36":0,"39":0,"45":0,"46":0,"48":0,"51":0,"54":0,"56":0,"57":0,"61":0,"64":0,"68":0},"path":"g:\\_projects\\intercoin\\TradedTokenContract\\src\\contracts\\mocks\\src20\\MockSRC20.sol","s":{"1":0,"2":0,"3":0,"4":0,"5":0,"6":0,"7":0,"8":0,"9":0,"10":0,"11":0,"12":0,"13":0,"14":0,"15":0,"16":0,"17":0,"18":0,"19":0},"b":{"1":[0,0],"2":[0,0],"3":[0,0],"4":[0,0],"5":[0,0]},"f":{"1":0,"2":0,"3":0,"4":0,"5":0,"6":0,"7":0},"fnMap":{"1":{"name":"_updateRestrictionsAndRules","line":19,"loc":{"start":{"line":19,"column":4},"end":{"line":30,"column":4}}},"2":{"name":"executeTransfer","line":32,"loc":{"start":{"line":32,"column":4},"end":{"line":37,"column":4}}},"3":{"name":"updateRestrictionsAndRules","line":38,"loc":{"start":{"line":38,"column":4},"end":{"line":40,"column":4}}},"4":{"name":"transfer","line":42,"loc":{"start":{"line":42,"column":4},"end":{"line":52,"column":4}}},"5":{"name":"_transfer","line":53,"loc":{"start":{"line":53,"column":4},"end":{"line":62,"column":4}}},"6":{"name":"mint","line":63,"loc":{"start":{"line":63,"column":4},"end":{"line":66,"column":4}}},"7":{"name":"balanceOf","line":67,"loc":{"start":{"line":67,"column":4},"end":{"line":69,"column":4}}}},"statementMap":{"1":{"start":{"line":22,"column":8},"end":{"line":22,"column":37}},"2":{"start":{"line":24,"column":8},"end":{"line":24,"column":772}},"3":{"start":{"line":25,"column":12},"end":{"line":25,"column":96}},"4":{"start":{"line":28,"column":8},"end":{"line":28,"column":61}},"5":{"start":{"line":29,"column":8},"end":{"line":29,"column":19}},"6":{"start":{"line":34,"column":8},"end":{"line":34,"column":52}},"7":{"start":{"line":35,"column":8},"end":{"line":35,"column":33}},"8":{"start":{"line":36,"column":8},"end":{"line":36,"column":19}},"9":{"start":{"line":39,"column":8},"end":{"line":39,"column":63}},"10":{"start":{"line":45,"column":8},"end":{"line":45,"column":1609}},"11":{"start":{"line":46,"column":12},"end":{"line":46,"column":79}},"12":{"start":{"line":48,"column":12},"end":{"line":48,"column":43}},"13":{"start":{"line":51,"column":8},"end":{"line":51,"column":19}},"14":{"start":{"line":54,"column":8},"end":{"line":54,"column":61}},"15":{"start":{"line":56,"column":8},"end":{"line":56,"column":51}},"16":{"start":{"line":57,"column":8},"end":{"line":57,"column":47}},"17":{"start":{"line":61,"column":8},"end":{"line":61,"column":38}},"18":{"start":{"line":64,"column":8},"end":{"line":64,"column":47}},"19":{"start":{"line":68,"column":8},"end":{"line":68,"column":28}}},"branchMap":{"1":{"line":24,"type":"if","locations":[{"start":{"line":24,"column":8},"end":{"line":24,"column":8}},{"start":{"line":24,"column":8},"end":{"line":24,"column":8}}]},"2":{"line":25,"type":"if","locations":[{"start":{"line":25,"column":12},"end":{"line":25,"column":12}},{"start":{"line":25,"column":12},"end":{"line":25,"column":12}}]},"3":{"line":45,"type":"if","locations":[{"start":{"line":45,"column":8},"end":{"line":45,"column":8}},{"start":{"line":45,"column":8},"end":{"line":45,"column":8}}]},"4":{"line":46,"type":"if","locations":[{"start":{"line":46,"column":12},"end":{"line":46,"column":12}},{"start":{"line":46,"column":12},"end":{"line":46,"column":12}}]},"5":{"line":54,"type":"if","locations":[{"start":{"line":54,"column":8},"end":{"line":54,"column":8}},{"start":{"line":54,"column":8},"end":{"line":54,"column":8}}]}}},"contracts\\restrictions\\ChainRule.sol":{"l":{"17":0,"25":0},"path":"g:\\_projects\\intercoin\\TradedTokenContract\\src\\contracts\\restrictions\\ChainRule.sol","s":{"1":0,"2":0},"b":{},"f":{"1":0,"2":0},"fnMap":{"1":{"name":"doValidate","line":8,"loc":{"start":{"line":8,"column":4},"end":{"line":18,"column":4}}},"2":{"name":"_validate","line":20,"loc":{"start":{"line":20,"column":4},"end":{"line":26,"column":4}}}},"statementMap":{"1":{"start":{"line":17,"column":8},"end":{"line":17,"column":43}},"2":{"start":{"line":25,"column":8},"end":{"line":25,"column":42}}},"branchMap":{}},"contracts\\restrictions\\ChainRuleBase.sol":{"l":{"11":0,"15":0,"36":0,"37":0,"38":0,"44":0,"48":0},"path":"g:\\_projects\\intercoin\\TradedTokenContract\\src\\contracts\\restrictions\\ChainRuleBase.sol","s":{"1":0,"2":0,"3":0,"4":0,"5":0,"6":0,"7":0},"b":{"1":[0,0]},"f":{"1":0,"2":0,"3":0,"4":0,"5":0},"fnMap":{"1":{"name":"clearChain","line":10,"loc":{"start":{"line":10,"column":4},"end":{"line":12,"column":4}}},"2":{"name":"setChain","line":14,"loc":{"start":{"line":14,"column":4},"end":{"line":16,"column":4}}},"3":{"name":"_doValidate","line":22,"loc":{"start":{"line":22,"column":4},"end":{"line":41,"column":4}}},"4":{"name":"isChainExists","line":43,"loc":{"start":{"line":43,"column":4},"end":{"line":45,"column":4}}},"5":{"name":"_setChain","line":47,"loc":{"start":{"line":47,"column":4},"end":{"line":49,"column":4}}}},"statementMap":{"1":{"start":{"line":11,"column":8},"end":{"line":11,"column":28}},"2":{"start":{"line":15,"column":8},"end":{"line":15,"column":27}},"3":{"start":{"line":36,"column":8},"end":{"line":36,"column":72}},"4":{"start":{"line":37,"column":8},"end":{"line":37,"column":1008}},"5":{"start":{"line":38,"column":12},"end":{"line":38,"column":106}},"6":{"start":{"line":44,"column":8},"end":{"line":44,"column":60}},"7":{"start":{"line":48,"column":8},"end":{"line":48,"column":33}}},"branchMap":{"1":{"line":37,"type":"if","locations":[{"start":{"line":37,"column":8},"end":{"line":37,"column":8}},{"start":{"line":37,"column":8},"end":{"line":37,"column":8}}]}}},"contracts\\restrictions\\TransferRule.sol":{"l":{"37":0,"38":0,"55":0,"56":0,"57":0,"62":0,"63":0,"69":0,"73":0,"77":0,"79":0,"80":0,"81":0,"83":0,"92":0,"93":0,"94":0,"110":0,"111":0,"112":0,"113":0,"114":0,"115":0,"126":0,"127":0,"129":0,"133":0,"137":0,"140":0,"144":0,"149":0,"156":0,"158":0,"163":0,"165":0,"166":0,"167":0,"168":0,"170":0,"171":0,"175":0,"180":0,"181":0},"path":"g:\\_projects\\intercoin\\TradedTokenContract\\src\\contracts\\restrictions\\TransferRule.sol","s":{"1":0,"2":0,"3":0,"4":0,"5":0,"6":0,"7":0,"8":0,"9":0,"10":0,"11":0,"12":0,"13":0,"14":0,"15":0,"16":0,"17":0,"18":0,"19":0,"20":0,"21":0,"22":0,"23":0,"24":0,"25":0,"26":0,"27":0,"28":0,"29":0,"30":0,"31":0,"32":0,"33":0,"34":0,"35":0,"36":0,"37":0,"38":0,"39":0,"40":0,"41":0,"42":0,"43":0},"b":{"1":[0,0],"2":[0,0],"3":[0,0],"4":[0,0],"5":[0,0],"6":[0,0],"7":[0,0],"8":[0,0],"9":[0,0],"10":[0,0],"11":[0,0],"12":[0,0]},"f":{"1":0,"2":0,"3":0,"4":0,"5":0,"6":0,"7":0,"8":0,"9":0,"10":0},"fnMap":{"1":{"name":"onlyDoTransferCaller","line":36,"loc":{"start":{"line":36,"column":4},"end":{"line":39,"column":4}}},"2":{"name":"constructor","line":49,"loc":{"start":{"line":49,"column":4},"end":{"line":59,"column":4}}},"3":{"name":"cleanSRC","line":61,"loc":{"start":{"line":61,"column":4},"end":{"line":65,"column":4}}},"4":{"name":"addExchangeAddress","line":68,"loc":{"start":{"line":68,"column":4},"end":{"line":70,"column":4}}},"5":{"name":"removeExchangeAddress","line":72,"loc":{"start":{"line":72,"column":4},"end":{"line":74,"column":4}}},"6":{"name":"viewExchangeAddresses","line":76,"loc":{"start":{"line":76,"column":4},"end":{"line":85,"column":4}}},"7":{"name":"addRestrictions","line":91,"loc":{"start":{"line":87,"column":1},"end":{"line":99,"column":5}}},"8":{"name":"setSRC","line":109,"loc":{"start":{"line":109,"column":4},"end":{"line":116,"column":4}}},"9":{"name":"doTransfer","line":125,"loc":{"start":{"line":125,"column":4},"end":{"line":150,"column":4}}},"10":{"name":"_validate","line":154,"loc":{"start":{"line":154,"column":4},"end":{"line":185,"column":4}}}},"statementMap":{"1":{"start":{"line":37,"column":8},"end":{"line":37,"column":56}},"2":{"start":{"line":55,"column":8},"end":{"line":55,"column":33}},"3":{"start":{"line":56,"column":8},"end":{"line":56,"column":39}},"4":{"start":{"line":57,"column":8},"end":{"line":57,"column":39}},"5":{"start":{"line":62,"column":8},"end":{"line":62,"column":26}},"6":{"start":{"line":63,"column":8},"end":{"line":63,"column":37}},"7":{"start":{"line":69,"column":8},"end":{"line":69,"column":42}},"8":{"start":{"line":73,"column":8},"end":{"line":73,"column":45}},"9":{"start":{"line":77,"column":8},"end":{"line":77,"column":56}},"10":{"start":{"line":79,"column":8},"end":{"line":79,"column":49}},"11":{"start":{"line":80,"column":8},"end":{"line":80,"column":2354}},"12":{"start":{"line":81,"column":12},"end":{"line":81,"column":51}},"13":{"start":{"line":83,"column":8},"end":{"line":83,"column":18}},"14":{"start":{"line":92,"column":9},"end":{"line":92,"column":35}},"15":{"start":{"line":93,"column":9},"end":{"line":93,"column":2708}},"16":{"start":{"line":94,"column":13},"end":{"line":94,"column":2753}},"17":{"start":{"line":110,"column":8},"end":{"line":110,"column":80}},"18":{"start":{"line":111,"column":8},"end":{"line":111,"column":78}},"19":{"start":{"line":112,"column":8},"end":{"line":112,"column":60}},"20":{"start":{"line":113,"column":8},"end":{"line":113,"column":39}},"21":{"start":{"line":114,"column":8},"end":{"line":114,"column":21}},"22":{"start":{"line":115,"column":8},"end":{"line":115,"column":19}},"23":{"start":{"line":126,"column":8},"end":{"line":126,"column":20}},"24":{"start":{"line":127,"column":8},"end":{"line":127,"column":28}},"25":{"start":{"line":129,"column":8},"end":{"line":129,"column":72}},"26":{"start":{"line":133,"column":8},"end":{"line":133,"column":89}},"27":{"start":{"line":137,"column":8},"end":{"line":137,"column":88}},"28":{"start":{"line":140,"column":8},"end":{"line":140,"column":4505}},"29":{"start":{"line":144,"column":12},"end":{"line":144,"column":41}},"30":{"start":{"line":149,"column":8},"end":{"line":149,"column":19}},"31":{"start":{"line":156,"column":8},"end":{"line":156,"column":76}},"32":{"start":{"line":158,"column":8},"end":{"line":158,"column":5172}},"33":{"start":{"line":163,"column":8},"end":{"line":163,"column":60}},"34":{"start":{"line":165,"column":8},"end":{"line":165,"column":5502}},"35":{"start":{"line":166,"column":12},"end":{"line":166,"column":5572}},"36":{"start":{"line":167,"column":16},"end":{"line":167,"column":31}},"37":{"start":{"line":168,"column":16},"end":{"line":168,"column":113}},"38":{"start":{"line":169,"column":19},"end":{"line":169,"column":5767}},"39":{"start":{"line":170,"column":16},"end":{"line":170,"column":31}},"40":{"start":{"line":171,"column":16},"end":{"line":171,"column":127}},"41":{"start":{"line":175,"column":8},"end":{"line":175,"column":6034}},"42":{"start":{"line":180,"column":12},"end":{"line":180,"column":80}},"43":{"start":{"line":181,"column":12},"end":{"line":181,"column":106}}},"branchMap":{"1":{"line":37,"type":"if","locations":[{"start":{"line":37,"column":8},"end":{"line":37,"column":8}},{"start":{"line":37,"column":8},"end":{"line":37,"column":8}}]},"2":{"line":110,"type":"if","locations":[{"start":{"line":110,"column":8},"end":{"line":110,"column":8}},{"start":{"line":110,"column":8},"end":{"line":110,"column":8}}]},"3":{"line":111,"type":"if","locations":[{"start":{"line":111,"column":8},"end":{"line":111,"column":8}},{"start":{"line":111,"column":8},"end":{"line":111,"column":8}}]},"4":{"line":112,"type":"if","locations":[{"start":{"line":112,"column":8},"end":{"line":112,"column":8}},{"start":{"line":112,"column":8},"end":{"line":112,"column":8}}]},"5":{"line":133,"type":"if","locations":[{"start":{"line":133,"column":8},"end":{"line":133,"column":8}},{"start":{"line":133,"column":8},"end":{"line":133,"column":8}}]},"6":{"line":137,"type":"if","locations":[{"start":{"line":137,"column":8},"end":{"line":137,"column":8}},{"start":{"line":137,"column":8},"end":{"line":137,"column":8}}]},"7":{"line":140,"type":"if","locations":[{"start":{"line":140,"column":8},"end":{"line":140,"column":8}},{"start":{"line":140,"column":8},"end":{"line":140,"column":8}}]},"8":{"line":158,"type":"if","locations":[{"start":{"line":158,"column":8},"end":{"line":158,"column":8}},{"start":{"line":158,"column":8},"end":{"line":158,"column":8}}]},"9":{"line":165,"type":"if","locations":[{"start":{"line":165,"column":8},"end":{"line":165,"column":8}},{"start":{"line":165,"column":8},"end":{"line":165,"column":8}}]},"10":{"line":166,"type":"if","locations":[{"start":{"line":166,"column":12},"end":{"line":166,"column":12}},{"start":{"line":166,"column":12},"end":{"line":166,"column":12}}]},"11":{"line":169,"type":"if","locations":[{"start":{"line":169,"column":19},"end":{"line":169,"column":19}},{"start":{"line":169,"column":19},"end":{"line":169,"column":19}}]},"12":{"line":175,"type":"if","locations":[{"start":{"line":175,"column":8},"end":{"line":175,"column":8}},{"start":{"line":175,"column":8},"end":{"line":175,"column":8}}]}}}}