{
"contracts\\interfaces\\IChain.sol":{"l":{},"path":"g:\\_projects\\intercoin\\TradedTokenContract\\src\\contracts\\interfaces\\IChain.sol","s":{},"b":{},"f":{},"fnMap":{},"statementMap":{},"branchMap":{}},
"contracts\\interfaces\\IITR.sol":{"l":{},"path":"g:\\_projects\\intercoin\\TradedTokenContract\\src\\contracts\\interfaces\\IITR.sol","s":{},"b":{},"f":{},"fnMap":{},"statementMap":{},"branchMap":{}},
"contracts\\interfaces\\ISRC20.sol":{"l":{},"path":"g:\\_projects\\intercoin\\TradedTokenContract\\src\\contracts\\interfaces\\ISRC20.sol","s":{},"b":{},"f":{},"fnMap":{},"statementMap":{},"branchMap":{}},
"contracts\\interfaces\\ITransferRules.sol":{"l":{},"path":"g:\\_projects\\intercoin\\TradedTokenContract\\src\\contracts\\interfaces\\ITransferRules.sol","s":{},"b":{},"f":{},"fnMap":{},"statementMap":{},"branchMap":{}},
"contracts\\ITR.sol":{"l":{"37":0,"55":0,"58":0,"63":0,"68":0,"73":0,"78":0,"79":0,"81":0,"83":0,"86":0,"90":0,"93":0,"94":0,"96":0,"97":0,"100":0,"105":0,"107":0,"108":0,"113":0},"path":"g:\\_projects\\intercoin\\TradedTokenContract\\src\\contracts\\ITR.sol","s":{"1":0,"2":0,"3":0,"4":0,"5":0,"6":0,"7":0,"8":0,"9":0,"10":0,"11":0,"12":0,"13":0,"14":0,"15":0,"16":0,"17":0,"18":0,"19":0,"20":0,"21":0},"b":{"1":[0,0],"2":[0,0],"3":[0,0],"4":[0,0],"5":[0,0]},"f":{"1":0,"2":0,"3":0,"4":0,"5":0,"6":0,"7":0},"fnMap":{"1":{"name":"constructor","line":36,"loc":{"start":{"line":36,"column":4},"end":{"line":45,"column":4}}},"2":{"name":"init","line":47,"loc":{"start":{"line":47,"column":1},"end":{"line":59,"column":1}}},"3":{"name":"getMaxTotalSupply","line":62,"loc":{"start":{"line":62,"column":4},"end":{"line":64,"column":4}}},"4":{"name":"totalRemaining","line":67,"loc":{"start":{"line":67,"column":4},"end":{"line":69,"column":4}}},"5":{"name":"getClaimFraction","line":72,"loc":{"start":{"line":72,"column":1},"end":{"line":74,"column":1}}},"6":{"name":"claim","line":77,"loc":{"start":{"line":77,"column":4},"end":{"line":110,"column":4}}},"7":{"name":"getGrowthDurationsPassed","line":112,"loc":{"start":{"line":112,"column":4},"end":{"line":114,"column":4}}}},"statementMap":{"1":{"start":{"line":37,"column":7},"end":{"line":37,"column":1278}},"2":{"start":{"line":55,"column":2},"end":{"line":55,"column":1696}},"3":{"start":{"line":58,"column":2},"end":{"line":58,"column":31}},"4":{"start":{"line":63,"column":8},"end":{"line":63,"column":30}},"5":{"start":{"line":68,"column":8},"end":{"line":68,"column":49}},"6":{"start":{"line":73,"column":2},"end":{"line":73,"column":73}},"7":{"start":{"line":78,"column":8},"end":{"line":78,"column":53}},"8":{"start":{"line":79,"column":8},"end":{"line":79,"column":64}},"9":{"start":{"line":81,"column":8},"end":{"line":81,"column":41}},"10":{"start":{"line":83,"column":8},"end":{"line":83,"column":2570}},"11":{"start":{"line":86,"column":12},"end":{"line":86,"column":55}},"12":{"start":{"line":90,"column":8},"end":{"line":90,"column":2822}},"13":{"start":{"line":93,"column":8},"end":{"line":93,"column":2898}},"14":{"start":{"line":94,"column":12},"end":{"line":94,"column":57}},"15":{"start":{"line":96,"column":12},"end":{"line":96,"column":35}},"16":{"start":{"line":97,"column":12},"end":{"line":97,"column":33}},"17":{"start":{"line":100,"column":8},"end":{"line":100,"column":3109}},"18":{"start":{"line":105,"column":8},"end":{"line":105,"column":3339}},"19":{"start":{"line":107,"column":8},"end":{"line":107,"column":27}},"20":{"start":{"line":108,"column":8},"end":{"line":108,"column":51}},"21":{"start":{"line":113,"column":8},"end":{"line":113,"column":70}}},"branchMap":{"1":{"line":81,"type":"if","locations":[{"start":{"line":81,"column":8},"end":{"line":81,"column":8}},{"start":{"line":81,"column":8},"end":{"line":81,"column":8}}]},"2":{"line":83,"type":"if","locations":[{"start":{"line":83,"column":8},"end":{"line":83,"column":8}},{"start":{"line":83,"column":8},"end":{"line":83,"column":8}}]},"3":{"line":93,"type":"if","locations":[{"start":{"line":93,"column":8},"end":{"line":93,"column":8}},{"start":{"line":93,"column":8},"end":{"line":93,"column":8}}]},"4":{"line":100,"type":"if","locations":[{"start":{"line":100,"column":8},"end":{"line":100,"column":8}},{"start":{"line":100,"column":8},"end":{"line":100,"column":8}}]},"5":{"line":105,"type":"if","locations":[{"start":{"line":105,"column":8},"end":{"line":105,"column":8}},{"start":{"line":105,"column":8},"end":{"line":105,"column":8}}]}}},
"contracts\\ITRv2.sol":{"l":{"39":48,"40":48,"41":48,"65":27,"66":27,"71":3,"103":62,"112":35,"113":35,"117":35},"path":"g:\\_projects\\intercoin\\TradedTokenContract\\src\\contracts\\ITRv2.sol","s":{"1":48,"2":48,"3":48,"4":27,"5":27,"6":3,"7":62,"8":35,"9":35,"10":35},"b":{"1":[3,24],"2":[27,35],"3":[34,1]},"f":{"1":48,"2":0,"3":27,"4":62},"fnMap":{"1":{"name":"constructor","line":37,"loc":{"start":{"line":33,"column":4},"end":{"line":42,"column":4}}},"2":{"name":"tokensReceived","line":44,"loc":{"start":{"line":44,"column":4},"end":{"line":53,"column":4}}},"3":{"name":"claim","line":63,"loc":{"start":{"line":58,"column":4},"end":{"line":73,"column":4}}},"4":{"name":"_beforeTokenTransfer","line":80,"loc":{"start":{"line":80,"column":4},"end":{"line":120,"column":4}}}},"statementMap":{"1":{"start":{"line":39,"column":8},"end":{"line":39,"column":44}},"2":{"start":{"line":40,"column":8},"end":{"line":40,"column":84}},"3":{"start":{"line":41,"column":8},"end":{"line":41,"column":49}},"4":{"start":{"line":65,"column":8},"end":{"line":65,"column":48}},"5":{"start":{"line":66,"column":8},"end":{"line":66,"column":1895}},"6":{"start":{"line":71,"column":12},"end":{"line":71,"column":109}},"7":{"start":{"line":103,"column":8},"end":{"line":103,"column":3609}},"8":{"start":{"line":112,"column":12},"end":{"line":112,"column":45}},"9":{"start":{"line":113,"column":12},"end":{"line":113,"column":61}},"10":{"start":{"line":117,"column":12},"end":{"line":117,"column":69}}},"branchMap":{"1":{"line":66,"type":"if","locations":[{"start":{"line":66,"column":8},"end":{"line":66,"column":8}},{"start":{"line":66,"column":8},"end":{"line":66,"column":8}}]},"2":{"line":103,"type":"if","locations":[{"start":{"line":103,"column":8},"end":{"line":103,"column":8}},{"start":{"line":103,"column":8},"end":{"line":103,"column":8}}]},"3":{"line":117,"type":"if","locations":[{"start":{"line":117,"column":12},"end":{"line":117,"column":12}},{"start":{"line":117,"column":12},"end":{"line":117,"column":12}}]}}},
"contracts\\libs\\Babylonian.sol":{"l":{"11":66,"14":66,"15":66,"16":66,"17":66,"18":66,"20":66,"21":66,"22":66,"24":66,"25":45,"26":45,"28":66,"29":65,"30":65,"32":66,"33":65,"34":65,"36":66,"37":65,"38":65,"40":66,"41":64,"43":66,"44":66,"45":66,"46":66,"47":66,"48":66,"49":66,"50":66,"51":66},"path":"g:\\_projects\\intercoin\\TradedTokenContract\\src\\contracts\\libs\\Babylonian.sol","s":{"1":66,"2":0,"3":66,"4":66,"5":66,"6":66,"7":66,"8":66,"9":66,"10":66,"11":66,"12":45,"13":45,"14":66,"15":65,"16":65,"17":66,"18":65,"19":65,"20":66,"21":65,"22":65,"23":66,"24":64,"25":66,"26":66,"27":66,"28":66,"29":66,"30":66,"31":66,"32":66,"33":66},"b":{"1":[0,66],"2":[66,0],"3":[66,0],"4":[45,21],"5":[65,1],"6":[65,1],"7":[65,1],"8":[64,2]},"f":{"1":66},"fnMap":{"1":{"name":"sqrt","line":10,"loc":{"start":{"line":10,"column":4},"end":{"line":52,"column":4}}}},"statementMap":{"1":{"start":{"line":11,"column":8},"end":{"line":11,"column":28}},"2":{"start":{"line":11,"column":20},"end":{"line":11,"column":28}},"3":{"start":{"line":14,"column":8},"end":{"line":14,"column":22}},"4":{"start":{"line":15,"column":8},"end":{"line":15,"column":21}},"5":{"start":{"line":16,"column":8},"end":{"line":16,"column":687}},"6":{"start":{"line":17,"column":12},"end":{"line":17,"column":21}},"7":{"start":{"line":18,"column":12},"end":{"line":18,"column":19}},"8":{"start":{"line":20,"column":8},"end":{"line":20,"column":800}},"9":{"start":{"line":21,"column":12},"end":{"line":21,"column":20}},"10":{"start":{"line":22,"column":12},"end":{"line":22,"column":19}},"11":{"start":{"line":24,"column":8},"end":{"line":24,"column":896}},"12":{"start":{"line":25,"column":12},"end":{"line":25,"column":20}},"13":{"start":{"line":26,"column":12},"end":{"line":26,"column":19}},"14":{"start":{"line":28,"column":8},"end":{"line":28,"column":984}},"15":{"start":{"line":29,"column":12},"end":{"line":29,"column":20}},"16":{"start":{"line":30,"column":12},"end":{"line":30,"column":18}},"17":{"start":{"line":32,"column":8},"end":{"line":32,"column":1067}},"18":{"start":{"line":33,"column":12},"end":{"line":33,"column":19}},"19":{"start":{"line":34,"column":12},"end":{"line":34,"column":18}},"20":{"start":{"line":36,"column":8},"end":{"line":36,"column":1147}},"21":{"start":{"line":37,"column":12},"end":{"line":37,"column":19}},"22":{"start":{"line":38,"column":12},"end":{"line":38,"column":18}},"23":{"start":{"line":40,"column":8},"end":{"line":40,"column":1226}},"24":{"start":{"line":41,"column":12},"end":{"line":41,"column":18}},"25":{"start":{"line":43,"column":8},"end":{"line":43,"column":27}},"26":{"start":{"line":44,"column":8},"end":{"line":44,"column":27}},"27":{"start":{"line":45,"column":8},"end":{"line":45,"column":27}},"28":{"start":{"line":46,"column":8},"end":{"line":46,"column":27}},"29":{"start":{"line":47,"column":8},"end":{"line":47,"column":27}},"30":{"start":{"line":48,"column":8},"end":{"line":48,"column":27}},"31":{"start":{"line":49,"column":8},"end":{"line":49,"column":27}},"32":{"start":{"line":50,"column":8},"end":{"line":50,"column":26}},"33":{"start":{"line":51,"column":8},"end":{"line":51,"column":32}}},"branchMap":{"1":{"line":11,"type":"if","locations":[{"start":{"line":11,"column":8},"end":{"line":11,"column":8}},{"start":{"line":11,"column":8},"end":{"line":11,"column":8}}]},"2":{"line":16,"type":"if","locations":[{"start":{"line":16,"column":8},"end":{"line":16,"column":8}},{"start":{"line":16,"column":8},"end":{"line":16,"column":8}}]},"3":{"line":20,"type":"if","locations":[{"start":{"line":20,"column":8},"end":{"line":20,"column":8}},{"start":{"line":20,"column":8},"end":{"line":20,"column":8}}]},"4":{"line":24,"type":"if","locations":[{"start":{"line":24,"column":8},"end":{"line":24,"column":8}},{"start":{"line":24,"column":8},"end":{"line":24,"column":8}}]},"5":{"line":28,"type":"if","locations":[{"start":{"line":28,"column":8},"end":{"line":28,"column":8}},{"start":{"line":28,"column":8},"end":{"line":28,"column":8}}]},"6":{"line":32,"type":"if","locations":[{"start":{"line":32,"column":8},"end":{"line":32,"column":8}},{"start":{"line":32,"column":8},"end":{"line":32,"column":8}}]},"7":{"line":36,"type":"if","locations":[{"start":{"line":36,"column":8},"end":{"line":36,"column":8}},{"start":{"line":36,"column":8},"end":{"line":36,"column":8}}]},"8":{"line":40,"type":"if","locations":[{"start":{"line":40,"column":8},"end":{"line":40,"column":8}},{"start":{"line":40,"column":8},"end":{"line":40,"column":8}}]}}},
"contracts\\libs\\BitMath.sol":{"l":{"8":44,"10":44,"11":44,"12":44,"14":44,"15":0,"16":0,"18":44,"19":44,"20":44,"22":44,"23":0,"24":0,"26":44,"27":44,"28":44,"30":44,"31":44,"32":44,"34":44,"35":44,"36":44,"38":44,"45":0,"47":0,"48":0,"49":0,"51":0,"53":0,"54":0,"56":0,"58":0,"59":0,"61":0,"63":0,"64":0,"66":0,"68":0,"69":0,"71":0,"73":0,"74":0,"76":0,"78":0,"79":0,"81":0,"83":0},"path":"g:\\_projects\\intercoin\\TradedTokenContract\\src\\contracts\\libs\\BitMath.sol","s":{"1":44,"2":44,"3":44,"4":44,"5":44,"6":0,"7":0,"8":44,"9":44,"10":44,"11":44,"12":0,"13":0,"14":44,"15":44,"16":44,"17":44,"18":44,"19":44,"20":44,"21":44,"22":44,"23":44,"24":43,"25":0,"26":0,"27":0,"28":0,"29":0,"30":0,"31":0,"32":0,"33":0,"34":0,"35":0,"36":0,"37":0,"38":0,"39":0,"40":0,"41":0,"42":0,"43":0,"44":0,"45":0,"46":0,"47":0,"48":0,"49":0},"b":{"1":[44,0],"2":[44,0],"3":[0,44],"4":[44,0],"5":[0,44],"6":[44,0],"7":[44,0],"8":[44,0],"9":[43,1],"10":[0,0],"11":[0,0],"12":[0,0],"13":[0,0],"14":[0,0],"15":[0,0],"16":[0,0],"17":[0,0],"18":[0,0]},"f":{"1":44,"2":0},"fnMap":{"1":{"name":"mostSignificantBit","line":7,"loc":{"start":{"line":7,"column":4},"end":{"line":39,"column":4}}},"2":{"name":"leastSignificantBit","line":44,"loc":{"start":{"line":44,"column":4},"end":{"line":84,"column":4}}}},"statementMap":{"1":{"start":{"line":8,"column":8},"end":{"line":8,"column":58}},"2":{"start":{"line":10,"column":8},"end":{"line":10,"column":369}},"3":{"start":{"line":11,"column":12},"end":{"line":11,"column":20}},"4":{"start":{"line":12,"column":12},"end":{"line":12,"column":19}},"5":{"start":{"line":14,"column":8},"end":{"line":14,"column":480}},"6":{"start":{"line":15,"column":12},"end":{"line":15,"column":19}},"7":{"start":{"line":16,"column":12},"end":{"line":16,"column":18}},"8":{"start":{"line":18,"column":8},"end":{"line":18,"column":573}},"9":{"start":{"line":19,"column":12},"end":{"line":19,"column":19}},"10":{"start":{"line":20,"column":12},"end":{"line":20,"column":18}},"11":{"start":{"line":22,"column":8},"end":{"line":22,"column":658}},"12":{"start":{"line":23,"column":12},"end":{"line":23,"column":19}},"13":{"start":{"line":24,"column":12},"end":{"line":24,"column":18}},"14":{"start":{"line":26,"column":8},"end":{"line":26,"column":739}},"15":{"start":{"line":27,"column":12},"end":{"line":27,"column":18}},"16":{"start":{"line":28,"column":12},"end":{"line":28,"column":17}},"17":{"start":{"line":30,"column":8},"end":{"line":30,"column":816}},"18":{"start":{"line":31,"column":12},"end":{"line":31,"column":18}},"19":{"start":{"line":32,"column":12},"end":{"line":32,"column":17}},"20":{"start":{"line":34,"column":8},"end":{"line":34,"column":892}},"21":{"start":{"line":35,"column":12},"end":{"line":35,"column":18}},"22":{"start":{"line":36,"column":12},"end":{"line":36,"column":17}},"23":{"start":{"line":38,"column":8},"end":{"line":38,"column":28}},"24":{"start":{"line":38,"column":22},"end":{"line":38,"column":27}},"25":{"start":{"line":45,"column":8},"end":{"line":45,"column":59}},"26":{"start":{"line":47,"column":8},"end":{"line":47,"column":14}},"27":{"start":{"line":48,"column":8},"end":{"line":48,"column":1381}},"28":{"start":{"line":49,"column":12},"end":{"line":49,"column":19}},"29":{"start":{"line":51,"column":12},"end":{"line":51,"column":20}},"30":{"start":{"line":53,"column":8},"end":{"line":53,"column":1494}},"31":{"start":{"line":54,"column":12},"end":{"line":54,"column":18}},"32":{"start":{"line":56,"column":12},"end":{"line":56,"column":19}},"33":{"start":{"line":58,"column":8},"end":{"line":58,"column":1604}},"34":{"start":{"line":59,"column":12},"end":{"line":59,"column":18}},"35":{"start":{"line":61,"column":12},"end":{"line":61,"column":19}},"36":{"start":{"line":63,"column":8},"end":{"line":63,"column":1714}},"37":{"start":{"line":64,"column":12},"end":{"line":64,"column":18}},"38":{"start":{"line":66,"column":12},"end":{"line":66,"column":19}},"39":{"start":{"line":68,"column":8},"end":{"line":68,"column":1824}},"40":{"start":{"line":69,"column":12},"end":{"line":69,"column":17}},"41":{"start":{"line":71,"column":12},"end":{"line":71,"column":18}},"42":{"start":{"line":73,"column":8},"end":{"line":73,"column":1931}},"43":{"start":{"line":74,"column":12},"end":{"line":74,"column":17}},"44":{"start":{"line":76,"column":12},"end":{"line":76,"column":18}},"45":{"start":{"line":78,"column":8},"end":{"line":78,"column":2026}},"46":{"start":{"line":79,"column":12},"end":{"line":79,"column":17}},"47":{"start":{"line":81,"column":12},"end":{"line":81,"column":18}},"48":{"start":{"line":83,"column":8},"end":{"line":83,"column":31}},"49":{"start":{"line":83,"column":25},"end":{"line":83,"column":30}}},"branchMap":{"1":{"line":8,"type":"if","locations":[{"start":{"line":8,"column":8},"end":{"line":8,"column":8}},{"start":{"line":8,"column":8},"end":{"line":8,"column":8}}]},"2":{"line":10,"type":"if","locations":[{"start":{"line":10,"column":8},"end":{"line":10,"column":8}},{"start":{"line":10,"column":8},"end":{"line":10,"column":8}}]},"3":{"line":14,"type":"if","locations":[{"start":{"line":14,"column":8},"end":{"line":14,"column":8}},{"start":{"line":14,"column":8},"end":{"line":14,"column":8}}]},"4":{"line":18,"type":"if","locations":[{"start":{"line":18,"column":8},"end":{"line":18,"column":8}},{"start":{"line":18,"column":8},"end":{"line":18,"column":8}}]},"5":{"line":22,"type":"if","locations":[{"start":{"line":22,"column":8},"end":{"line":22,"column":8}},{"start":{"line":22,"column":8},"end":{"line":22,"column":8}}]},"6":{"line":26,"type":"if","locations":[{"start":{"line":26,"column":8},"end":{"line":26,"column":8}},{"start":{"line":26,"column":8},"end":{"line":26,"column":8}}]},"7":{"line":30,"type":"if","locations":[{"start":{"line":30,"column":8},"end":{"line":30,"column":8}},{"start":{"line":30,"column":8},"end":{"line":30,"column":8}}]},"8":{"line":34,"type":"if","locations":[{"start":{"line":34,"column":8},"end":{"line":34,"column":8}},{"start":{"line":34,"column":8},"end":{"line":34,"column":8}}]},"9":{"line":38,"type":"if","locations":[{"start":{"line":38,"column":8},"end":{"line":38,"column":8}},{"start":{"line":38,"column":8},"end":{"line":38,"column":8}}]},"10":{"line":45,"type":"if","locations":[{"start":{"line":45,"column":8},"end":{"line":45,"column":8}},{"start":{"line":45,"column":8},"end":{"line":45,"column":8}}]},"11":{"line":48,"type":"if","locations":[{"start":{"line":48,"column":8},"end":{"line":48,"column":8}},{"start":{"line":48,"column":8},"end":{"line":48,"column":8}}]},"12":{"line":53,"type":"if","locations":[{"start":{"line":53,"column":8},"end":{"line":53,"column":8}},{"start":{"line":53,"column":8},"end":{"line":53,"column":8}}]},"13":{"line":58,"type":"if","locations":[{"start":{"line":58,"column":8},"end":{"line":58,"column":8}},{"start":{"line":58,"column":8},"end":{"line":58,"column":8}}]},"14":{"line":63,"type":"if","locations":[{"start":{"line":63,"column":8},"end":{"line":63,"column":8}},{"start":{"line":63,"column":8},"end":{"line":63,"column":8}}]},"15":{"line":68,"type":"if","locations":[{"start":{"line":68,"column":8},"end":{"line":68,"column":8}},{"start":{"line":68,"column":8},"end":{"line":68,"column":8}}]},"16":{"line":73,"type":"if","locations":[{"start":{"line":73,"column":8},"end":{"line":73,"column":8}},{"start":{"line":73,"column":8},"end":{"line":73,"column":8}}]},"17":{"line":78,"type":"if","locations":[{"start":{"line":78,"column":8},"end":{"line":78,"column":8}},{"start":{"line":78,"column":8},"end":{"line":78,"column":8}}]},"18":{"line":83,"type":"if","locations":[{"start":{"line":83,"column":8},"end":{"line":83,"column":8}},{"start":{"line":83,"column":8},"end":{"line":83,"column":8}}]}}},
"contracts\\libs\\FixedPoint.sol":{"l":{"29":88,"34":0,"39":34,"44":0,"50":0,"51":0,"52":0,"58":0,"59":0,"60":0,"66":66,"67":0,"69":66,"70":66,"71":66,"72":66,"75":66,"76":66,"77":66,"78":66,"81":66,"84":66,"87":66,"89":66,"94":22,"95":22,"96":0,"98":22,"99":22,"100":22,"101":22,"104":0,"105":0,"106":0,"112":90,"113":90,"115":90,"116":90,"117":90,"118":90,"120":0,"121":0,"122":0,"130":0,"131":0,"132":0,"138":66,"139":22,"142":44,"143":44,"144":44},"path":"g:\\_projects\\intercoin\\TradedTokenContract\\src\\contracts\\libs\\FixedPoint.sol","s":{"1":88,"2":0,"3":34,"4":0,"5":0,"6":0,"7":0,"8":0,"9":0,"10":0,"11":66,"12":0,"13":66,"14":66,"15":66,"16":66,"17":66,"18":66,"19":66,"20":66,"21":66,"22":66,"23":66,"24":66,"25":22,"26":22,"27":0,"28":22,"29":22,"30":22,"31":22,"32":0,"33":0,"34":0,"35":90,"36":90,"37":0,"38":90,"39":90,"40":90,"41":90,"42":0,"43":0,"44":0,"45":0,"46":0,"47":0,"48":66,"49":22,"50":44,"51":44,"52":44},"b":{"1":[0,0],"2":[0,0],"3":[0,66],"4":[66,0],"5":[66,0],"6":[22,0],"7":[0,22],"8":[22,0],"9":[22,0],"10":[0,0],"11":[90,0],"12":[0,90],"13":[90,0],"14":[90,0],"15":[0,0],"16":[0,0],"17":[0,0],"18":[22,44]},"f":{"1":88,"2":0,"3":34,"4":0,"5":0,"6":0,"7":66,"8":22,"9":90,"10":0,"11":66},"fnMap":{"1":{"name":"encode","line":28,"loc":{"start":{"line":28,"column":4},"end":{"line":30,"column":4}}},"2":{"name":"encode144","line":33,"loc":{"start":{"line":33,"column":4},"end":{"line":35,"column":4}}},"3":{"name":"decode","line":38,"loc":{"start":{"line":38,"column":4},"end":{"line":40,"column":4}}},"4":{"name":"decode144","line":43,"loc":{"start":{"line":43,"column":4},"end":{"line":45,"column":4}}},"5":{"name":"mul","line":49,"loc":{"start":{"line":49,"column":4},"end":{"line":53,"column":4}}},"6":{"name":"muli","line":57,"loc":{"start":{"line":57,"column":4},"end":{"line":61,"column":4}}},"7":{"name":"muluq","line":65,"loc":{"start":{"line":65,"column":4},"end":{"line":90,"column":4}}},"8":{"name":"divuq","line":93,"loc":{"start":{"line":93,"column":4},"end":{"line":107,"column":4}}},"9":{"name":"fraction","line":111,"loc":{"start":{"line":111,"column":4},"end":{"line":124,"column":4}}},"10":{"name":"reciprocal","line":129,"loc":{"start":{"line":129,"column":4},"end":{"line":133,"column":4}}},"11":{"name":"sqrt","line":137,"loc":{"start":{"line":137,"column":4},"end":{"line":145,"column":4}}}},"statementMap":{"1":{"start":{"line":29,"column":8},"end":{"line":29,"column":50}},"2":{"start":{"line":34,"column":8},"end":{"line":34,"column":50}},"3":{"start":{"line":39,"column":8},"end":{"line":39,"column":45}},"4":{"start":{"line":44,"column":8},"end":{"line":44,"column":45}},"5":{"start":{"line":50,"column":8},"end":{"line":50,"column":21}},"6":{"start":{"line":51,"column":8},"end":{"line":51,"column":87}},"7":{"start":{"line":52,"column":8},"end":{"line":52,"column":27}},"8":{"start":{"line":58,"column":8},"end":{"line":58,"column":75}},"9":{"start":{"line":59,"column":8},"end":{"line":59,"column":56}},"10":{"start":{"line":60,"column":8},"end":{"line":60,"column":45}},"11":{"start":{"line":66,"column":8},"end":{"line":66,"column":2506}},"12":{"start":{"line":67,"column":12},"end":{"line":67,"column":31}},"13":{"start":{"line":69,"column":8},"end":{"line":69,"column":59}},"14":{"start":{"line":70,"column":8},"end":{"line":70,"column":58}},"15":{"start":{"line":71,"column":8},"end":{"line":71,"column":61}},"16":{"start":{"line":72,"column":8},"end":{"line":72,"column":60}},"17":{"start":{"line":75,"column":8},"end":{"line":75,"column":57}},"18":{"start":{"line":76,"column":8},"end":{"line":76,"column":57}},"19":{"start":{"line":77,"column":8},"end":{"line":77,"column":65}},"20":{"start":{"line":78,"column":8},"end":{"line":78,"column":65}},"21":{"start":{"line":81,"column":8},"end":{"line":81,"column":79}},"22":{"start":{"line":84,"column":8},"end":{"line":84,"column":106}},"23":{"start":{"line":87,"column":8},"end":{"line":87,"column":75}},"24":{"start":{"line":89,"column":8},"end":{"line":89,"column":38}},"25":{"start":{"line":94,"column":8},"end":{"line":94,"column":67}},"26":{"start":{"line":95,"column":8},"end":{"line":95,"column":3921}},"27":{"start":{"line":96,"column":12},"end":{"line":96,"column":43}},"28":{"start":{"line":98,"column":8},"end":{"line":98,"column":4011}},"29":{"start":{"line":99,"column":12},"end":{"line":99,"column":71}},"30":{"start":{"line":100,"column":12},"end":{"line":100,"column":77}},"31":{"start":{"line":101,"column":12},"end":{"line":101,"column":44}},"32":{"start":{"line":104,"column":8},"end":{"line":104,"column":65}},"33":{"start":{"line":105,"column":8},"end":{"line":105,"column":74}},"34":{"start":{"line":106,"column":8},"end":{"line":106,"column":41}},"35":{"start":{"line":112,"column":8},"end":{"line":112,"column":73}},"36":{"start":{"line":113,"column":8},"end":{"line":113,"column":58}},"37":{"start":{"line":113,"column":28},"end":{"line":113,"column":58}},"38":{"start":{"line":115,"column":8},"end":{"line":115,"column":4811}},"39":{"start":{"line":116,"column":12},"end":{"line":116,"column":68}},"40":{"start":{"line":117,"column":12},"end":{"line":117,"column":80}},"41":{"start":{"line":118,"column":12},"end":{"line":118,"column":45}},"42":{"start":{"line":120,"column":12},"end":{"line":120,"column":74}},"43":{"start":{"line":121,"column":12},"end":{"line":121,"column":81}},"44":{"start":{"line":122,"column":12},"end":{"line":122,"column":45}},"45":{"start":{"line":130,"column":8},"end":{"line":130,"column":74}},"46":{"start":{"line":131,"column":8},"end":{"line":131,"column":64}},"47":{"start":{"line":132,"column":8},"end":{"line":132,"column":49}},"48":{"start":{"line":138,"column":8},"end":{"line":138,"column":5827}},"49":{"start":{"line":139,"column":12},"end":{"line":139,"column":79}},"50":{"start":{"line":142,"column":8},"end":{"line":142,"column":71}},"51":{"start":{"line":143,"column":8},"end":{"line":143,"column":41}},"52":{"start":{"line":144,"column":8},"end":{"line":144,"column":116}}},"branchMap":{"1":{"line":51,"type":"if","locations":[{"start":{"line":51,"column":8},"end":{"line":51,"column":8}},{"start":{"line":51,"column":8},"end":{"line":51,"column":8}}]},"2":{"line":59,"type":"if","locations":[{"start":{"line":59,"column":8},"end":{"line":59,"column":8}},{"start":{"line":59,"column":8},"end":{"line":59,"column":8}}]},"3":{"line":66,"type":"if","locations":[{"start":{"line":66,"column":8},"end":{"line":66,"column":8}},{"start":{"line":66,"column":8},"end":{"line":66,"column":8}}]},"4":{"line":81,"type":"if","locations":[{"start":{"line":81,"column":8},"end":{"line":81,"column":8}},{"start":{"line":81,"column":8},"end":{"line":81,"column":8}}]},"5":{"line":87,"type":"if","locations":[{"start":{"line":87,"column":8},"end":{"line":87,"column":8}},{"start":{"line":87,"column":8},"end":{"line":87,"column":8}}]},"6":{"line":94,"type":"if","locations":[{"start":{"line":94,"column":8},"end":{"line":94,"column":8}},{"start":{"line":94,"column":8},"end":{"line":94,"column":8}}]},"7":{"line":95,"type":"if","locations":[{"start":{"line":95,"column":8},"end":{"line":95,"column":8}},{"start":{"line":95,"column":8},"end":{"line":95,"column":8}}]},"8":{"line":98,"type":"if","locations":[{"start":{"line":98,"column":8},"end":{"line":98,"column":8}},{"start":{"line":98,"column":8},"end":{"line":98,"column":8}}]},"9":{"line":100,"type":"if","locations":[{"start":{"line":100,"column":12},"end":{"line":100,"column":12}},{"start":{"line":100,"column":12},"end":{"line":100,"column":12}}]},"10":{"line":105,"type":"if","locations":[{"start":{"line":105,"column":8},"end":{"line":105,"column":8}},{"start":{"line":105,"column":8},"end":{"line":105,"column":8}}]},"11":{"line":112,"type":"if","locations":[{"start":{"line":112,"column":8},"end":{"line":112,"column":8}},{"start":{"line":112,"column":8},"end":{"line":112,"column":8}}]},"12":{"line":113,"type":"if","locations":[{"start":{"line":113,"column":8},"end":{"line":113,"column":8}},{"start":{"line":113,"column":8},"end":{"line":113,"column":8}}]},"13":{"line":115,"type":"if","locations":[{"start":{"line":115,"column":8},"end":{"line":115,"column":8}},{"start":{"line":115,"column":8},"end":{"line":115,"column":8}}]},"14":{"line":117,"type":"if","locations":[{"start":{"line":117,"column":12},"end":{"line":117,"column":12}},{"start":{"line":117,"column":12},"end":{"line":117,"column":12}}]},"15":{"line":121,"type":"if","locations":[{"start":{"line":121,"column":12},"end":{"line":121,"column":12}},{"start":{"line":121,"column":12},"end":{"line":121,"column":12}}]},"16":{"line":130,"type":"if","locations":[{"start":{"line":130,"column":8},"end":{"line":130,"column":8}},{"start":{"line":130,"column":8},"end":{"line":130,"column":8}}]},"17":{"line":131,"type":"if","locations":[{"start":{"line":131,"column":8},"end":{"line":131,"column":8}},{"start":{"line":131,"column":8},"end":{"line":131,"column":8}}]},"18":{"line":138,"type":"if","locations":[{"start":{"line":138,"column":8},"end":{"line":138,"column":8}},{"start":{"line":138,"column":8},"end":{"line":138,"column":8}}]}}},
"contracts\\libs\\FullMath.sol":{"l":{"8":0,"9":0,"10":0,"11":0,"20":0,"22":0,"23":0,"25":0,"26":0,"27":0,"28":0,"29":0,"30":0,"31":0,"32":0,"33":0,"34":0,"35":0,"43":0,"45":0,"46":0,"47":0,"49":0,"51":0,"52":0},"path":"g:\\_projects\\intercoin\\TradedTokenContract\\src\\contracts\\libs\\FullMath.sol","s":{"1":0,"2":0,"3":0,"4":0,"5":0,"6":0,"7":0,"8":0,"9":0,"10":0,"11":0,"12":0,"13":0,"14":0,"15":0,"16":0,"17":0,"18":0,"19":0,"20":0,"21":0,"22":0,"23":0,"24":0,"25":0,"26":0,"27":0,"28":0},"b":{"1":[0,0],"2":[0,0],"3":[0,0],"4":[0,0]},"f":{"1":0,"2":0,"3":0},"fnMap":{"1":{"name":"fullMul","line":7,"loc":{"start":{"line":7,"column":4},"end":{"line":12,"column":4}}},"2":{"name":"fullDiv","line":14,"loc":{"start":{"line":14,"column":4},"end":{"line":36,"column":4}}},"3":{"name":"mulDiv","line":38,"loc":{"start":{"line":38,"column":4},"end":{"line":53,"column":4}}}},"statementMap":{"1":{"start":{"line":8,"column":8},"end":{"line":8,"column":52}},"2":{"start":{"line":9,"column":8},"end":{"line":9,"column":16}},"3":{"start":{"line":10,"column":8},"end":{"line":10,"column":17}},"4":{"start":{"line":11,"column":8},"end":{"line":11,"column":26}},"5":{"start":{"line":11,"column":20},"end":{"line":11,"column":25}},"6":{"start":{"line":20,"column":8},"end":{"line":20,"column":35}},"7":{"start":{"line":22,"column":8},"end":{"line":22,"column":16}},"8":{"start":{"line":23,"column":8},"end":{"line":23,"column":16}},"9":{"start":{"line":25,"column":8},"end":{"line":25,"column":38}},"10":{"start":{"line":26,"column":8},"end":{"line":26,"column":21}},"11":{"start":{"line":27,"column":8},"end":{"line":27,"column":21}},"12":{"start":{"line":28,"column":8},"end":{"line":28,"column":21}},"13":{"start":{"line":29,"column":8},"end":{"line":29,"column":21}},"14":{"start":{"line":30,"column":8},"end":{"line":30,"column":21}},"15":{"start":{"line":31,"column":8},"end":{"line":31,"column":21}},"16":{"start":{"line":32,"column":8},"end":{"line":32,"column":21}},"17":{"start":{"line":33,"column":8},"end":{"line":33,"column":21}},"18":{"start":{"line":34,"column":8},"end":{"line":34,"column":21}},"19":{"start":{"line":35,"column":8},"end":{"line":35,"column":20}},"20":{"start":{"line":43,"column":8},"end":{"line":43,"column":46}},"21":{"start":{"line":45,"column":8},"end":{"line":45,"column":36}},"22":{"start":{"line":46,"column":8},"end":{"line":46,"column":26}},"23":{"start":{"line":46,"column":20},"end":{"line":46,"column":25}},"24":{"start":{"line":47,"column":8},"end":{"line":47,"column":14}},"25":{"start":{"line":49,"column":8},"end":{"line":49,"column":32}},"26":{"start":{"line":49,"column":20},"end":{"line":49,"column":32}},"27":{"start":{"line":51,"column":8},"end":{"line":51,"column":51}},"28":{"start":{"line":52,"column":8},"end":{"line":52,"column":31}}},"branchMap":{"1":{"line":11,"type":"if","locations":[{"start":{"line":11,"column":8},"end":{"line":11,"column":8}},{"start":{"line":11,"column":8},"end":{"line":11,"column":8}}]},"2":{"line":46,"type":"if","locations":[{"start":{"line":46,"column":8},"end":{"line":46,"column":8}},{"start":{"line":46,"column":8},"end":{"line":46,"column":8}}]},"3":{"line":49,"type":"if","locations":[{"start":{"line":49,"column":8},"end":{"line":49,"column":8}},{"start":{"line":49,"column":8},"end":{"line":49,"column":8}}]},"4":{"line":51,"type":"if","locations":[{"start":{"line":51,"column":8},"end":{"line":51,"column":8}},{"start":{"line":51,"column":8},"end":{"line":51,"column":8}}]}}},
"contracts\\libs\\SwapSettingsLib.sol":{"l":{"11":96,"12":96,"15":96,"17":96,"23":0,"29":0,"34":0},"path":"g:\\_projects\\intercoin\\TradedTokenContract\\src\\contracts\\libs\\SwapSettingsLib.sol","s":{"1":96,"2":96,"3":96,"4":0,"5":0,"6":0,"7":0,"8":0},"b":{"1":[96,0],"2":[0,0],"3":[0,0]},"f":{"1":96},"fnMap":{"1":{"name":"netWorkSettings","line":5,"loc":{"start":{"line":5,"column":4},"end":{"line":36,"column":4}}}},"statementMap":{"1":{"start":{"line":11,"column":8},"end":{"line":11,"column":23}},"2":{"start":{"line":15,"column":8},"end":{"line":15,"column":294}},"3":{"start":{"line":17,"column":12},"end":{"line":17,"column":494}},"4":{"start":{"line":21,"column":15},"end":{"line":21,"column":687}},"5":{"start":{"line":23,"column":12},"end":{"line":23,"column":757}},"6":{"start":{"line":27,"column":15},"end":{"line":27,"column":950}},"7":{"start":{"line":29,"column":12},"end":{"line":29,"column":1024}},"8":{"start":{"line":34,"column":12},"end":{"line":34,"column":38}}},"branchMap":{"1":{"line":15,"type":"if","locations":[{"start":{"line":15,"column":8},"end":{"line":15,"column":8}},{"start":{"line":15,"column":8},"end":{"line":15,"column":8}}]},"2":{"line":21,"type":"if","locations":[{"start":{"line":21,"column":15},"end":{"line":21,"column":15}},{"start":{"line":21,"column":15},"end":{"line":21,"column":15}}]},"3":{"line":27,"type":"if","locations":[{"start":{"line":27,"column":15},"end":{"line":27,"column":15}},{"start":{"line":27,"column":15},"end":{"line":27,"column":15}}]}}},
"contracts\\Main.sol":{"l":{"84":11,"85":11,"86":11,"90":0,"113":51,"114":50,"118":49,"119":48,"120":48,"122":48,"123":48,"124":48,"126":48,"127":48,"128":48,"129":48,"130":48,"134":48,"135":48,"138":48,"139":48,"142":48,"143":48,"145":48,"148":48,"157":48,"160":48,"162":48,"164":48,"170":12,"172":11,"173":11,"174":11,"175":11,"177":11,"178":11,"179":11,"180":11,"181":11,"227":11,"228":11,"230":11,"231":11,"233":11,"244":11,"257":3,"258":3,"272":1,"273":1,"282":4,"283":3,"285":2,"287":2,"289":2,"290":2,"304":21,"307":10,"309":10,"311":10,"321":33,"323":32,"338":22,"362":0,"363":0,"374":0,"375":0,"391":6,"393":6,"415":6,"417":6,"437":17,"438":17,"444":0,"447":0,"459":32,"461":32,"467":32,"469":22,"471":22,"473":22,"475":22,"477":2,"483":20,"489":22,"500":10,"502":10,"506":10,"509":10,"510":10,"512":10,"518":10,"528":10,"530":10,"544":10,"546":0,"548":10,"550":10,"551":10,"552":10,"556":10,"560":10,"571":10,"572":0,"576":10,"577":10,"578":10,"579":0,"580":0,"582":10,"583":10,"584":10,"586":10,"587":10,"588":10,"590":10,"591":10,"592":10,"594":10,"595":10,"596":10,"598":10,"599":10,"600":10,"602":10,"603":0,"607":10,"608":10,"609":10,"610":10,"611":10,"612":10,"613":10,"614":10,"615":10,"616":10,"623":48,"624":96,"631":39,"641":39,"642":39,"643":39,"648":39,"650":39,"653":39,"655":39,"666":61,"667":61,"668":59,"673":134,"674":134,"679":86,"682":86,"685":86},"path":"g:\\_projects\\intercoin\\TradedTokenContract\\src\\contracts\\Main.sol","s":{"1":11,"2":11,"3":51,"4":50,"5":49,"6":48,"7":48,"8":48,"9":48,"10":48,"11":48,"12":48,"13":48,"14":48,"15":48,"16":48,"17":48,"18":48,"19":48,"20":48,"21":48,"22":48,"23":48,"24":48,"25":48,"26":48,"27":48,"28":12,"29":11,"30":11,"31":11,"32":11,"33":11,"34":11,"35":11,"36":11,"37":11,"38":11,"39":11,"40":11,"41":11,"42":11,"43":11,"44":3,"45":3,"46":1,"47":1,"48":4,"49":3,"50":2,"51":2,"52":2,"53":2,"54":21,"55":10,"56":10,"57":10,"58":33,"59":32,"60":22,"61":0,"62":0,"63":0,"64":0,"65":6,"66":6,"67":6,"68":6,"69":17,"70":17,"71":0,"72":0,"73":32,"74":32,"75":32,"76":22,"77":22,"78":22,"79":22,"80":2,"81":20,"82":22,"83":10,"84":10,"85":10,"86":10,"87":10,"88":10,"89":10,"90":10,"91":10,"92":10,"93":0,"94":10,"95":10,"96":10,"97":10,"98":10,"99":10,"100":10,"101":0,"102":10,"103":10,"104":10,"105":0,"106":0,"107":10,"108":10,"109":10,"110":10,"111":10,"112":10,"113":10,"114":10,"115":10,"116":10,"117":10,"118":10,"119":10,"120":10,"121":10,"122":10,"123":0,"124":10,"125":10,"126":10,"127":10,"128":10,"129":10,"130":10,"131":10,"132":10,"133":48,"134":96,"135":39,"136":39,"137":39,"138":39,"139":39,"140":39,"141":39,"142":39,"143":61,"144":61,"145":59,"146":134,"147":134,"148":86,"149":86,"150":86},"b":{"1":[11,0],"2":[50,1],"3":[49,1],"4":[48,1],"5":[48,0],"6":[12,36],"7":[11,0],"8":[11,0],"9":[3,1],"10":[2,1],"11":[10,11],"12":[6,0],"13":[6,0],"14":[22,10],"15":[22,0],"16":[2,20],"17":[10,0],"18":[10,0],"19":[10,0],"20":[0,10],"21":[10,0],"22":[0,10],"23":[0,10],"24":[10,0],"25":[10,0],"26":[10,0],"27":[10,0],"28":[10,0],"29":[0,10],"30":[39,0],"31":[59,2]},"f":{"1":11,"2":0,"3":51,"4":48,"5":21,"6":31,"7":11,"8":3,"9":1,"10":4,"11":21,"12":33,"13":0,"14":0,"15":6,"16":17,"17":0,"18":32,"19":10,"20":10,"21":10,"22":48,"23":39,"24":39,"25":61,"26":134,"27":86},"fnMap":{"1":{"name":"runOnlyOnce","line":83,"loc":{"start":{"line":83,"column":4},"end":{"line":87,"column":4}}},"2":{"name":"canClaim","line":88,"loc":{"start":{"line":88,"column":4},"end":{"line":91,"column":4}}},"3":{"name":"constructor","line":103,"loc":{"start":{"line":103,"column":4},"end":{"line":150,"column":4}}},"4":{"name":"update","line":154,"loc":{"start":{"line":154,"column":4},"end":{"line":186,"column":4}}},"5":{"name":"tokensReceived","line":188,"loc":{"start":{"line":188,"column":4},"end":{"line":197,"column":4}}},"6":{"name":"tokensToSend","line":199,"loc":{"start":{"line":199,"column":4},"end":{"line":208,"column":4}}},"7":{"name":"addInitialLiquidity","line":224,"loc":{"start":{"line":219,"column":4},"end":{"line":246,"column":4}}},"8":{"name":"claim","line":255,"loc":{"start":{"line":251,"column":4},"end":{"line":260,"column":4}}},"9":{"name":"claim","line":270,"loc":{"start":{"line":265,"column":4},"end":{"line":274,"column":4}}},"10":{"name":"claimViaExternal","line":276,"loc":{"start":{"line":276,"column":4},"end":{"line":291,"column":4}}},"11":{"name":"addLiquidity","line":301,"loc":{"start":{"line":297,"column":4},"end":{"line":312,"column":4}}},"12":{"name":"maxAddLiquidity","line":314,"loc":{"start":{"line":314,"column":4},"end":{"line":353,"column":4}}},"13":{"name":"renounceOwnership","line":360,"loc":{"start":{"line":355,"column":4},"end":{"line":364,"column":4}}},"14":{"name":"transferOwnership","line":372,"loc":{"start":{"line":366,"column":4},"end":{"line":376,"column":4}}},"15":{"name":"_validateClaim","line":382,"loc":{"start":{"line":382,"column":4},"end":{"line":429,"column":4}}},"16":{"name":"_claim","line":431,"loc":{"start":{"line":431,"column":4},"end":{"line":439,"column":4}}},"17":{"name":"transferOwnerRole","line":442,"loc":{"start":{"line":442,"column":4},"end":{"line":448,"column":4}}},"18":{"name":"getPriceAverage","line":450,"loc":{"start":{"line":450,"column":4},"end":{"line":491,"column":4}}},"19":{"name":"_sellTradedAndLiquidity","line":493,"loc":{"start":{"line":493,"column":4},"end":{"line":534,"column":4}}},"20":{"name":"doSwapOnUniswap","line":536,"loc":{"start":{"line":536,"column":4},"end":{"line":562,"column":4}}},"21":{"name":"sqrt","line":564,"loc":{"start":{"line":564,"column":4},"end":{"line":618,"column":4}}},"22":{"name":"fillEmptyObservations","line":620,"loc":{"start":{"line":620,"column":4},"end":{"line":627,"column":4}}},"23":{"name":"currentBlockTimestamp","line":630,"loc":{"start":{"line":630,"column":4},"end":{"line":632,"column":4}}},"24":{"name":"currentCumulativePrices","line":635,"loc":{"start":{"line":635,"column":4},"end":{"line":657,"column":4}}},"25":{"name":"_uniswapPrices","line":659,"loc":{"start":{"line":659,"column":4},"end":{"line":669,"column":4}}},"26":{"name":"observationIndexOf","line":672,"loc":{"start":{"line":672,"column":4},"end":{"line":675,"column":4}}},"27":{"name":"getFirstObservationInWindow","line":678,"loc":{"start":{"line":678,"column":4},"end":{"line":687,"column":4}}}},"statementMap":{"1":{"start":{"line":84,"column":8},"end":{"line":84,"column":53}},"2":{"start":{"line":85,"column":8},"end":{"line":85,"column":26}},"3":{"start":{"line":113,"column":8},"end":{"line":113,"column":63}},"4":{"start":{"line":114,"column":8},"end":{"line":114,"column":4488}},"5":{"start":{"line":118,"column":8},"end":{"line":118,"column":67}},"6":{"start":{"line":119,"column":8},"end":{"line":119,"column":31}},"7":{"start":{"line":120,"column":8},"end":{"line":120,"column":41}},"8":{"start":{"line":122,"column":8},"end":{"line":122,"column":97}},"9":{"start":{"line":123,"column":8},"end":{"line":123,"column":35}},"10":{"start":{"line":124,"column":8},"end":{"line":124,"column":29}},"11":{"start":{"line":126,"column":8},"end":{"line":126,"column":57}},"12":{"start":{"line":127,"column":8},"end":{"line":127,"column":61}},"13":{"start":{"line":128,"column":8},"end":{"line":128,"column":37}},"14":{"start":{"line":129,"column":8},"end":{"line":129,"column":83}},"15":{"start":{"line":130,"column":8},"end":{"line":130,"column":87}},"16":{"start":{"line":134,"column":8},"end":{"line":134,"column":80}},"17":{"start":{"line":135,"column":8},"end":{"line":135,"column":60}},"18":{"start":{"line":138,"column":8},"end":{"line":138,"column":109}},"19":{"start":{"line":139,"column":8},"end":{"line":139,"column":112}},"20":{"start":{"line":142,"column":8},"end":{"line":142,"column":100}},"21":{"start":{"line":143,"column":8},"end":{"line":143,"column":64}},"22":{"start":{"line":145,"column":8},"end":{"line":145,"column":30}},"23":{"start":{"line":148,"column":8},"end":{"line":148,"column":59}},"24":{"start":{"line":157,"column":8},"end":{"line":157,"column":68}},"25":{"start":{"line":160,"column":8},"end":{"line":160,"column":88}},"26":{"start":{"line":162,"column":8},"end":{"line":162,"column":76}},"27":{"start":{"line":164,"column":8},"end":{"line":164,"column":6676}},"28":{"start":{"line":170,"column":12},"end":{"line":170,"column":94}},"29":{"start":{"line":172,"column":12},"end":{"line":172,"column":140}},"30":{"start":{"line":173,"column":12},"end":{"line":173,"column":72}},"31":{"start":{"line":174,"column":12},"end":{"line":174,"column":80}},"32":{"start":{"line":175,"column":12},"end":{"line":175,"column":80}},"33":{"start":{"line":177,"column":12},"end":{"line":177,"column":7322}},"34":{"start":{"line":178,"column":16},"end":{"line":178,"column":86}},"35":{"start":{"line":179,"column":16},"end":{"line":179,"column":81}},"36":{"start":{"line":180,"column":16},"end":{"line":180,"column":89}},"37":{"start":{"line":181,"column":16},"end":{"line":181,"column":89}},"38":{"start":{"line":227,"column":8},"end":{"line":227,"column":116}},"39":{"start":{"line":228,"column":8},"end":{"line":228,"column":47}},"40":{"start":{"line":230,"column":8},"end":{"line":230,"column":68}},"41":{"start":{"line":231,"column":8},"end":{"line":231,"column":70}},"42":{"start":{"line":233,"column":8},"end":{"line":233,"column":9323}},"43":{"start":{"line":244,"column":8},"end":{"line":244,"column":60}},"44":{"start":{"line":257,"column":8},"end":{"line":257,"column":40}},"45":{"start":{"line":258,"column":8},"end":{"line":258,"column":44}},"46":{"start":{"line":272,"column":8},"end":{"line":272,"column":40}},"47":{"start":{"line":273,"column":8},"end":{"line":273,"column":41}},"48":{"start":{"line":282,"column":8},"end":{"line":282,"column":71}},"49":{"start":{"line":283,"column":8},"end":{"line":283,"column":133}},"50":{"start":{"line":285,"column":8},"end":{"line":285,"column":87}},"51":{"start":{"line":287,"column":8},"end":{"line":287,"column":135}},"52":{"start":{"line":289,"column":8},"end":{"line":289,"column":40}},"53":{"start":{"line":290,"column":8},"end":{"line":290,"column":41}},"54":{"start":{"line":304,"column":8},"end":{"line":304,"column":82}},"55":{"start":{"line":307,"column":8},"end":{"line":307,"column":65}},"56":{"start":{"line":309,"column":8},"end":{"line":309,"column":69}},"57":{"start":{"line":311,"column":8},"end":{"line":311,"column":60}},"58":{"start":{"line":321,"column":8},"end":{"line":321,"column":89}},"59":{"start":{"line":323,"column":8},"end":{"line":323,"column":105}},"60":{"start":{"line":338,"column":8},"end":{"line":338,"column":12575}},"61":{"start":{"line":362,"column":8},"end":{"line":362,"column":45}},"62":{"start":{"line":363,"column":8},"end":{"line":363,"column":32}},"63":{"start":{"line":374,"column":8},"end":{"line":374,"column":43}},"64":{"start":{"line":375,"column":8},"end":{"line":375,"column":40}},"65":{"start":{"line":391,"column":8},"end":{"line":391,"column":93}},"66":{"start":{"line":393,"column":8},"end":{"line":393,"column":138}},"67":{"start":{"line":415,"column":8},"end":{"line":415,"column":60}},"68":{"start":{"line":417,"column":8},"end":{"line":417,"column":15133}},"69":{"start":{"line":437,"column":8},"end":{"line":437,"column":50}},"70":{"start":{"line":438,"column":8},"end":{"line":438,"column":59}},"71":{"start":{"line":444,"column":8},"end":{"line":444,"column":54}},"72":{"start":{"line":447,"column":8},"end":{"line":447,"column":51}},"73":{"start":{"line":459,"column":8},"end":{"line":459,"column":76}},"74":{"start":{"line":461,"column":8},"end":{"line":461,"column":71}},"75":{"start":{"line":467,"column":8},"end":{"line":467,"column":75}},"76":{"start":{"line":469,"column":8},"end":{"line":469,"column":106}},"77":{"start":{"line":471,"column":8},"end":{"line":471,"column":153}},"78":{"start":{"line":473,"column":8},"end":{"line":473,"column":48}},"79":{"start":{"line":475,"column":8},"end":{"line":475,"column":17131}},"80":{"start":{"line":477,"column":12},"end":{"line":477,"column":17209}},"81":{"start":{"line":483,"column":12},"end":{"line":483,"column":17386}},"82":{"start":{"line":489,"column":8},"end":{"line":489,"column":27}},"83":{"start":{"line":500,"column":8},"end":{"line":500,"column":92}},"84":{"start":{"line":502,"column":8},"end":{"line":502,"column":17824}},"85":{"start":{"line":506,"column":8},"end":{"line":506,"column":64}},"86":{"start":{"line":509,"column":8},"end":{"line":509,"column":83}},"87":{"start":{"line":510,"column":8},"end":{"line":510,"column":60}},"88":{"start":{"line":512,"column":8},"end":{"line":512,"column":18236}},"89":{"start":{"line":518,"column":8},"end":{"line":518,"column":18449}},"90":{"start":{"line":528,"column":8},"end":{"line":528,"column":45}},"91":{"start":{"line":530,"column":8},"end":{"line":530,"column":23}},"92":{"start":{"line":544,"column":8},"end":{"line":544,"column":19084}},"93":{"start":{"line":546,"column":12},"end":{"line":546,"column":31}},"94":{"start":{"line":548,"column":12},"end":{"line":548,"column":95}},"95":{"start":{"line":550,"column":12},"end":{"line":550,"column":52}},"96":{"start":{"line":551,"column":12},"end":{"line":551,"column":37}},"97":{"start":{"line":552,"column":12},"end":{"line":552,"column":38}},"98":{"start":{"line":556,"column":12},"end":{"line":556,"column":19562}},"99":{"start":{"line":560,"column":12},"end":{"line":560,"column":39}},"100":{"start":{"line":571,"column":8},"end":{"line":571,"column":19898}},"101":{"start":{"line":572,"column":12},"end":{"line":572,"column":20}},"102":{"start":{"line":576,"column":8},"end":{"line":576,"column":33}},"103":{"start":{"line":577,"column":8},"end":{"line":577,"column":17}},"104":{"start":{"line":578,"column":8},"end":{"line":578,"column":20121}},"105":{"start":{"line":579,"column":12},"end":{"line":579,"column":23}},"106":{"start":{"line":580,"column":12},"end":{"line":580,"column":24}},"107":{"start":{"line":582,"column":8},"end":{"line":582,"column":20243}},"108":{"start":{"line":583,"column":12},"end":{"line":583,"column":22}},"109":{"start":{"line":584,"column":12},"end":{"line":584,"column":24}},"110":{"start":{"line":586,"column":8},"end":{"line":586,"column":20348}},"111":{"start":{"line":587,"column":12},"end":{"line":587,"column":22}},"112":{"start":{"line":588,"column":12},"end":{"line":588,"column":24}},"113":{"start":{"line":590,"column":8},"end":{"line":590,"column":20445}},"114":{"start":{"line":591,"column":12},"end":{"line":591,"column":22}},"115":{"start":{"line":592,"column":12},"end":{"line":592,"column":23}},"116":{"start":{"line":594,"column":8},"end":{"line":594,"column":20537}},"117":{"start":{"line":595,"column":12},"end":{"line":595,"column":21}},"118":{"start":{"line":596,"column":12},"end":{"line":596,"column":23}},"119":{"start":{"line":598,"column":8},"end":{"line":598,"column":20626}},"120":{"start":{"line":599,"column":12},"end":{"line":599,"column":21}},"121":{"start":{"line":600,"column":12},"end":{"line":600,"column":23}},"122":{"start":{"line":602,"column":8},"end":{"line":602,"column":20714}},"123":{"start":{"line":603,"column":12},"end":{"line":603,"column":23}},"124":{"start":{"line":608,"column":12},"end":{"line":608,"column":46}},"125":{"start":{"line":609,"column":12},"end":{"line":609,"column":46}},"126":{"start":{"line":610,"column":12},"end":{"line":610,"column":46}},"127":{"start":{"line":611,"column":12},"end":{"line":611,"column":46}},"128":{"start":{"line":612,"column":12},"end":{"line":612,"column":46}},"129":{"start":{"line":613,"column":12},"end":{"line":613,"column":46}},"130":{"start":{"line":614,"column":12},"end":{"line":614,"column":46}},"131":{"start":{"line":615,"column":12},"end":{"line":615,"column":50}},"132":{"start":{"line":616,"column":12},"end":{"line":616,"column":75}},"133":{"start":{"line":623,"column":12},"end":{"line":623,"column":21571}},"134":{"start":{"line":624,"column":16},"end":{"line":624,"column":37}},"135":{"start":{"line":631,"column":8},"end":{"line":631,"column":48}},"136":{"start":{"line":641,"column":8},"end":{"line":641,"column":47}},"137":{"start":{"line":642,"column":8},"end":{"line":642,"column":69}},"138":{"start":{"line":643,"column":8},"end":{"line":643,"column":69}},"139":{"start":{"line":648,"column":8},"end":{"line":648,"column":22677}},"140":{"start":{"line":650,"column":12},"end":{"line":650,"column":68}},"141":{"start":{"line":653,"column":12},"end":{"line":653,"column":93}},"142":{"start":{"line":655,"column":12},"end":{"line":655,"column":93}},"143":{"start":{"line":666,"column":8},"end":{"line":666,"column":117}},"144":{"start":{"line":667,"column":8},"end":{"line":667,"column":65}},"145":{"start":{"line":668,"column":8},"end":{"line":668,"column":55}},"146":{"start":{"line":673,"column":8},"end":{"line":673,"column":49}},"147":{"start":{"line":674,"column":8},"end":{"line":674,"column":51}},"148":{"start":{"line":679,"column":8},"end":{"line":679,"column":68}},"149":{"start":{"line":682,"column":8},"end":{"line":682,"column":78}},"150":{"start":{"line":685,"column":8},"end":{"line":685,"column":64}}},"branchMap":{"1":{"line":84,"type":"if","locations":[{"start":{"line":84,"column":8},"end":{"line":84,"column":8}},{"start":{"line":84,"column":8},"end":{"line":84,"column":8}}]},"2":{"line":113,"type":"if","locations":[{"start":{"line":113,"column":8},"end":{"line":113,"column":8}},{"start":{"line":113,"column":8},"end":{"line":113,"column":8}}]},"3":{"line":114,"type":"if","locations":[{"start":{"line":114,"column":8},"end":{"line":114,"column":8}},{"start":{"line":114,"column":8},"end":{"line":114,"column":8}}]},"4":{"line":118,"type":"if","locations":[{"start":{"line":118,"column":8},"end":{"line":118,"column":8}},{"start":{"line":118,"column":8},"end":{"line":118,"column":8}}]},"5":{"line":143,"type":"if","locations":[{"start":{"line":143,"column":8},"end":{"line":143,"column":8}},{"start":{"line":143,"column":8},"end":{"line":143,"column":8}}]},"6":{"line":164,"type":"if","locations":[{"start":{"line":164,"column":8},"end":{"line":164,"column":8}},{"start":{"line":164,"column":8},"end":{"line":164,"column":8}}]},"7":{"line":177,"type":"if","locations":[{"start":{"line":177,"column":12},"end":{"line":177,"column":12}},{"start":{"line":177,"column":12},"end":{"line":177,"column":12}}]},"8":{"line":227,"type":"if","locations":[{"start":{"line":227,"column":8},"end":{"line":227,"column":8}},{"start":{"line":227,"column":8},"end":{"line":227,"column":8}}]},"9":{"line":282,"type":"if","locations":[{"start":{"line":282,"column":8},"end":{"line":282,"column":8}},{"start":{"line":282,"column":8},"end":{"line":282,"column":8}}]},"10":{"line":283,"type":"if","locations":[{"start":{"line":283,"column":8},"end":{"line":283,"column":8}},{"start":{"line":283,"column":8},"end":{"line":283,"column":8}}]},"11":{"line":304,"type":"if","locations":[{"start":{"line":304,"column":8},"end":{"line":304,"column":8}},{"start":{"line":304,"column":8},"end":{"line":304,"column":8}}]},"12":{"line":415,"type":"if","locations":[{"start":{"line":415,"column":8},"end":{"line":415,"column":8}},{"start":{"line":415,"column":8},"end":{"line":415,"column":8}}]},"13":{"line":417,"type":"if","locations":[{"start":{"line":417,"column":8},"end":{"line":417,"column":8}},{"start":{"line":417,"column":8},"end":{"line":417,"column":8}}]},"14":{"line":467,"type":"if","locations":[{"start":{"line":467,"column":8},"end":{"line":467,"column":8}},{"start":{"line":467,"column":8},"end":{"line":467,"column":8}}]},"15":{"line":469,"type":"if","locations":[{"start":{"line":469,"column":8},"end":{"line":469,"column":8}},{"start":{"line":469,"column":8},"end":{"line":469,"column":8}}]},"16":{"line":475,"type":"if","locations":[{"start":{"line":475,"column":8},"end":{"line":475,"column":8}},{"start":{"line":475,"column":8},"end":{"line":475,"column":8}}]},"17":{"line":506,"type":"if","locations":[{"start":{"line":506,"column":8},"end":{"line":506,"column":8}},{"start":{"line":506,"column":8},"end":{"line":506,"column":8}}]},"18":{"line":512,"type":"if","locations":[{"start":{"line":512,"column":8},"end":{"line":512,"column":8}},{"start":{"line":512,"column":8},"end":{"line":512,"column":8}}]},"19":{"line":528,"type":"if","locations":[{"start":{"line":528,"column":8},"end":{"line":528,"column":8}},{"start":{"line":528,"column":8},"end":{"line":528,"column":8}}]},"20":{"line":544,"type":"if","locations":[{"start":{"line":544,"column":8},"end":{"line":544,"column":8}},{"start":{"line":544,"column":8},"end":{"line":544,"column":8}}]},"21":{"line":548,"type":"if","locations":[{"start":{"line":548,"column":12},"end":{"line":548,"column":12}},{"start":{"line":548,"column":12},"end":{"line":548,"column":12}}]},"22":{"line":571,"type":"if","locations":[{"start":{"line":571,"column":8},"end":{"line":571,"column":8}},{"start":{"line":571,"column":8},"end":{"line":571,"column":8}}]},"23":{"line":578,"type":"if","locations":[{"start":{"line":578,"column":8},"end":{"line":578,"column":8}},{"start":{"line":578,"column":8},"end":{"line":578,"column":8}}]},"24":{"line":582,"type":"if","locations":[{"start":{"line":582,"column":8},"end":{"line":582,"column":8}},{"start":{"line":582,"column":8},"end":{"line":582,"column":8}}]},"25":{"line":586,"type":"if","locations":[{"start":{"line":586,"column":8},"end":{"line":586,"column":8}},{"start":{"line":586,"column":8},"end":{"line":586,"column":8}}]},"26":{"line":590,"type":"if","locations":[{"start":{"line":590,"column":8},"end":{"line":590,"column":8}},{"start":{"line":590,"column":8},"end":{"line":590,"column":8}}]},"27":{"line":594,"type":"if","locations":[{"start":{"line":594,"column":8},"end":{"line":594,"column":8}},{"start":{"line":594,"column":8},"end":{"line":594,"column":8}}]},"28":{"line":598,"type":"if","locations":[{"start":{"line":598,"column":8},"end":{"line":598,"column":8}},{"start":{"line":598,"column":8},"end":{"line":598,"column":8}}]},"29":{"line":602,"type":"if","locations":[{"start":{"line":602,"column":8},"end":{"line":602,"column":8}},{"start":{"line":602,"column":8},"end":{"line":602,"column":8}}]},"30":{"line":648,"type":"if","locations":[{"start":{"line":648,"column":8},"end":{"line":648,"column":8}},{"start":{"line":648,"column":8},"end":{"line":648,"column":8}}]},"31":{"line":667,"type":"if","locations":[{"start":{"line":667,"column":8},"end":{"line":667,"column":8}},{"start":{"line":667,"column":8},"end":{"line":667,"column":8}}]}}},
"contracts\\minimums\\common\\MinimumsBase.sol":{"l":{"59":0,"61":0,"63":0,"87":0,"88":0,"89":0,"91":0,"93":0,"95":0,"110":0,"123":0,"124":0,"135":0,"151":0,"152":0,"153":0,"154":0,"156":0,"157":0,"159":0,"185":0,"186":0,"187":0,"188":0,"189":0,"190":0,"194":0,"195":0,"200":0,"223":0,"224":0,"226":0,"233":0,"252":0,"254":0,"256":0,"258":0,"259":0,"260":0,"265":0,"266":0,"268":0,"275":0,"279":0,"280":0,"303":0,"304":0,"307":0,"308":0,"309":0,"310":0,"312":0,"314":0,"315":0,"317":0,"319":0,"322":0,"323":0,"324":0,"326":0,"327":0,"331":0,"340":0,"341":0,"344":0,"345":0,"352":0,"355":0,"356":0,"357":0,"360":0,"361":0,"364":0,"376":0,"377":0,"379":0,"380":0,"409":0,"414":0,"415":0,"419":0,"420":0,"421":0,"422":0,"423":0,"424":0,"425":0,"426":0,"427":0,"428":0,"429":0,"432":0,"433":0,"434":0,"435":0},"path":"g:\\_projects\\intercoin\\TradedTokenContract\\src\\contracts\\minimums\\common\\MinimumsBase.sol","s":{"1":0,"2":0,"3":0,"4":0,"5":0,"6":0,"7":0,"8":0,"9":0,"10":0,"11":0,"12":0,"13":0,"14":0,"15":0,"16":0,"17":0,"18":0,"19":0,"20":0,"21":0,"22":0,"23":0,"24":0,"25":0,"26":0,"27":0,"28":0,"29":0,"30":0,"31":0,"32":0,"33":0,"34":0,"35":0,"36":0,"37":0,"38":0,"39":0,"40":0,"41":0,"42":0,"43":0,"44":0,"45":0,"46":0,"47":0,"48":0,"49":0,"50":0,"51":0,"52":0,"53":0,"54":0,"55":0,"56":0,"57":0,"58":0,"59":0,"60":0,"61":0,"62":0,"63":0,"64":0,"65":0,"66":0,"67":0,"68":0,"69":0,"70":0,"71":0,"72":0,"73":0,"74":0,"75":0,"76":0,"77":0,"78":0,"79":0,"80":0,"81":0,"82":0,"83":0,"84":0,"85":0,"86":0,"87":0,"88":0,"89":0,"90":0},"b":{"1":[0,0],"2":[0,0],"3":[0,0],"4":[0,0],"5":[0,0],"6":[0,0],"7":[0,0],"8":[0,0],"9":[0,0],"10":[0,0],"11":[0,0],"12":[0,0],"13":[0,0],"14":[0,0],"15":[0,0],"16":[0,0],"17":[0,0],"18":[0,0],"19":[0,0],"20":[0,0],"21":[0,0],"22":[0,0],"23":[0,0]},"f":{"1":0,"2":0,"3":0,"4":0,"5":0,"6":0,"7":0,"8":0,"9":0,"10":0,"11":0,"12":0,"13":0},"fnMap":{"1":{"name":"constructor","line":54,"loc":{"start":{"line":54,"column":4},"end":{"line":66,"column":4}}},"2":{"name":"_minimumsAdd","line":76,"loc":{"start":{"line":76,"column":4},"end":{"line":97,"column":4}}},"3":{"name":"_minimumsClear","line":104,"loc":{"start":{"line":104,"column":4},"end":{"line":111,"column":4}}},"4":{"name":"_automaticLockupAdd","line":117,"loc":{"start":{"line":117,"column":4},"end":{"line":125,"column":4}}},"5":{"name":"_automaticLockupRemove","line":130,"loc":{"start":{"line":130,"column":4},"end":{"line":136,"column":4}}},"6":{"name":"_getMinimum","line":143,"loc":{"start":{"line":143,"column":4},"end":{"line":170,"column":4}}},"7":{"name":"_minimumsClear","line":178,"loc":{"start":{"line":178,"column":4},"end":{"line":201,"column":4}}},"8":{"name":"_minimumsAddLow","line":214,"loc":{"start":{"line":214,"column":4},"end":{"line":235,"column":4}}},"9":{"name":"_reduceMinimum","line":243,"loc":{"start":{"line":243,"column":4},"end":{"line":286,"column":4}}},"10":{"name":"minimumsTransfer","line":294,"loc":{"start":{"line":294,"column":4},"end":{"line":402,"column":4}}},"11":{"name":"getIndexInterval","line":408,"loc":{"start":{"line":408,"column":4},"end":{"line":410,"column":4}}},"12":{"name":"sortAsc","line":413,"loc":{"start":{"line":413,"column":4},"end":{"line":416,"column":4}}},"13":{"name":"quickSortAsc","line":418,"loc":{"start":{"line":418,"column":4},"end":{"line":436,"column":4}}}},"statementMap":{"1":{"start":{"line":59,"column":8},"end":{"line":59,"column":1276}},"2":{"start":{"line":61,"column":12},"end":{"line":61,"column":27}},"3":{"start":{"line":63,"column":12},"end":{"line":63,"column":31}},"4":{"start":{"line":87,"column":8},"end":{"line":87,"column":66}},"5":{"start":{"line":88,"column":8},"end":{"line":88,"column":74}},"6":{"start":{"line":89,"column":8},"end":{"line":89,"column":95}},"7":{"start":{"line":91,"column":8},"end":{"line":91,"column":34}},"8":{"start":{"line":93,"column":8},"end":{"line":93,"column":75}},"9":{"start":{"line":95,"column":8},"end":{"line":95,"column":19}},"10":{"start":{"line":110,"column":8},"end":{"line":110,"column":41}},"11":{"start":{"line":123,"column":8},"end":{"line":123,"column":56}},"12":{"start":{"line":124,"column":8},"end":{"line":124,"column":39}},"13":{"start":{"line":135,"column":8},"end":{"line":135,"column":40}},"14":{"start":{"line":151,"column":8},"end":{"line":151,"column":24}},"15":{"start":{"line":152,"column":8},"end":{"line":152,"column":19}},"16":{"start":{"line":153,"column":8},"end":{"line":153,"column":3689}},"17":{"start":{"line":154,"column":12},"end":{"line":154,"column":55}},"18":{"start":{"line":156,"column":12},"end":{"line":156,"column":3841}},"19":{"start":{"line":157,"column":16},"end":{"line":157,"column":101}},"20":{"start":{"line":159,"column":16},"end":{"line":159,"column":4118}},"21":{"start":{"line":185,"column":8},"end":{"line":185,"column":28}},"22":{"start":{"line":186,"column":8},"end":{"line":186,"column":58}},"23":{"start":{"line":187,"column":8},"end":{"line":187,"column":5030}},"24":{"start":{"line":188,"column":12},"end":{"line":188,"column":5061}},"25":{"start":{"line":189,"column":16},"end":{"line":189,"column":61}},"26":{"start":{"line":190,"column":16},"end":{"line":190,"column":5177}},"27":{"start":{"line":195,"column":20},"end":{"line":195,"column":63}},"28":{"start":{"line":200,"column":8},"end":{"line":200,"column":19}},"29":{"start":{"line":223,"column":8},"end":{"line":223,"column":52}},"30":{"start":{"line":224,"column":8},"end":{"line":224,"column":6164}},"31":{"start":{"line":226,"column":12},"end":{"line":226,"column":6230}},"32":{"start":{"line":233,"column":12},"end":{"line":233,"column":127}},"33":{"start":{"line":252,"column":8},"end":{"line":252,"column":7098}},"34":{"start":{"line":254,"column":12},"end":{"line":254,"column":7193}},"35":{"start":{"line":256,"column":16},"end":{"line":256,"column":140}},"36":{"start":{"line":258,"column":16},"end":{"line":258,"column":121}},"37":{"start":{"line":259,"column":16},"end":{"line":259,"column":7536}},"38":{"start":{"line":260,"column":20},"end":{"line":260,"column":76}},"39":{"start":{"line":265,"column":16},"end":{"line":265,"column":7882}},"40":{"start":{"line":266,"column":20},"end":{"line":266,"column":134}},"41":{"start":{"line":268,"column":20},"end":{"line":268,"column":75}},"42":{"start":{"line":275,"column":12},"end":{"line":275,"column":8403}},"43":{"start":{"line":280,"column":16},"end":{"line":280,"column":63}},"44":{"start":{"line":303,"column":8},"end":{"line":303,"column":58}},"45":{"start":{"line":304,"column":8},"end":{"line":304,"column":34}},"46":{"start":{"line":307,"column":8},"end":{"line":307,"column":9182}},"47":{"start":{"line":308,"column":12},"end":{"line":308,"column":41}},"48":{"start":{"line":309,"column":12},"end":{"line":309,"column":9257}},"49":{"start":{"line":310,"column":16},"end":{"line":310,"column":63}},"50":{"start":{"line":312,"column":12},"end":{"line":312,"column":41}},"51":{"start":{"line":314,"column":12},"end":{"line":314,"column":26}},"52":{"start":{"line":315,"column":12},"end":{"line":315,"column":28}},"53":{"start":{"line":317,"column":12},"end":{"line":317,"column":9505}},"54":{"start":{"line":319,"column":16},"end":{"line":319,"column":9574}},"55":{"start":{"line":322,"column":20},"end":{"line":322,"column":9703}},"56":{"start":{"line":323,"column":24},"end":{"line":323,"column":84}},"57":{"start":{"line":324,"column":24},"end":{"line":324,"column":45}},"58":{"start":{"line":326,"column":24},"end":{"line":326,"column":37}},"59":{"start":{"line":327,"column":24},"end":{"line":327,"column":32}},"60":{"start":{"line":331,"column":20},"end":{"line":331,"column":10116}},"61":{"start":{"line":340,"column":20},"end":{"line":340,"column":10455}},"62":{"start":{"line":341,"column":24},"end":{"line":341,"column":88}},"63":{"start":{"line":344,"column":20},"end":{"line":344,"column":10635}},"64":{"start":{"line":352,"column":20},"end":{"line":352,"column":118}},"65":{"start":{"line":355,"column":20},"end":{"line":355,"column":11055}},"66":{"start":{"line":356,"column":24},"end":{"line":356,"column":40}},"67":{"start":{"line":357,"column":24},"end":{"line":357,"column":47}},"68":{"start":{"line":360,"column":24},"end":{"line":360,"column":37}},"69":{"start":{"line":361,"column":24},"end":{"line":361,"column":32}},"70":{"start":{"line":364,"column":20},"end":{"line":364,"column":11362}},"71":{"start":{"line":376,"column":20},"end":{"line":376,"column":11882}},"72":{"start":{"line":377,"column":24},"end":{"line":377,"column":87}},"73":{"start":{"line":379,"column":20},"end":{"line":379,"column":12040}},"74":{"start":{"line":409,"column":8},"end":{"line":409,"column":39}},"75":{"start":{"line":414,"column":7},"end":{"line":414,"column":54}},"76":{"start":{"line":415,"column":7},"end":{"line":415,"column":18}},"77":{"start":{"line":419,"column":8},"end":{"line":419,"column":20}},"78":{"start":{"line":420,"column":8},"end":{"line":420,"column":21}},"79":{"start":{"line":421,"column":8},"end":{"line":421,"column":23}},"80":{"start":{"line":421,"column":17},"end":{"line":421,"column":23}},"81":{"start":{"line":422,"column":8},"end":{"line":422,"column":57}},"82":{"start":{"line":423,"column":8},"end":{"line":423,"column":13303}},"83":{"start":{"line":424,"column":12},"end":{"line":424,"column":44}},"84":{"start":{"line":425,"column":12},"end":{"line":425,"column":44}},"85":{"start":{"line":426,"column":12},"end":{"line":426,"column":13428}},"86":{"start":{"line":427,"column":16},"end":{"line":427,"column":74}},"87":{"start":{"line":432,"column":8},"end":{"line":432,"column":13619}},"88":{"start":{"line":433,"column":12},"end":{"line":433,"column":37}},"89":{"start":{"line":434,"column":8},"end":{"line":434,"column":13682}},"90":{"start":{"line":435,"column":12},"end":{"line":435,"column":38}}},"branchMap":{"1":{"line":59,"type":"if","locations":[{"start":{"line":59,"column":8},"end":{"line":59,"column":8}},{"start":{"line":59,"column":8},"end":{"line":59,"column":8}}]},"2":{"line":89,"type":"if","locations":[{"start":{"line":89,"column":8},"end":{"line":89,"column":8}},{"start":{"line":89,"column":8},"end":{"line":89,"column":8}}]},"3":{"line":156,"type":"if","locations":[{"start":{"line":156,"column":12},"end":{"line":156,"column":12}},{"start":{"line":156,"column":12},"end":{"line":156,"column":12}}]},"4":{"line":187,"type":"if","locations":[{"start":{"line":187,"column":8},"end":{"line":187,"column":8}},{"start":{"line":187,"column":8},"end":{"line":187,"column":8}}]},"5":{"line":190,"type":"if","locations":[{"start":{"line":190,"column":16},"end":{"line":190,"column":16}},{"start":{"line":190,"column":16},"end":{"line":190,"column":16}}]},"6":{"line":224,"type":"if","locations":[{"start":{"line":224,"column":8},"end":{"line":224,"column":8}},{"start":{"line":224,"column":8},"end":{"line":224,"column":8}}]},"7":{"line":252,"type":"if","locations":[{"start":{"line":252,"column":8},"end":{"line":252,"column":8}},{"start":{"line":252,"column":8},"end":{"line":252,"column":8}}]},"8":{"line":254,"type":"if","locations":[{"start":{"line":254,"column":12},"end":{"line":254,"column":12}},{"start":{"line":254,"column":12},"end":{"line":254,"column":12}}]},"9":{"line":259,"type":"if","locations":[{"start":{"line":259,"column":16},"end":{"line":259,"column":16}},{"start":{"line":259,"column":16},"end":{"line":259,"column":16}}]},"10":{"line":265,"type":"if","locations":[{"start":{"line":265,"column":16},"end":{"line":265,"column":16}},{"start":{"line":265,"column":16},"end":{"line":265,"column":16}}]},"11":{"line":275,"type":"if","locations":[{"start":{"line":275,"column":12},"end":{"line":275,"column":12}},{"start":{"line":275,"column":12},"end":{"line":275,"column":12}}]},"12":{"line":307,"type":"if","locations":[{"start":{"line":307,"column":8},"end":{"line":307,"column":8}},{"start":{"line":307,"column":8},"end":{"line":307,"column":8}}]},"13":{"line":319,"type":"if","locations":[{"start":{"line":319,"column":16},"end":{"line":319,"column":16}},{"start":{"line":319,"column":16},"end":{"line":319,"column":16}}]},"14":{"line":322,"type":"if","locations":[{"start":{"line":322,"column":20},"end":{"line":322,"column":20}},{"start":{"line":322,"column":20},"end":{"line":322,"column":20}}]},"15":{"line":340,"type":"if","locations":[{"start":{"line":340,"column":20},"end":{"line":340,"column":20}},{"start":{"line":340,"column":20},"end":{"line":340,"column":20}}]},"16":{"line":344,"type":"if","locations":[{"start":{"line":344,"column":20},"end":{"line":344,"column":20}},{"start":{"line":344,"column":20},"end":{"line":344,"column":20}}]},"17":{"line":355,"type":"if","locations":[{"start":{"line":355,"column":20},"end":{"line":355,"column":20}},{"start":{"line":355,"column":20},"end":{"line":355,"column":20}}]},"18":{"line":376,"type":"if","locations":[{"start":{"line":376,"column":20},"end":{"line":376,"column":20}},{"start":{"line":376,"column":20},"end":{"line":376,"column":20}}]},"19":{"line":379,"type":"if","locations":[{"start":{"line":379,"column":20},"end":{"line":379,"column":20}},{"start":{"line":379,"column":20},"end":{"line":379,"column":20}}]},"20":{"line":421,"type":"if","locations":[{"start":{"line":421,"column":8},"end":{"line":421,"column":8}},{"start":{"line":421,"column":8},"end":{"line":421,"column":8}}]},"21":{"line":426,"type":"if","locations":[{"start":{"line":426,"column":12},"end":{"line":426,"column":12}},{"start":{"line":426,"column":12},"end":{"line":426,"column":12}}]},"22":{"line":432,"type":"if","locations":[{"start":{"line":432,"column":8},"end":{"line":432,"column":8}},{"start":{"line":432,"column":8},"end":{"line":432,"column":8}}]},"23":{"line":434,"type":"if","locations":[{"start":{"line":434,"column":8},"end":{"line":434,"column":8}},{"start":{"line":434,"column":8},"end":{"line":434,"column":8}}]}}},
"contracts\\minimums\\libs\\MinimumsLib.sol":{"l":{"54":3,"55":3,"56":3,"58":3,"60":3,"62":3,"78":0,"92":0,"93":0,"104":0,"119":35,"120":35,"121":35,"122":1,"124":1,"125":1,"127":1,"148":0,"149":0,"150":0,"152":0,"155":0,"156":0,"158":0,"159":0,"160":0,"161":0,"162":0,"173":0,"189":3,"190":3,"191":3,"192":0,"193":0,"194":0,"198":0,"199":0,"204":3,"227":3,"228":3,"230":3,"237":0,"256":0,"258":0,"260":0,"262":0,"263":0,"264":0,"269":0,"270":0,"272":0,"279":0,"283":0,"284":0,"308":0,"309":0,"312":0,"313":0,"314":0,"315":0,"317":0,"319":0,"320":0,"322":0,"324":0,"327":0,"328":0,"329":0,"331":0,"332":0,"336":0,"346":0,"347":0,"350":0,"351":0,"358":0,"361":0,"362":0,"363":0,"366":0,"367":0,"370":0,"383":0,"384":0,"386":0,"387":0,"416":3,"421":0,"422":0,"426":0,"427":0,"428":0,"429":0,"430":0,"431":0,"432":0,"433":0,"434":0,"435":0,"436":0,"439":0,"440":0,"441":0,"442":0},"path":"g:\\_projects\\intercoin\\TradedTokenContract\\src\\contracts\\minimums\\libs\\MinimumsLib.sol","s":{"1":3,"2":3,"3":3,"4":3,"5":3,"6":3,"7":0,"8":0,"9":0,"10":0,"11":35,"12":35,"13":35,"14":1,"15":1,"16":1,"17":1,"18":0,"19":0,"20":0,"21":0,"22":0,"23":0,"24":0,"25":0,"26":0,"27":0,"28":0,"29":0,"30":3,"31":3,"32":3,"33":0,"34":0,"35":0,"36":0,"37":3,"38":3,"39":3,"40":3,"41":0,"42":0,"43":0,"44":0,"45":0,"46":0,"47":0,"48":0,"49":0,"50":0,"51":0,"52":0,"53":0,"54":0,"55":0,"56":0,"57":0,"58":0,"59":0,"60":0,"61":0,"62":0,"63":0,"64":0,"65":0,"66":0,"67":0,"68":0,"69":0,"70":0,"71":0,"72":0,"73":0,"74":0,"75":0,"76":0,"77":0,"78":0,"79":0,"80":0,"81":0,"82":0,"83":3,"84":0,"85":0,"86":0,"87":0,"88":0,"89":0,"90":0,"91":0,"92":0,"93":0,"94":0,"95":0,"96":0,"97":0,"98":0,"99":0},"b":{"1":[3,0],"2":[1,0],"3":[0,0],"4":[0,3],"5":[0,0],"6":[3,0],"7":[0,0],"8":[0,0],"9":[0,0],"10":[0,0],"11":[0,0],"12":[0,0],"13":[0,0],"14":[0,0],"15":[0,0],"16":[0,0],"17":[0,0],"18":[0,0],"19":[0,0],"20":[0,0],"21":[0,0],"22":[0,0],"23":[0,0]},"f":{"1":3,"2":0,"3":0,"4":0,"5":35,"6":0,"7":3,"8":3,"9":0,"10":0,"11":3,"12":0,"13":0},"fnMap":{"1":{"name":"_minimumsAdd","line":42,"loc":{"start":{"line":42,"column":4},"end":{"line":64,"column":4}}},"2":{"name":"_minimumsClear","line":71,"loc":{"start":{"line":71,"column":4},"end":{"line":79,"column":4}}},"3":{"name":"_automaticLockupAdd","line":85,"loc":{"start":{"line":85,"column":4},"end":{"line":94,"column":4}}},"4":{"name":"_automaticLockupRemove","line":99,"loc":{"start":{"line":99,"column":4},"end":{"line":105,"column":4}}},"5":{"name":"_getMinimum","line":111,"loc":{"start":{"line":111,"column":4},"end":{"line":138,"column":4}}},"6":{"name":"_getMinimumList","line":140,"loc":{"start":{"line":140,"column":4},"end":{"line":174,"column":4}}},"7":{"name":"_minimumsClear","line":181,"loc":{"start":{"line":181,"column":4},"end":{"line":205,"column":4}}},"8":{"name":"_minimumsAddLow","line":218,"loc":{"start":{"line":218,"column":4},"end":{"line":239,"column":4}}},"9":{"name":"_reduceMinimum","line":247,"loc":{"start":{"line":247,"column":4},"end":{"line":290,"column":4}}},"10":{"name":"minimumsTransfer","line":297,"loc":{"start":{"line":297,"column":4},"end":{"line":409,"column":4}}},"11":{"name":"getIndexInterval","line":415,"loc":{"start":{"line":415,"column":4},"end":{"line":417,"column":4}}},"12":{"name":"sortAsc","line":420,"loc":{"start":{"line":420,"column":4},"end":{"line":423,"column":4}}},"13":{"name":"quickSortAsc","line":425,"loc":{"start":{"line":425,"column":4},"end":{"line":443,"column":4}}}},"statementMap":{"1":{"start":{"line":54,"column":8},"end":{"line":54,"column":76}},"2":{"start":{"line":55,"column":8},"end":{"line":55,"column":74}},"3":{"start":{"line":56,"column":8},"end":{"line":56,"column":66}},"4":{"start":{"line":58,"column":8},"end":{"line":58,"column":51}},"5":{"start":{"line":60,"column":8},"end":{"line":60,"column":82}},"6":{"start":{"line":62,"column":8},"end":{"line":62,"column":19}},"7":{"start":{"line":78,"column":8},"end":{"line":78,"column":58}},"8":{"start":{"line":92,"column":8},"end":{"line":92,"column":56}},"9":{"start":{"line":93,"column":8},"end":{"line":93,"column":39}},"10":{"start":{"line":104,"column":8},"end":{"line":104,"column":40}},"11":{"start":{"line":119,"column":8},"end":{"line":119,"column":24}},"12":{"start":{"line":120,"column":8},"end":{"line":120,"column":19}},"13":{"start":{"line":121,"column":8},"end":{"line":121,"column":3256}},"14":{"start":{"line":122,"column":12},"end":{"line":122,"column":55}},"15":{"start":{"line":124,"column":12},"end":{"line":124,"column":3408}},"16":{"start":{"line":125,"column":16},"end":{"line":125,"column":101}},"17":{"start":{"line":127,"column":16},"end":{"line":127,"column":3685}},"18":{"start":{"line":148,"column":8},"end":{"line":148,"column":24}},"19":{"start":{"line":149,"column":8},"end":{"line":149,"column":19}},"20":{"start":{"line":150,"column":8},"end":{"line":150,"column":58}},"21":{"start":{"line":152,"column":8},"end":{"line":152,"column":53}},"22":{"start":{"line":155,"column":8},"end":{"line":155,"column":4501}},"23":{"start":{"line":156,"column":12},"end":{"line":156,"column":55}},"24":{"start":{"line":158,"column":12},"end":{"line":158,"column":4620}},"25":{"start":{"line":159,"column":16},"end":{"line":159,"column":101}},"26":{"start":{"line":160,"column":16},"end":{"line":160,"column":40}},"27":{"start":{"line":161,"column":16},"end":{"line":161,"column":35}},"28":{"start":{"line":162,"column":16},"end":{"line":162,"column":4951}},"29":{"start":{"line":173,"column":8},"end":{"line":173,"column":18}},"30":{"start":{"line":189,"column":8},"end":{"line":189,"column":28}},"31":{"start":{"line":190,"column":8},"end":{"line":190,"column":58}},"32":{"start":{"line":191,"column":8},"end":{"line":191,"column":5796}},"33":{"start":{"line":192,"column":12},"end":{"line":192,"column":5827}},"34":{"start":{"line":193,"column":16},"end":{"line":193,"column":61}},"35":{"start":{"line":194,"column":16},"end":{"line":194,"column":5943}},"36":{"start":{"line":199,"column":20},"end":{"line":199,"column":63}},"37":{"start":{"line":204,"column":8},"end":{"line":204,"column":19}},"38":{"start":{"line":227,"column":8},"end":{"line":227,"column":52}},"39":{"start":{"line":228,"column":8},"end":{"line":228,"column":6962}},"40":{"start":{"line":230,"column":12},"end":{"line":230,"column":7028}},"41":{"start":{"line":237,"column":12},"end":{"line":237,"column":127}},"42":{"start":{"line":256,"column":8},"end":{"line":256,"column":7925}},"43":{"start":{"line":258,"column":12},"end":{"line":258,"column":8020}},"44":{"start":{"line":260,"column":16},"end":{"line":260,"column":140}},"45":{"start":{"line":262,"column":16},"end":{"line":262,"column":121}},"46":{"start":{"line":263,"column":16},"end":{"line":263,"column":8363}},"47":{"start":{"line":264,"column":20},"end":{"line":264,"column":76}},"48":{"start":{"line":269,"column":16},"end":{"line":269,"column":8709}},"49":{"start":{"line":270,"column":20},"end":{"line":270,"column":134}},"50":{"start":{"line":272,"column":20},"end":{"line":272,"column":75}},"51":{"start":{"line":279,"column":12},"end":{"line":279,"column":9230}},"52":{"start":{"line":284,"column":16},"end":{"line":284,"column":63}},"53":{"start":{"line":308,"column":8},"end":{"line":308,"column":62}},"54":{"start":{"line":309,"column":8},"end":{"line":309,"column":34}},"55":{"start":{"line":312,"column":8},"end":{"line":312,"column":10052}},"56":{"start":{"line":313,"column":12},"end":{"line":313,"column":41}},"57":{"start":{"line":314,"column":12},"end":{"line":314,"column":10127}},"58":{"start":{"line":315,"column":16},"end":{"line":315,"column":67}},"59":{"start":{"line":317,"column":12},"end":{"line":317,"column":41}},"60":{"start":{"line":319,"column":12},"end":{"line":319,"column":26}},"61":{"start":{"line":320,"column":12},"end":{"line":320,"column":28}},"62":{"start":{"line":322,"column":12},"end":{"line":322,"column":10379}},"63":{"start":{"line":324,"column":16},"end":{"line":324,"column":10448}},"64":{"start":{"line":327,"column":20},"end":{"line":327,"column":10577}},"65":{"start":{"line":328,"column":24},"end":{"line":328,"column":88}},"66":{"start":{"line":329,"column":24},"end":{"line":329,"column":45}},"67":{"start":{"line":331,"column":24},"end":{"line":331,"column":37}},"68":{"start":{"line":332,"column":24},"end":{"line":332,"column":32}},"69":{"start":{"line":336,"column":20},"end":{"line":336,"column":10998}},"70":{"start":{"line":346,"column":20},"end":{"line":346,"column":11396}},"71":{"start":{"line":347,"column":24},"end":{"line":347,"column":99}},"72":{"start":{"line":350,"column":20},"end":{"line":350,"column":11593}},"73":{"start":{"line":358,"column":20},"end":{"line":358,"column":122}},"74":{"start":{"line":361,"column":20},"end":{"line":361,"column":12017}},"75":{"start":{"line":362,"column":24},"end":{"line":362,"column":40}},"76":{"start":{"line":363,"column":24},"end":{"line":363,"column":47}},"77":{"start":{"line":366,"column":24},"end":{"line":366,"column":37}},"78":{"start":{"line":367,"column":24},"end":{"line":367,"column":32}},"79":{"start":{"line":370,"column":20},"end":{"line":370,"column":12324}},"80":{"start":{"line":383,"column":20},"end":{"line":383,"column":12903}},"81":{"start":{"line":384,"column":24},"end":{"line":384,"column":98}},"82":{"start":{"line":386,"column":20},"end":{"line":386,"column":13078}},"83":{"start":{"line":416,"column":8},"end":{"line":416,"column":39}},"84":{"start":{"line":421,"column":7},"end":{"line":421,"column":54}},"85":{"start":{"line":422,"column":7},"end":{"line":422,"column":18}},"86":{"start":{"line":426,"column":8},"end":{"line":426,"column":20}},"87":{"start":{"line":427,"column":8},"end":{"line":427,"column":21}},"88":{"start":{"line":428,"column":8},"end":{"line":428,"column":23}},"89":{"start":{"line":428,"column":17},"end":{"line":428,"column":23}},"90":{"start":{"line":429,"column":8},"end":{"line":429,"column":57}},"91":{"start":{"line":430,"column":8},"end":{"line":430,"column":14358}},"92":{"start":{"line":431,"column":12},"end":{"line":431,"column":44}},"93":{"start":{"line":432,"column":12},"end":{"line":432,"column":44}},"94":{"start":{"line":433,"column":12},"end":{"line":433,"column":14483}},"95":{"start":{"line":434,"column":16},"end":{"line":434,"column":74}},"96":{"start":{"line":439,"column":8},"end":{"line":439,"column":14674}},"97":{"start":{"line":440,"column":12},"end":{"line":440,"column":37}},"98":{"start":{"line":441,"column":8},"end":{"line":441,"column":14737}},"99":{"start":{"line":442,"column":12},"end":{"line":442,"column":38}}},"branchMap":{"1":{"line":56,"type":"if","locations":[{"start":{"line":56,"column":8},"end":{"line":56,"column":8}},{"start":{"line":56,"column":8},"end":{"line":56,"column":8}}]},"2":{"line":124,"type":"if","locations":[{"start":{"line":124,"column":12},"end":{"line":124,"column":12}},{"start":{"line":124,"column":12},"end":{"line":124,"column":12}}]},"3":{"line":158,"type":"if","locations":[{"start":{"line":158,"column":12},"end":{"line":158,"column":12}},{"start":{"line":158,"column":12},"end":{"line":158,"column":12}}]},"4":{"line":191,"type":"if","locations":[{"start":{"line":191,"column":8},"end":{"line":191,"column":8}},{"start":{"line":191,"column":8},"end":{"line":191,"column":8}}]},"5":{"line":194,"type":"if","locations":[{"start":{"line":194,"co
[...]
"contracts\\mocks\\ChainRuleMock2.sol":{"l":{"22":0,"27":0,"28":0,"30":0,"31":0},"path":"g:\\_projects\\intercoin\\TradedTokenContract\\src\\contracts\\mocks\\ChainRuleMock2.sol","s":{"1":0,"2":0,"3":0,"4":0,"5":0},"b":{"1":[0,0]},"f":{"1":0,"2":0},"fnMap":{"1":{"name":"doValidate","line":13,"loc":{"start":{"line":13,"column":4},"end":{"line":23,"column":4}}},"2":{"name":"_validate","line":25,"loc":{"start":{"line":25,"column":4},"end":{"line":35,"column":4}}}},"statementMap":{"1":{"start":{"line":22,"column":8},"end":{"line":22,"column":43}},"2":{"start":{"line":27,"column":8},"end":{"line":27,"column":817}},"3":{"start":{"line":28,"column":12},"end":{"line":28,"column":102}},"4":{"start":{"line":30,"column":12},"end":{"line":30,"column":56}},"5":{"start":{"line":31,"column":12},"end":{"line":31,"column":46}}},"branchMap":{"1":{"line":27,"type":"if","locations":[{"start":{"line":27,"column":8},"end":{"line":27,"column":8}},{"start":{"line":27,"column":8},"end":{"line":27,"column":8}}]}}},
"contracts\\mocks\\ChainRuleMock3.sol":{"l":{"22":0,"27":0,"28":0,"30":0,"31":0},"path":"g:\\_projects\\intercoin\\TradedTokenContract\\src\\contracts\\mocks\\ChainRuleMock3.sol","s":{"1":0,"2":0,"3":0,"4":0,"5":0},"b":{"1":[0,0]},"f":{"1":0,"2":0},"fnMap":{"1":{"name":"doValidate","line":13,"loc":{"start":{"line":13,"column":4},"end":{"line":23,"column":4}}},"2":{"name":"_validate","line":25,"loc":{"start":{"line":25,"column":4},"end":{"line":35,"column":4}}}},"statementMap":{"1":{"start":{"line":22,"column":8},"end":{"line":22,"column":43}},"2":{"start":{"line":27,"column":8},"end":{"line":27,"column":817}},"3":{"start":{"line":28,"column":12},"end":{"line":28,"column":102}},"4":{"start":{"line":30,"column":12},"end":{"line":30,"column":56}},"5":{"start":{"line":31,"column":12},"end":{"line":31,"column":46}}},"branchMap":{"1":{"line":27,"type":"if","locations":[{"start":{"line":27,"column":8},"end":{"line":27,"column":8}},{"start":{"line":27,"column":8},"end":{"line":27,"column":8}}]}}},
"contracts\\mocks\\ERC20Mintable.sol":{"l":{"27":14},"path":"g:\\_projects\\intercoin\\TradedTokenContract\\src\\contracts\\mocks\\ERC20Mintable.sol","s":{"1":14},"b":{},"f":{"1":93,"2":14},"fnMap":{"1":{"name":"constructor","line":16,"loc":{"start":{"line":13,"column":4},"end":{"line":19,"column":4}}},"2":{"name":"mint","line":26,"loc":{"start":{"line":26,"column":4},"end":{"line":28,"column":4}}}},"statementMap":{"1":{"start":{"line":27,"column":8},"end":{"line":27,"column":29}}},"branchMap":{}},
"contracts\\mocks\\ITRMock.sol":{"l":{"19":0,"20":0,"21":0,"22":0,"23":0,"38":0,"39":0,"40":0,"41":0,"42":0,"46":0,"49":0,"57":0},"path":"g:\\_projects\\intercoin\\TradedTokenContract\\src\\contracts\\mocks\\ITRMock.sol","s":{"1":0,"2":0,"3":0,"4":0,"5":0,"6":0,"7":0,"8":0,"9":0,"10":0,"11":0,"12":0,"13":0},"b":{},"f":{"1":0,"2":0,"3":0,"4":0,"5":0},"fnMap":{"1":{"name":"setClaimData","line":9,"loc":{"start":{"line":9,"column":4},"end":{"line":24,"column":4}}},"2":{"name":"getClaimData","line":26,"loc":{"start":{"line":26,"column":4},"end":{"line":43,"column":4}}},"3":{"name":"getCurrentClaimedAmount","line":45,"loc":{"start":{"line":45,"column":4},"end":{"line":47,"column":4}}},"4":{"name":"setCurrentClaimedAmount","line":48,"loc":{"start":{"line":48,"column":4},"end":{"line":50,"column":4}}},"5":{"name":"setMaxTotalSupply","line":56,"loc":{"start":{"line":56,"column":4},"end":{"line":58,"column":4}}}},"statementMap":{"1":{"start":{"line":19,"column":8},"end":{"line":19,"column":25}},"2":{"start":{"line":20,"column":8},"end":{"line":20,"column":32}},"3":{"start":{"line":21,"column":8},"end":{"line":21,"column":32}},"4":{"start":{"line":22,"column":8},"end":{"line":22,"column":32}},"5":{"start":{"line":23,"column":8},"end":{"line":23,"column":28}},"6":{"start":{"line":38,"column":8},"end":{"line":38,"column":25}},"7":{"start":{"line":39,"column":8},"end":{"line":39,"column":32}},"8":{"start":{"line":40,"column":8},"end":{"line":40,"column":32}},"9":{"start":{"line":41,"column":8},"end":{"line":41,"column":32}},"10":{"start":{"line":42,"column":8},"end":{"line":42,"column":28}},"11":{"start":{"line":46,"column":8},"end":{"line":46,"column":33}},"12":{"start":{"line":49,"column":8},"end":{"line":49,"column":33}},"13":{"start":{"line":57,"column":8},"end":{"line":57,"column":30}}},"branchMap":{}},
"contracts\\mocks\\MainMock.sol":{"l":{"33":6,"35":6,"37":6,"40":6,"42":6,"44":6,"46":6,"49":6,"53":6,"54":6,"64":0},"path":"g:\\_projects\\intercoin\\TradedTokenContract\\src\\contracts\\mocks\\MainMock.sol","s":{"1":6,"2":6,"3":6,"4":6,"5":6,"6":6,"7":6,"8":6,"9":6,"10":6,"11":0},"b":{"1":[6,0],"2":[6,0],"3":[6,0]},"f":{"1":48,"2":6},"fnMap":{"1":{"name":"constructor","line":19,"loc":{"start":{"line":10,"column":4},"end":{"line":21,"column":4}}},"2":{"name":"uniswapPrices","line":24,"loc":{"start":{"line":24,"column":4},"end":{"line":75,"column":4}}}},"statementMap":{"1":{"start":{"line":33,"column":8},"end":{"line":33,"column":86}},"2":{"start":{"line":35,"column":8},"end":{"line":35,"column":76}},"3":{"start":{"line":37,"column":8},"end":{"line":37,"column":71}},"4":{"start":{"line":40,"column":8},"end":{"line":40,"column":75}},"5":{"start":{"line":42,"column":8},"end":{"line":42,"column":106}},"6":{"start":{"line":44,"column":8},"end":{"line":44,"column":150}},"7":{"start":{"line":46,"column":8},"end":{"line":46,"column":1725}},"8":{"start":{"line":49,"column":8},"end":{"line":49,"column":1903}},"9":{"start":{"line":53,"column":8},"end":{"line":53,"column":2090}},"10":{"start":{"line":54,"column":12},"end":{"line":54,"column":2169}},"11":{"start":{"line":64,"column":12},"end":{"line":64,"column":2514}}},"branchMap":{"1":{"line":40,"type":"if","locations":[{"start":{"line":40,"column":8},"end":{"line":40,"column":8}},{"start":{"line":40,"column":8},"end":{"line":40,"column":8}}]},"2":{"line":42,"type":"if","locations":[{"start":{"line":42,"column":8},"end":{"line":42,"column":8}},{"start":{"line":42,"column":8},"end":{"line":42,"column":8}}]},"3":{"line":53,"type":"if","locations":[{"start":{"line":53,"column":8},"end":{"line":53,"column":8}},{"start":{"line":53,"column":8},"end":{"line":53,"column":8}}]}}},
"contracts\\mocks\\src20\\MockRuleSettings.sol":{"l":{"11":0},"path":"g:\\_projects\\intercoin\\TradedTokenContract\\src\\contracts\\mocks\\src20\\MockRuleSettings.sol","s":{"1":0},"b":{},"f":{"1":0},"fnMap":{"1":{"name":"setRevertState","line":10,"loc":{"start":{"line":10,"column":4},"end":{"line":12,"column":4}}}},"statementMap":{"1":{"start":{"line":11,"column":8},"end":{"line":11,"column":23}}},"branchMap":{}},
"contracts\\mocks\\src20\\MockSRC20.sol":{"l":{"22":0,"24":0,"25":0,"28":0,"29":0,"34":0,"35":0,"36":0,"39":0,"45":0,"46":0,"48":0,"51":0,"54":0,"56":0,"57":0,"61":0,"64":0,"68":0},"path":"g:\\_projects\\intercoin\\TradedTokenContract\\src\\contracts\\mocks\\src20\\MockSRC20.sol","s":{"1":0,"2":0,"3":0,"4":0,"5":0,"6":0,"7":0,"8":0,"9":0,"10":0,"11":0,"12":0,"13":0,"14":0,"15":0,"16":0,"17":0,"18":0,"19":0},"b":{"1":[0,0],"2":[0,0],"3":[0,0],"4":[0,0],"5":[0,0]},"f":{"1":0,"2":0,"3":0,"4":0,"5":0,"6":0,"7":0},"fnMap":{"1":{"name":"_updateRestrictionsAndRules","line":19,"loc":{"start":{"line":19,"column":4},"end":{"line":30,"column":4}}},"2":{"name":"executeTransfer","line":32,"loc":{"start":{"line":32,"column":4},"end":{"line":37,"column":4}}},"3":{"name":"updateRestrictionsAndRules","line":38,"loc":{"start":{"line":38,"column":4},"end":{"line":40,"column":4}}},"4":{"name":"transfer","line":42,"loc":{"start":{"line":42,"column":4},"end":{"line":52,"column":4}}},"5":{"name":"_transfer","line":53,"loc":{"start":{"line":53,"column":4},"end":{"line":62,"column":4}}},"6":{"name":"mint","line":63,"loc":{"start":{"line":63,"column":4},"end":{"line":66,"column":4}}},"7":{"name":"balanceOf","line":67,"loc":{"start":{"line":67,"column":4},"end":{"line":69,"column":4}}}},"statementMap":{"1":{"start":{"line":22,"column":8},"end":{"line":22,"column":37}},"2":{"start":{"line":24,"column":8},"end":{"line":24,"column":772}},"3":{"start":{"line":25,"column":12},"end":{"line":25,"column":96}},"4":{"start":{"line":28,"column":8},"end":{"line":28,"column":61}},"5":{"start":{"line":29,"column":8},"end":{"line":29,"column":19}},"6":{"start":{"line":34,"column":8},"end":{"line":34,"column":52}},"7":{"start":{"line":35,"column":8},"end":{"line":35,"column":33}},"8":{"start":{"line":36,"column":8},"end":{"line":36,"column":19}},"9":{"start":{"line":39,"column":8},"end":{"line":39,"column":63}},"10":{"start":{"line":45,"column":8},"end":{"line":45,"column":1609}},"11":{"start":{"line":46,"column":12},"end":{"line":46,"column":79}},"12":{"start":{"line":48,"column":12},"end":{"line":48,"column":43}},"13":{"start":{"line":51,"column":8},"end":{"line":51,"column":19}},"14":{"start":{"line":54,"column":8},"end":{"line":54,"column":61}},"15":{"start":{"line":56,"column":8},"end":{"line":56,"column":51}},"16":{"start":{"line":57,"column":8},"end":{"line":57,"column":47}},"17":{"start":{"line":61,"column":8},"end":{"line":61,"column":38}},"18":{"start":{"line":64,"column":8},"end":{"line":64,"column":47}},"19":{"start":{"line":68,"column":8},"end":{"line":68,"column":28}}},"branchMap":{"1":{"line":24,"type":"if","locations":[{"start":{"line":24,"column":8},"end":{"line":24,"column":8}},{"start":{"line":24,"column":8},"end":{"line":24,"column":8}}]},"2":{"line":25,"type":"if","locations":[{"start":{"line":25,"column":12},"end":{"line":25,"column":12}},{"start":{"line":25,"column":12},"end":{"line":25,"column":12}}]},"3":{"line":45,"type":"if","locations":[{"start":{"line":45,"column":8},"end":{"line":45,"column":8}},{"start":{"line":45,"column":8},"end":{"line":45,"column":8}}]},"4":{"line":46,"type":"if","locations":[{"start":{"line":46,"column":12},"end":{"line":46,"column":12}},{"start":{"line":46,"column":12},"end":{"line":46,"column":12}}]},"5":{"line":54,"type":"if","locations":[{"start":{"line":54,"column":8},"end":{"line":54,"column":8}},{"start":{"line":54,"column":8},"end":{"line":54,"column":8}}]}}},
"contracts\\restrictions\\ChainRule.sol":{"l":{"17":0,"25":0},"path":"g:\\_projects\\intercoin\\TradedTokenContract\\src\\contracts\\restrictions\\ChainRule.sol","s":{"1":0,"2":0},"b":{},"f":{"1":0,"2":0},"fnMap":{"1":{"name":"doValidate","line":8,"loc":{"start":{"line":8,"column":4},"end":{"line":18,"column":4}}},"2":{"name":"_validate","line":20,"loc":{"start":{"line":20,"column":4},"end":{"line":26,"column":4}}}},"statementMap":{"1":{"start":{"line":17,"column":8},"end":{"line":17,"column":43}},"2":{"start":{"line":25,"column":8},"end":{"line":25,"column":42}}},"branchMap":{}},
"contracts\\restrictions\\ChainRuleBase.sol":{"l":{"11":0,"15":0,"36":0,"37":0,"38":0,"44":0,"48":0},"path":"g:\\_projects\\intercoin\\TradedTokenContract\\src\\contracts\\restrictions\\ChainRuleBase.sol","s":{"1":0,"2":0,"3":0,"4":0,"5":0,"6":0,"7":0},"b":{"1":[0,0]},"f":{"1":0,"2":0,"3":0,"4":0,"5":0},"fnMap":{"1":{"name":"clearChain","line":10,"loc":{"start":{"line":10,"column":4},"end":{"line":12,"column":4}}},"2":{"name":"setChain","line":14,"loc":{"start":{"line":14,"column":4},"end":{"line":16,"column":4}}},"3":{"name":"_doValidate","line":22,"loc":{"start":{"line":22,"column":4},"end":{"line":41,"column":4}}},"4":{"name":"isChainExists","line":43,"loc":{"start":{"line":43,"column":4},"end":{"line":45,"column":4}}},"5":{"name":"_setChain","line":47,"loc":{"start":{"line":47,"column":4},"end":{"line":49,"column":4}}}},"statementMap":{"1":{"start":{"line":11,"column":8},"end":{"line":11,"column":28}},"2":{"start":{"line":15,"column":8},"end":{"line":15,"column":27}},"3":{"start":{"line":36,"column":8},"end":{"line":36,"column":72}},"4":{"start":{"line":37,"column":8},"end":{"line":37,"column":1008}},"5":{"start":{"line":38,"column":12},"end":{"line":38,"column":106}},"6":{"start":{"line":44,"column":8},"end":{"line":44,"column":60}},"7":{"start":{"line":48,"column":8},"end":{"line":48,"column":33}}},"branchMap":{"1":{"line":37,"type":"if","locations":[{"start":{"line":37,"column":8},"end":{"line":37,"column":8}},{"start":{"line":37,"column":8},"end":{"line":37,"column":8}}]}}},
"contracts\\restrictions\\TransferRule.sol":{"l":{"37":0,"38":0,"55":0,"56":0,"57":0,"62":0,"63":0,"69":0,"73":0,"77":0,"79":0,"80":0,"81":0,"83":0,"92":0,"93":0,"94":0,"110":0,"111":0,"112":0,"113":0,"114":0,"115":0,"126":0,"127":0,"129":0,"133":0,"137":0,"140":0,"144":0,"149":0,"156":0,"158":0,"163":0,"165":0,"166":0,"167":0,"168":0,"170":0,"171":0,"175":0,"180":0,"181":0},"path":"g:\\_projects\\intercoin\\TradedTokenContract\\src\\contracts\\restrictions\\TransferRule.sol","s":{"1":0,"2":0,"3":0,"4":0,"5":0,"6":0,"7":0,"8":0,"9":0,"10":0,"11":0,"12":0,"13":0,"14":0,"15":0,"16":0,"17":0,"18":0,"19":0,"20":0,"21":0,"22":0,"23":0,"24":0,"25":0,"26":0,"27":0,"28":0,"29":0,"30":0,"31":0,"32":0,"33":0,"34":0,"35":0,"36":0,"37":0,"38":0,"39":0,"40":0,"41":0,"42":0,"43":0},"b":{"1":[0,0],"2":[0,0],"3":[0,0],"4":[0,0],"5":[0,0],"6":[0,0],"7":[0,0],"8":[0,0],"9":[0,0],"10":[0,0],"11":[0,0],"12":[0,0]},"f":{"1":0,"2":0,"3":0,"4":0,"5":0,"6":0,"7":0,"8":0,"9":0,"10":0},"fnMap":{"1":{"name":"onlyDoTransferCaller","line":36,"loc":{"start":{"line":36,"column":4},"end":{"line":39,"column":4}}},"2":{"name":"constructor","line":49,"loc":{"start":{"line":49,"column":4},"end":{"line":59,"column":4}}},"3":{"name":"cleanSRC","line":61,"loc":{"start":{"line":61,"column":4},"end":{"line":65,"column":4}}},"4":{"name":"addExchangeAddress","line":68,"loc":{"start":{"line":68,"column":4},"end":{"line":70,"column":4}}},"5":{"name":"removeExchangeAddress","line":72,"loc":{"start":{"line":72,"column":4},"end":{"line":74,"column":4}}},"6":{"name":"viewExchangeAddresses","line":76,"loc":{"start":{"line":76,"column":4},"end":{"line":85,"column":4}}},"7":{"name":"addRestrictions","line":91,"loc":{"start":{"line":87,"column":1},"end":{"line":99,"column":5}}},"8":{"name":"setSRC","line":109,"loc":{"start":{"line":109,"column":4},"end":{"line":116,"column":4}}},"9":{"name":"doTransfer","line":125,"loc":{"start":{"line":125,"column":4},"end":{"line":150,"column":4}}},"10":{"name":"_validate","line":154,"loc":{"start":{"line":154,"column":4},"end":{"line":185,"column":4}}}},"statementMap":{"1":{"start":{"line":37,"column":8},"end":{"line":37,"column":56}},"2":{"start":{"line":55,"column":8},"end":{"line":55,"column":33}},"3":{"start":{"line":56,"column":8},"end":{"line":56,"column":39}},"4":{"start":{"line":57,"column":8},"end":{"line":57,"column":39}},"5":{"start":{"line":62,"column":8},"end":{"line":62,"column":26}},"6":{"start":{"line":63,"column":8},"end":{"line":63,"column":37}},"7":{"start":{"line":69,"column":8},"end":{"line":69,"column":42}},"8":{"start":{"line":73,"column":8},"end":{"line":73,"column":45}},"9":{"start":{"line":77,"column":8},"end":{"line":77,"column":56}},"10":{"start":{"line":79,"column":8},"end":{"line":79,"column":49}},"11":{"start":{"line":80,"column":8},"end":{"line":80,"column":2354}},"12":{"start":{"line":81,"column":12},"end":{"line":81,"column":51}},"13":{"start":{"line":83,"column":8},"end":{"line":83,"column":18}},"14":{"start":{"line":92,"column":9},"end":{"line":92,"column":35}},"15":{"start":{"line":93,"column":9},"end":{"line":93,"column":2708}},"16":{"start":{"line":94,"column":13},"end":{"line":94,"column":2753}},"17":{"start":{"line":110,"column":8},"end":{"line":110,"column":80}},"18":{"start":{"line":111,"column":8},"end":{"line":111,"column":78}},"19":{"start":{"line":112,"column":8},"end":{"line":112,"column":60}},"20":{"start":{"line":113,"column":8},"end":{"line":113,"column":39}},"21":{"start":{"line":114,"column":8},"end":{"line":114,"column":21}},"22":{"start":{"line":115,"column":8},"end":{"line":115,"column":19}},"23":{"start":{"line":126,"column":8},"end":{"line":126,"column":20}},"24":{"start":{"line":127,"column":8},"end":{"line":127,"column":28}},"25":{"start":{"line":129,"column":8},"end":{"line":129,"column":72}},"26":{"start":{"line":133,"column":8},"end":{"line":133,"column":89}},"27":{"start":{"line":137,"column":8},"end":{"line":137,"column":88}},"28":{"start":{"line":140,"column":8},"end":{"line":140,"column":4505}},"29":{"start":{"line":144,"column":12},"end":{"line":144,"column":41}},"30":{"start":{"line":149,"column":8},"end":{"line":149,"column":19}},"31":{"start":{"line":156,"column":8},"end":{"line":156,"column":76}},"32":{"start":{"line":158,"column":8},"end":{"line":158,"column":5172}},"33":{"start":{"line":163,"column":8},"end":{"line":163,"column":60}},"34":{"start":{"line":165,"column":8},"end":{"line":165,"column":5502}},"35":{"start":{"line":166,"column":12},"end":{"line":166,"column":5572}},"36":{"start":{"line":167,"column":16},"end":{"line":167,"column":31}},"37":{"start":{"line":168,"column":16},"end":{"line":168,"column":113}},"38":{"start":{"line":169,"column":19},"end":{"line":169,"column":5767}},"39":{"start":{"line":170,"column":16},"end":{"line":170,"column":31}},"40":{"start":{"line":171,"column":16},"end":{"line":171,"column":127}},"41":{"start":{"line":175,"column":8},"end":{"line":175,"column":6034}},"42":{"start":{"line":180,"column":12},"end":{"line":180,"column":80}},"43":{"start":{"line":181,"column":12},"end":{"line":181,"column":106}}},"branchMap":{"1":{"line":37,"type":"if","locations":[{"start":{"line":37,"column":8},"end":{"line":37,"column":8}},{"start":{"line":37,"column":8},"end":{"line":37,"column":8}}]},"2":{"line":110,"type":"if","locations":[{"start":{"line":110,"column":8},"end":{"line":110,"column":8}},{"start":{"line":110,"column":8},"end":{"line":110,"column":8}}]},"3":{"line":111,"type":"if","locations":[{"start":{"line":111,"column":8},"end":{"line":111,"column":8}},{"start":{"line":111,"column":8},"end":{"line":111,"column":8}}]},"4":{"line":112,"type":"if","locations":[{"start":{"line":112,"column":8},"end":{"line":112,"column":8}},{"start":{"line":112,"column":8},"end":{"line":112,"column":8}}]},"5":{"line":133,"type":"if","locations":[{"start":{"line":133,"column":8},"end":{"line":133,"column":8}},{"start":{"line":133,"column":8},"end":{"line":133,"column":8}}]},"6":{"line":137,"type":"if","locations":[{"start":{"line":137,"column":8},"end":{"line":137,"column":8}},{"start":{"line":137,"column":8},"end":{"line":137,"column":8}}]},"7":{"line":140,"type":"if","locations":[{"start":{"line":140,"column":8},"end":{"line":140,"column":8}},{"start":{"line":140,"column":8},"end":{"line":140,"column":8}}]},"8":{"line":158,"type":"if","locations":[{"start":{"line":158,"column":8},"end":{"line":158,"column":8}},{"start":{"line":158,"column":8},"end":{"line":158,"column":8}}]},"9":{"line":165,"type":"if","locations":[{"start":{"line":165,"column":8},"end":{"line":165,"column":8}},{"start":{"line":165,"column":8},"end":{"line":165,"column":8}}]},"10":{"line":166,"type":"if","locations":[{"start":{"line":166,"column":12},"end":{"line":166,"column":12}},{"start":{"line":166,"column":12},"end":{"line":166,"column":12}}]},"11":{"line":169,"type":"if","locations":[{"start":{"line":169,"column":19},"end":{"line":169,"column":19}},{"start":{"line":169,"column":19},"end":{"line":169,"column":19}}]},"12":{"line":175,"type":"if","locations":[{"start":{"line":175,"column":8},"end":{"line":175,"column":8}},{"start":{"line":175,"column":8},"end":{"line":175,"column":8}}]}}}}
