{
"contracts\\interfaces\\IChain.sol":{"l":{},"path":"g:\\_projects\\intercoin\\TradedTokenContract\\src\\contracts\\interfaces\\IChain.sol","s":{},"b":{},"f":{},"fnMap":{},"statementMap":{},"branchMap":{}},
"contracts\\interfaces\\IITR.sol":{"l":{},"path":"g:\\_projects\\intercoin\\TradedTokenContract\\src\\contracts\\interfaces\\IITR.sol","s":{},"b":{},"f":{},"fnMap":{},"statementMap":{},"branchMap":{}},
"contracts\\interfaces\\ISRC20.sol":{"l":{},"path":"g:\\_projects\\intercoin\\TradedTokenContract\\src\\contracts\\interfaces\\ISRC20.sol","s":{},"b":{},"f":{},"fnMap":{},"statementMap":{},"branchMap":{}},
"contracts\\interfaces\\ITransferRules.sol":{"l":{},"path":"g:\\_projects\\intercoin\\TradedTokenContract\\src\\contracts\\interfaces\\ITransferRules.sol","s":{},"b":{},"f":{},"fnMap":{},"statementMap":{},"branchMap":{}},
"contracts\\ITR.sol":{"l":{"37":0,"55":0,"58":0,"63":0,"68":0,"73":0,"78":0,"79":0,"81":0,"83":0,"86":0,"90":0,"93":0,"94":0,"96":0,"97":0,"100":0,"105":0,"107":0,"108":0,"113":0},"path":"g:\\_projects\\intercoin\\TradedTokenContract\\src\\contracts\\ITR.sol","s":{"1":0,"2":0,"3":0,"4":0,"5":0,"6":0,"7":0,"8":0,"9":0,"10":0,"11":0,"12":0,"13":0,"14":0,"15":0,"16":0,"17":0,"18":0,"19":0,"20":0,"21":0},"b":{"1":[0,0],"2":[0,0],"3":[0,0],"4":[0,0],"5":[0,0]},"f":{"1":0,"2":0,"3":0,"4":0,"5":0,"6":0,"7":0},"fnMap":{"1":{"name":"constructor","line":36,"loc":{"start":{"line":36,"column":4},"end":{"line":45,"column":4}}},"2":{"name":"init","line":47,"loc":{"start":{"line":47,"column":1},"end":{"line":59,"column":1}}},"3":{"name":"getMaxTotalSupply","line":62,"loc":{"start":{"line":62,"column":4},"end":{"line":64,"column":4}}},"4":{"name":"totalRemaining","line":67,"loc":{"start":{"line":67,"column":4},"end":{"line":69,"column":4}}},"5":{"name":"getClaimFraction","line":72,"loc":{"start":{"line":72,"column":1},"end":{"line":74,"column":1}}},"6":{"name":"claim","line":77,"loc":{"start":{"line":77,"column":4},"end":{"line":110,"column":4}}},"7":{"name":"getGrowthDurationsPassed","line":112,"loc":{"start":{"line":112,"column":4},"end":{"line":114,"column":4}}}},"statementMap":{"1":{"start":{"line":37,"column":7},"end":{"line":37,"column":1278}},"2":{"start":{"line":55,"column":2},"end":{"line":55,"column":1696}},"3":{"start":{"line":58,"column":2},"end":{"line":58,"column":31}},"4":{"start":{"line":63,"column":8},"end":{"line":63,"column":30}},"5":{"start":{"line":68,"column":8},"end":{"line":68,"column":49}},"6":{"start":{"line":73,"column":2},"end":{"line":73,"column":73}},"7":{"start":{"line":78,"column":8},"end":{"line":78,"column":53}},"8":{"start":{"line":79,"column":8},"end":{"line":79,"column":64}},"9":{"start":{"line":81,"column":8},"end":{"line":81,"column":41}},"10":{"start":{"line":83,"column":8},"end":{"line":83,"column":2570}},"11":{"start":{"line":86,"column":12},"end":{"line":86,"column":55}},"12":{"start":{"line":90,"column":8},"end":{"line":90,"column":2822}},"13":{"start":{"line":93,"column":8},"end":{"line":93,"column":2898}},"14":{"start":{"line":94,"column":12},"end":{"line":94,"column":57}},"15":{"start":{"line":96,"column":12},"end":{"line":96,"column":35}},"16":{"start":{"line":97,"column":12},"end":{"line":97,"column":33}},"17":{"start":{"line":100,"column":8},"end":{"line":100,"column":3109}},"18":{"start":{"line":105,"column":8},"end":{"line":105,"column":3339}},"19":{"start":{"line":107,"column":8},"end":{"line":107,"column":27}},"20":{"start":{"line":108,"column":8},"end":{"line":108,"column":51}},"21":{"start":{"line":113,"column":8},"end":{"line":113,"column":70}}},"branchMap":{"1":{"line":81,"type":"if","locations":[{"start":{"line":81,"column":8},"end":{"line":81,"column":8}},{"start":{"line":81,"column":8},"end":{"line":81,"column":8}}]},"2":{"line":83,"type":"if","locations":[{"start":{"line":83,"column":8},"end":{"line":83,"column":8}},{"start":{"line":83,"column":8},"end":{"line":83,"column":8}}]},"3":{"line":93,"type":"if","locations":[{"start":{"line":93,"column":8},"end":{"line":93,"column":8}},{"start":{"line":93,"column":8},"end":{"line":93,"column":8}}]},"4":{"line":100,"type":"if","locations":[{"start":{"line":100,"column":8},"end":{"line":100,"column":8}},{"start":{"line":100,"column":8},"end":{"line":100,"column":8}}]},"5":{"line":105,"type":"if","locations":[{"start":{"line":105,"column":8},"end":{"line":105,"column":8}},{"start":{"line":105,"column":8},"end":{"line":105,"column":8}}]}}},
"contracts\\ITRv2.sol":{"l":{"173":4},"path":"g:\\_projects\\intercoin\\TradedTokenContract\\src\\contracts\\ITRv2.sol","s":{"1":4},"b":{},"f":{"1":24,"2":0,"3":4},"fnMap":{"1":{"name":"constructor","line":123,"loc":{"start":{"line":120,"column":4},"end":{"line":146,"column":4}}},"2":{"name":"tokensReceived","line":148,"loc":{"start":{"line":148,"column":4},"end":{"line":157,"column":4}}},"3":{"name":"claim","line":171,"loc":{"start":{"line":166,"column":4},"end":{"line":174,"column":4}}}},"statementMap":{"1":{"start":{"line":173,"column":8},"end":{"line":173,"column":48}}},"branchMap":{}},
"contracts\\libs\\Babylonian.sol":{"l":{"11":1,"14":0,"15":0,"16":0,"17":0,"18":0,"20":0,"21":0,"22":0,"24":0,"25":0,"26":0,"28":0,"29":0,"30":0,"32":0,"33":0,"34":0,"36":0,"37":0,"38":0,"40":0,"41":0,"43":0,"44":0,"45":0,"46":0,"47":0,"48":0,"49":0,"50":0,"51":0},"path":"g:\\_projects\\intercoin\\TradedTokenContract\\src\\contracts\\libs\\Babylonian.sol","s":{"1":1,"2":1,"3":0,"4":0,"5":0,"6":0,"7":0,"8":0,"9":0,"10":0,"11":0,"12":0,"13":0,"14":0,"15":0,"16":0,"17":0,"18":0,"19":0,"20":0,"21":0,"22":0,"23":0,"24":0,"25":0,"26":0,"27":0,"28":0,"29":0,"30":0,"31":0,"32":0,"33":0},"b":{"1":[1,0],"2":[0,0],"3":[0,0],"4":[0,0],"5":[0,0],"6":[0,0],"7":[0,0],"8":[0,0]},"f":{"1":1},"fnMap":{"1":{"name":"sqrt","line":10,"loc":{"start":{"line":10,"column":4},"end":{"line":52,"column":4}}}},"statementMap":{"1":{"start":{"line":11,"column":8},"end":{"line":11,"column":28}},"2":{"start":{"line":11,"column":20},"end":{"line":11,"column":28}},"3":{"start":{"line":14,"column":8},"end":{"line":14,"column":22}},"4":{"start":{"line":15,"column":8},"end":{"line":15,"column":21}},"5":{"start":{"line":16,"column":8},"end":{"line":16,"column":687}},"6":{"start":{"line":17,"column":12},"end":{"line":17,"column":21}},"7":{"start":{"line":18,"column":12},"end":{"line":18,"column":19}},"8":{"start":{"line":20,"column":8},"end":{"line":20,"column":800}},"9":{"start":{"line":21,"column":12},"end":{"line":21,"column":20}},"10":{"start":{"line":22,"column":12},"end":{"line":22,"column":19}},"11":{"start":{"line":24,"column":8},"end":{"line":24,"column":896}},"12":{"start":{"line":25,"column":12},"end":{"line":25,"column":20}},"13":{"start":{"line":26,"column":12},"end":{"line":26,"column":19}},"14":{"start":{"line":28,"column":8},"end":{"line":28,"column":984}},"15":{"start":{"line":29,"column":12},"end":{"line":29,"column":20}},"16":{"start":{"line":30,"column":12},"end":{"line":30,"column":18}},"17":{"start":{"line":32,"column":8},"end":{"line":32,"column":1067}},"18":{"start":{"line":33,"column":12},"end":{"line":33,"column":19}},"19":{"start":{"line":34,"column":12},"end":{"line":34,"column":18}},"20":{"start":{"line":36,"column":8},"end":{"line":36,"column":1147}},"21":{"start":{"line":37,"column":12},"end":{"line":37,"column":19}},"22":{"start":{"line":38,"column":12},"end":{"line":38,"column":18}},"23":{"start":{"line":40,"column":8},"end":{"line":40,"column":1226}},"24":{"start":{"line":41,"column":12},"end":{"line":41,"column":18}},"25":{"start":{"line":43,"column":8},"end":{"line":43,"column":27}},"26":{"start":{"line":44,"column":8},"end":{"line":44,"column":27}},"27":{"start":{"line":45,"column":8},"end":{"line":45,"column":27}},"28":{"start":{"line":46,"column":8},"end":{"line":46,"column":27}},"29":{"start":{"line":47,"column":8},"end":{"line":47,"column":27}},"30":{"start":{"line":48,"column":8},"end":{"line":48,"column":27}},"31":{"start":{"line":49,"column":8},"end":{"line":49,"column":27}},"32":{"start":{"line":50,"column":8},"end":{"line":50,"column":26}},"33":{"start":{"line":51,"column":8},"end":{"line":51,"column":32}}},"branchMap":{"1":{"line":11,"type":"if","locations":[{"start":{"line":11,"column":8},"end":{"line":11,"column":8}},{"start":{"line":11,"column":8},"end":{"line":11,"column":8}}]},"2":{"line":16,"type":"if","locations":[{"start":{"line":16,"column":8},"end":{"line":16,"column":8}},{"start":{"line":16,"column":8},"end":{"line":16,"column":8}}]},"3":{"line":20,"type":"if","locations":[{"start":{"line":20,"column":8},"end":{"line":20,"column":8}},{"start":{"line":20,"column":8},"end":{"line":20,"column":8}}]},"4":{"line":24,"type":"if","locations":[{"start":{"line":24,"column":8},"end":{"line":24,"column":8}},{"start":{"line":24,"column":8},"end":{"line":24,"column":8}}]},"5":{"line":28,"type":"if","locations":[{"start":{"line":28,"column":8},"end":{"line":28,"column":8}},{"start":{"line":28,"column":8},"end":{"line":28,"column":8}}]},"6":{"line":32,"type":"if","locations":[{"start":{"line":32,"column":8},"end":{"line":32,"column":8}},{"start":{"line":32,"column":8},"end":{"line":32,"column":8}}]},"7":{"line":36,"type":"if","locations":[{"start":{"line":36,"column":8},"end":{"line":36,"column":8}},{"start":{"line":36,"column":8},"end":{"line":36,"column":8}}]},"8":{"line":40,"type":"if","locations":[{"start":{"line":40,"column":8},"end":{"line":40,"column":8}},{"start":{"line":40,"column":8},"end":{"line":40,"column":8}}]}}},
"contracts\\libs\\BitMath.sol":{"l":{"8":0,"10":0,"11":0,"12":0,"14":0,"15":0,"16":0,"18":0,"19":0,"20":0,"22":0,"23":0,"24":0,"26":0,"27":0,"28":0,"30":0,"31":0,"32":0,"34":0,"35":0,"36":0,"38":0,"45":0,"47":0,"48":0,"49":0,"51":0,"53":0,"54":0,"56":0,"58":0,"59":0,"61":0,"63":0,"64":0,"66":0,"68":0,"69":0,"71":0,"73":0,"74":0,"76":0,"78":0,"79":0,"81":0,"83":0},"path":"g:\\_projects\\intercoin\\TradedTokenContract\\src\\contracts\\libs\\BitMath.sol","s":{"1":0,"2":0,"3":0,"4":0,"5":0,"6":0,"7":0,"8":0,"9":0,"10":0,"11":0,"12":0,"13":0,"14":0,"15":0,"16":0,"17":0,"18":0,"19":0,"20":0,"21":0,"22":0,"23":0,"24":0,"25":0,"26":0,"27":0,"28":0,"29":0,"30":0,"31":0,"32":0,"33":0,"34":0,"35":0,"36":0,"37":0,"38":0,"39":0,"40":0,"41":0,"42":0,"43":0,"44":0,"45":0,"46":0,"47":0,"48":0,"49":0},"b":{"1":[0,0],"2":[0,0],"3":[0,0],"4":[0,0],"5":[0,0],"6":[0,0],"7":[0,0],"8":[0,0],"9":[0,0],"10":[0,0],"11":[0,0],"12":[0,0],"13":[0,0],"14":[0,0],"15":[0,0],"16":[0,0],"17":[0,0],"18":[0,0]},"f":{"1":0,"2":0},"fnMap":{"1":{"name":"mostSignificantBit","line":7,"loc":{"start":{"line":7,"column":4},"end":{"line":39,"column":4}}},"2":{"name":"leastSignificantBit","line":44,"loc":{"start":{"line":44,"column":4},"end":{"line":84,"column":4}}}},"statementMap":{"1":{"start":{"line":8,"column":8},"end":{"line":8,"column":58}},"2":{"start":{"line":10,"column":8},"end":{"line":10,"column":369}},"3":{"start":{"line":11,"column":12},"end":{"line":11,"column":20}},"4":{"start":{"line":12,"column":12},"end":{"line":12,"column":19}},"5":{"start":{"line":14,"column":8},"end":{"line":14,"column":480}},"6":{"start":{"line":15,"column":12},"end":{"line":15,"column":19}},"7":{"start":{"line":16,"column":12},"end":{"line":16,"column":18}},"8":{"start":{"line":18,"column":8},"end":{"line":18,"column":573}},"9":{"start":{"line":19,"column":12},"end":{"line":19,"column":19}},"10":{"start":{"line":20,"column":12},"end":{"line":20,"column":18}},"11":{"start":{"line":22,"column":8},"end":{"line":22,"column":658}},"12":{"start":{"line":23,"column":12},"end":{"line":23,"column":19}},"13":{"start":{"line":24,"column":12},"end":{"line":24,"column":18}},"14":{"start":{"line":26,"column":8},"end":{"line":26,"column":739}},"15":{"start":{"line":27,"column":12},"end":{"line":27,"column":18}},"16":{"start":{"line":28,"column":12},"end":{"line":28,"column":17}},"17":{"start":{"line":30,"column":8},"end":{"line":30,"column":816}},"18":{"start":{"line":31,"column":12},"end":{"line":31,"column":18}},"19":{"start":{"line":32,"column":12},"end":{"line":32,"column":17}},"20":{"start":{"line":34,"column":8},"end":{"line":34,"column":892}},"21":{"start":{"line":35,"column":12},"end":{"line":35,"column":18}},"22":{"start":{"line":36,"column":12},"end":{"line":36,"column":17}},"23":{"start":{"line":38,"column":8},"end":{"line":38,"column":28}},"24":{"start":{"line":38,"column":22},"end":{"line":38,"column":27}},"25":{"start":{"line":45,"column":8},"end":{"line":45,"column":59}},"26":{"start":{"line":47,"column":8},"end":{"line":47,"column":14}},"27":{"start":{"line":48,"column":8},"end":{"line":48,"column":1381}},"28":{"start":{"line":49,"column":12},"end":{"line":49,"column":19}},"29":{"start":{"line":51,"column":12},"end":{"line":51,"column":20}},"30":{"start":{"line":53,"column":8},"end":{"line":53,"column":1494}},"31":{"start":{"line":54,"column":12},"end":{"line":54,"column":18}},"32":{"start":{"line":56,"column":12},"end":{"line":56,"column":19}},"33":{"start":{"line":58,"column":8},"end":{"line":58,"column":1604}},"34":{"start":{"line":59,"column":12},"end":{"line":59,"column":18}},"35":{"start":{"line":61,"column":12},"end":{"line":61,"column":19}},"36":{"start":{"line":63,"column":8},"end":{"line":63,"column":1714}},"37":{"start":{"line":64,"column":12},"end":{"line":64,"column":18}},"38":{"start":{"line":66,"column":12},"end":{"line":66,"column":19}},"39":{"start":{"line":68,"column":8},"end":{"line":68,"column":1824}},"40":{"start":{"line":69,"column":12},"end":{"line":69,"column":17}},"41":{"start":{"line":71,"column":12},"end":{"line":71,"column":18}},"42":{"start":{"line":73,"column":8},"end":{"line":73,"column":1931}},"43":{"start":{"line":74,"column":12},"end":{"line":74,"column":17}},"44":{"start":{"line":76,"column":12},"end":{"line":76,"column":18}},"45":{"start":{"line":78,"column":8},"end":{"line":78,"column":2026}},"46":{"start":{"line":79,"column":12},"end":{"line":79,"column":17}},"47":{"start":{"line":81,"column":12},"end":{"line":81,"column":18}},"48":{"start":{"line":83,"column":8},"end":{"line":83,"column":31}},"49":{"start":{"line":83,"column":25},"end":{"line":83,"column":30}}},"branchMap":{"1":{"line":8,"type":"if","locations":[{"start":{"line":8,"column":8},"end":{"line":8,"column":8}},{"start":{"line":8,"column":8},"end":{"line":8,"column":8}}]},"2":{"line":10,"type":"if","locations":[{"start":{"line":10,"column":8},"end":{"line":10,"column":8}},{"start":{"line":10,"column":8},"end":{"line":10,"column":8}}]},"3":{"line":14,"type":"if","locations":[{"start":{"line":14,"column":8},"end":{"line":14,"column":8}},{"start":{"line":14,"column":8},"end":{"line":14,"column":8}}]},"4":{"line":18,"type":"if","locations":[{"start":{"line":18,"column":8},"end":{"line":18,"column":8}},{"start":{"line":18,"column":8},"end":{"line":18,"column":8}}]},"5":{"line":22,"type":"if","locations":[{"start":{"line":22,"column":8},"end":{"line":22,"column":8}},{"start":{"line":22,"column":8},"end":{"line":22,"column":8}}]},"6":{"line":26,"type":"if","locations":[{"start":{"line":26,"column":8},"end":{"line":26,"column":8}},{"start":{"line":26,"column":8},"end":{"line":26,"column":8}}]},"7":{"line":30,"type":"if","locations":[{"start":{"line":30,"column":8},"end":{"line":30,"column":8}},{"start":{"line":30,"column":8},"end":{"line":30,"column":8}}]},"8":{"line":34,"type":"if","locations":[{"start":{"line":34,"column":8},"end":{"line":34,"column":8}},{"start":{"line":34,"column":8},"end":{"line":34,"column":8}}]},"9":{"line":38,"type":"if","locations":[{"start":{"line":38,"column":8},"end":{"line":38,"column":8}},{"start":{"line":38,"column":8},"end":{"line":38,"column":8}}]},"10":{"line":45,"type":"if","locations":[{"start":{"line":45,"column":8},"end":{"line":45,"column":8}},{"start":{"line":45,"column":8},"end":{"line":45,"column":8}}]},"11":{"line":48,"type":"if","locations":[{"start":{"line":48,"column":8},"end":{"line":48,"column":8}},{"start":{"line":48,"column":8},"end":{"line":48,"column":8}}]},"12":{"line":53,"type":"if","locations":[{"start":{"line":53,"column":8},"end":{"line":53,"column":8}},{"start":{"line":53,"column":8},"end":{"line":53,"column":8}}]},"13":{"line":58,"type":"if","locations":[{"start":{"line":58,"column":8},"end":{"line":58,"column":8}},{"start":{"line":58,"column":8},"end":{"line":58,"column":8}}]},"14":{"line":63,"type":"if","locations":[{"start":{"line":63,"column":8},"end":{"line":63,"column":8}},{"start":{"line":63,"column":8},"end":{"line":63,"column":8}}]},"15":{"line":68,"type":"if","locations":[{"start":{"line":68,"column":8},"end":{"line":68,"column":8}},{"start":{"line":68,"column":8},"end":{"line":68,"column":8}}]},"16":{"line":73,"type":"if","locations":[{"start":{"line":73,"column":8},"end":{"line":73,"column":8}},{"start":{"line":73,"column":8},"end":{"line":73,"column":8}}]},"17":{"line":78,"type":"if","locations":[{"start":{"line":78,"column":8},"end":{"line":78,"column":8}},{"start":{"line":78,"column":8},"end":{"line":78,"column":8}}]},"18":{"line":83,"type":"if","locations":[{"start":{"line":83,"column":8},"end":{"line":83,"column":8}},{"start":{"line":83,"column":8},"end":{"line":83,"column":8}}]}}},
"contracts\\libs\\FixedPoint.sol":{"l":{"29":4,"34":0,"39":1,"44":0,"50":0,"51":0,"52":0,"58":0,"59":0,"60":0,"66":1,"67":0,"69":1,"70":1,"71":1,"72":1,"75":1,"76":1,"77":1,"78":1,"81":1,"84":1,"87":1,"89":1,"94":3,"95":3,"96":0,"98":3,"99":3,"100":3,"101":3,"104":0,"105":0,"106":0,"112":8,"113":8,"115":8,"116":8,"117":8,"118":8,"120":0,"121":0,"122":0,"130":0,"131":0,"132":0,"138":1,"139":1,"142":0,"143":0,"144":0},"path":"g:\\_projects\\intercoin\\TradedTokenContract\\src\\contracts\\libs\\FixedPoint.sol","s":{"1":4,"2":0,"3":1,"4":0,"5":0,"6":0,"7":0,"8":0,"9":0,"10":0,"11":1,"12":0,"13":1,"14":1,"15":1,"16":1,"17":1,"18":1,"19":1,"20":1,"21":1,"22":1,"23":1,"24":1,"25":3,"26":3,"27":0,"28":3,"29":3,"30":3,"31":3,"32":0,"33":0,"34":0,"35":8,"36":8,"37":0,"38":8,"39":8,"40":8,"41":8,"42":0,"43":0,"44":0,"45":0,"46":0,"47":0,"48":1,"49":1,"50":0,"51":0,"52":0},"b":{"1":[0,0],"2":[0,0],"3":[0,1],"4":[1,0],"5":[1,0],"6":[3,0],"7":[0,3],"8":[3,0],"9":[3,0],"10":[0,0],"11":[8,0],"12":[0,8],"13":[8,0],"14":[8,0],"15":[0,0],"16":[0,0],"17":[0,0],"18":[1,0]},"f":{"1":4,"2":0,"3":1,"4":0,"5":0,"6":0,"7":1,"8":3,"9":8,"10":0,"11":1},"fnMap":{"1":{"name":"encode","line":28,"loc":{"start":{"line":28,"column":4},"end":{"line":30,"column":4}}},"2":{"name":"encode144","line":33,"loc":{"start":{"line":33,"column":4},"end":{"line":35,"column":4}}},"3":{"name":"decode","line":38,"loc":{"start":{"line":38,"column":4},"end":{"line":40,"column":4}}},"4":{"name":"decode144","line":43,"loc":{"start":{"line":43,"column":4},"end":{"line":45,"column":4}}},"5":{"name":"mul","line":49,"loc":{"start":{"line":49,"column":4},"end":{"line":53,"column":4}}},"6":{"name":"muli","line":57,"loc":{"start":{"line":57,"column":4},"end":{"line":61,"column":4}}},"7":{"name":"muluq","line":65,"loc":{"start":{"line":65,"column":4},"end":{"line":90,"column":4}}},"8":{"name":"divuq","line":93,"loc":{"start":{"line":93,"column":4},"end":{"line":107,"column":4}}},"9":{"name":"fraction","line":111,"loc":{"start":{"line":111,"column":4},"end":{"line":124,"column":4}}},"10":{"name":"reciprocal","line":129,"loc":{"start":{"line":129,"column":4},"end":{"line":133,"column":4}}},"11":{"name":"sqrt","line":137,"loc":{"start":{"line":137,"column":4},"end":{"line":145,"column":4}}}},"statementMap":{"1":{"start":{"line":29,"column":8},"end":{"line":29,"column":50}},"2":{"start":{"line":34,"column":8},"end":{"line":34,"column":50}},"3":{"start":{"line":39,"column":8},"end":{"line":39,"column":45}},"4":{"start":{"line":44,"column":8},"end":{"line":44,"column":45}},"5":{"start":{"line":50,"column":8},"end":{"line":50,"column":21}},"6":{"start":{"line":51,"column":8},"end":{"line":51,"column":87}},"7":{"start":{"line":52,"column":8},"end":{"line":52,"column":27}},"8":{"start":{"line":58,"column":8},"end":{"line":58,"column":75}},"9":{"start":{"line":59,"column":8},"end":{"line":59,"column":56}},"10":{"start":{"line":60,"column":8},"end":{"line":60,"column":45}},"11":{"start":{"line":66,"column":8},"end":{"line":66,"column":2506}},"12":{"start":{"line":67,"column":12},"end":{"line":67,"column":31}},"13":{"start":{"line":69,"column":8},"end":{"line":69,"column":59}},"14":{"start":{"line":70,"column":8},"end":{"line":70,"column":58}},"15":{"start":{"line":71,"column":8},"end":{"line":71,"column":61}},"16":{"start":{"line":72,"column":8},"end":{"line":72,"column":60}},"17":{"start":{"line":75,"column":8},"end":{"line":75,"column":57}},"18":{"start":{"line":76,"column":8},"end":{"line":76,"column":57}},"19":{"start":{"line":77,"column":8},"end":{"line":77,"column":65}},"20":{"start":{"line":78,"column":8},"end":{"line":78,"column":65}},"21":{"start":{"line":81,"column":8},"end":{"line":81,"column":79}},"22":{"start":{"line":84,"column":8},"end":{"line":84,"column":106}},"23":{"start":{"line":87,"column":8},"end":{"line":87,"column":75}},"24":{"start":{"line":89,"column":8},"end":{"line":89,"column":38}},"25":{"start":{"line":94,"column":8},"end":{"line":94,"column":67}},"26":{"start":{"line":95,"column":8},"end":{"line":95,"column":3921}},"27":{"start":{"line":96,"column":12},"end":{"line":96,"column":43}},"28":{"start":{"line":98,"column":8},"end":{"line":98,"column":4011}},"29":{"start":{"line":99,"column":12},"end":{"line":99,"column":71}},"30":{"start":{"line":100,"column":12},"end":{"line":100,"column":77}},"31":{"start":{"line":101,"column":12},"end":{"line":101,"column":44}},"32":{"start":{"line":104,"column":8},"end":{"line":104,"column":65}},"33":{"start":{"line":105,"column":8},"end":{"line":105,"column":74}},"34":{"start":{"line":106,"column":8},"end":{"line":106,"column":41}},"35":{"start":{"line":112,"column":8},"end":{"line":112,"column":73}},"36":{"start":{"line":113,"column":8},"end":{"line":113,"column":58}},"37":{"start":{"line":113,"column":28},"end":{"line":113,"column":58}},"38":{"start":{"line":115,"column":8},"end":{"line":115,"column":4811}},"39":{"start":{"line":116,"column":12},"end":{"line":116,"column":68}},"40":{"start":{"line":117,"column":12},"end":{"line":117,"column":80}},"41":{"start":{"line":118,"column":12},"end":{"line":118,"column":45}},"42":{"start":{"line":120,"column":12},"end":{"line":120,"column":74}},"43":{"start":{"line":121,"column":12},"end":{"line":121,"column":81}},"44":{"start":{"line":122,"column":12},"end":{"line":122,"column":45}},"45":{"start":{"line":130,"column":8},"end":{"line":130,"column":74}},"46":{"start":{"line":131,"column":8},"end":{"line":131,"column":64}},"47":{"start":{"line":132,"column":8},"end":{"line":132,"column":49}},"48":{"start":{"line":138,"column":8},"end":{"line":138,"column":5827}},"49":{"start":{"line":139,"column":12},"end":{"line":139,"column":79}},"50":{"start":{"line":142,"column":8},"end":{"line":142,"column":71}},"51":{"start":{"line":143,"column":8},"end":{"line":143,"column":41}},"52":{"start":{"line":144,"column":8},"end":{"line":144,"column":116}}},"branchMap":{"1":{"line":51,"type":"if","locations":[{"start":{"line":51,"column":8},"end":{"line":51,"column":8}},{"start":{"line":51,"column":8},"end":{"line":51,"column":8}}]},"2":{"line":59,"type":"if","locations":[{"start":{"line":59,"column":8},"end":{"line":59,"column":8}},{"start":{"line":59,"column":8},"end":{"line":59,"column":8}}]},"3":{"line":66,"type":"if","locations":[{"start":{"line":66,"column":8},"end":{"line":66,"column":8}},{"start":{"line":66,"column":8},"end":{"line":66,"column":8}}]},"4":{"line":81,"type":"if","locations":[{"start":{"line":81,"column":8},"end":{"line":81,"column":8}},{"start":{"line":81,"column":8},"end":{"line":81,"column":8}}]},"5":{"line":87,"type":"if","locations":[{"start":{"line":87,"column":8},"end":{"line":87,"column":8}},{"start":{"line":87,"column":8},"end":{"line":87,"column":8}}]},"6":{"line":94,"type":"if","locations":[{"start":{"line":94,"column":8},"end":{"line":94,"column":8}},{"start":{"line":94,"column":8},"end":{"line":94,"column":8}}]},"7":{"line":95,"type":"if","locations":[{"start":{"line":95,"column":8},"end":{"line":95,"column":8}},{"start":{"line":95,"column":8},"end":{"line":95,"column":8}}]},"8":{"line":98,"type":"if","locations":[{"start":{"line":98,"column":8},"end":{"line":98,"column":8}},{"start":{"line":98,"column":8},"end":{"line":98,"column":8}}]},"9":{"line":100,"type":"if","locations":[{"start":{"line":100,"column":12},"end":{"line":100,"column":12}},{"start":{"line":100,"column":12},"end":{"line":100,"column":12}}]},"10":{"line":105,"type":"if","locations":[{"start":{"line":105,"column":8},"end":{"line":105,"column":8}},{"start":{"line":105,"column":8},"end":{"line":105,"column":8}}]},"11":{"line":112,"type":"if","locations":[{"start":{"line":112,"column":8},"end":{"line":112,"column":8}},{"start":{"line":112,"column":8},"end":{"line":112,"column":8}}]},"12":{"line":113,"type":"if","locations":[{"start":{"line":113,"column":8},"end":{"line":113,"column":8}},{"start":{"line":113,"column":8},"end":{"line":113,"column":8}}]},"13":{"line":115,"type":"if","locations":[{"start":{"line":115,"column":8},"end":{"line":115,"column":8}},{"start":{"line":115,"column":8},"end":{"line":115,"column":8}}]},"14":{"line":117,"type":"if","locations":[{"start":{"line":117,"column":12},"end":{"line":117,"column":12}},{"start":{"line":117,"column":12},"end":{"line":117,"column":12}}]},"15":{"line":121,"type":"if","locations":[{"start":{"line":121,"column":12},"end":{"line":121,"column":12}},{"start":{"line":121,"column":12},"end":{"line":121,"column":12}}]},"16":{"line":130,"type":"if","locations":[{"start":{"line":130,"column":8},"end":{"line":130,"column":8}},{"start":{"line":130,"column":8},"end":{"line":130,"column":8}}]},"17":{"line":131,"type":"if","locations":[{"start":{"line":131,"column":8},"end":{"line":131,"column":8}},{"start":{"line":131,"column":8},"end":{"line":131,"column":8}}]},"18":{"line":138,"type":"if","locations":[{"start":{"line":138,"column":8},"end":{"line":138,"column":8}},{"start":{"line":138,"column":8},"end":{"line":138,"column":8}}]}}},
"contracts\\libs\\FullMath.sol":{"l":{"8":0,"9":0,"10":0,"11":0,"20":0,"22":0,"23":0,"25":0,"26":0,"27":0,"28":0,"29":0,"30":0,"31":0,"32":0,"33":0,"34":0,"35":0,"43":0,"45":0,"46":0,"47":0,"49":0,"51":0,"52":0},"path":"g:\\_projects\\intercoin\\TradedTokenContract\\src\\contracts\\libs\\FullMath.sol","s":{"1":0,"2":0,"3":0,"4":0,"5":0,"6":0,"7":0,"8":0,"9":0,"10":0,"11":0,"12":0,"13":0,"14":0,"15":0,"16":0,"17":0,"18":0,"19":0,"20":0,"21":0,"22":0,"23":0,"24":0,"25":0,"26":0,"27":0,"28":0},"b":{"1":[0,0],"2":[0,0],"3":[0,0],"4":[0,0]},"f":{"1":0,"2":0,"3":0},"fnMap":{"1":{"name":"fullMul","line":7,"loc":{"start":{"line":7,"column":4},"end":{"line":12,"column":4}}},"2":{"name":"fullDiv","line":14,"loc":{"start":{"line":14,"column":4},"end":{"line":36,"column":4}}},"3":{"name":"mulDiv","line":38,"loc":{"start":{"line":38,"column":4},"end":{"line":53,"column":4}}}},"statementMap":{"1":{"start":{"line":8,"column":8},"end":{"line":8,"column":52}},"2":{"start":{"line":9,"column":8},"end":{"line":9,"column":16}},"3":{"start":{"line":10,"column":8},"end":{"line":10,"column":17}},"4":{"start":{"line":11,"column":8},"end":{"line":11,"column":26}},"5":{"start":{"line":11,"column":20},"end":{"line":11,"column":25}},"6":{"start":{"line":20,"column":8},"end":{"line":20,"column":35}},"7":{"start":{"line":22,"column":8},"end":{"line":22,"column":16}},"8":{"start":{"line":23,"column":8},"end":{"line":23,"column":16}},"9":{"start":{"line":25,"column":8},"end":{"line":25,"column":38}},"10":{"start":{"line":26,"column":8},"end":{"line":26,"column":21}},"11":{"start":{"line":27,"column":8},"end":{"line":27,"column":21}},"12":{"start":{"line":28,"column":8},"end":{"line":28,"column":21}},"13":{"start":{"line":29,"column":8},"end":{"line":29,"column":21}},"14":{"start":{"line":30,"column":8},"end":{"line":30,"column":21}},"15":{"start":{"line":31,"column":8},"end":{"line":31,"column":21}},"16":{"start":{"line":32,"column":8},"end":{"line":32,"column":21}},"17":{"start":{"line":33,"column":8},"end":{"line":33,"column":21}},"18":{"start":{"line":34,"column":8},"end":{"line":34,"column":21}},"19":{"start":{"line":35,"column":8},"end":{"line":35,"column":20}},"20":{"start":{"line":43,"column":8},"end":{"line":43,"column":46}},"21":{"start":{"line":45,"column":8},"end":{"line":45,"column":36}},"22":{"start":{"line":46,"column":8},"end":{"line":46,"column":26}},"23":{"start":{"line":46,"column":20},"end":{"line":46,"column":25}},"24":{"start":{"line":47,"column":8},"end":{"line":47,"column":14}},"25":{"start":{"line":49,"column":8},"end":{"line":49,"column":32}},"26":{"start":{"line":49,"column":20},"end":{"line":49,"column":32}},"27":{"start":{"line":51,"column":8},"end":{"line":51,"column":51}},"28":{"start":{"line":52,"column":8},"end":{"line":52,"column":31}}},"branchMap":{"1":{"line":11,"type":"if","locations":[{"start":{"line":11,"column":8},"end":{"line":11,"column":8}},{"start":{"line":11,"column":8},"end":{"line":11,"column":8}}]},"2":{"line":46,"type":"if","locations":[{"start":{"line":46,"column":8},"end":{"line":46,"column":8}},{"start":{"line":46,"column":8},"end":{"line":46,"column":8}}]},"3":{"line":49,"type":"if","locations":[{"start":{"line":49,"column":8},"end":{"line":49,"column":8}},{"start":{"line":49,"column":8},"end":{"line":49,"column":8}}]},"4":{"line":51,"type":"if","locations":[{"start":{"line":51,"column":8},"end":{"line":51,"column":8}},{"start":{"line":51,"column":8},"end":{"line":51,"column":8}}]}}},
"contracts\\libs\\SwapSettingsLib.sol":{"l":{"11":24,"12":24,"15":24,"17":24,"23":0,"29":0,"34":0},"path":"g:\\_projects\\intercoin\\TradedTokenContract\\src\\contracts\\libs\\SwapSettingsLib.sol","s":{"1":24,"2":24,"3":24,"4":0,"5":0,"6":0,"7":0,"8":0},"b":{"1":[24,0],"2":[0,0],"3":[0,0]},"f":{"1":24},"fnMap":{"1":{"name":"netWorkSettings","line":5,"loc":{"start":{"line":5,"column":4},"end":{"line":36,"column":4}}}},"statementMap":{"1":{"start":{"line":11,"column":8},"end":{"line":11,"column":23}},"2":{"start":{"line":15,"column":8},"end":{"line":15,"column":294}},"3":{"start":{"line":17,"column":12},"end":{"line":17,"column":494}},"4":{"start":{"line":21,"column":15},"end":{"line":21,"column":687}},"5":{"start":{"line":23,"column":12},"end":{"line":23,"column":757}},"6":{"start":{"line":27,"column":15},"end":{"line":27,"column":950}},"7":{"start":{"line":29,"column":12},"end":{"line":29,"column":1024}},"8":{"start":{"line":34,"column":12},"end":{"line":34,"column":38}}},"branchMap":{"1":{"line":15,"type":"if","locations":[{"start":{"line":15,"column":8},"end":{"line":15,"column":8}},{"start":{"line":15,"column":8},"end":{"line":15,"column":8}}]},"2":{"line":21,"type":"if","locations":[{"start":{"line":21,"column":15},"end":{"line":21,"column":15}},{"start":{"line":21,"column":15},"end":{"line":21,"column":15}}]},"3":{"line":27,"type":"if","locations":[{"start":{"line":27,"column":15},"end":{"line":27,"column":15}},{"start":{"line":27,"column":15},"end":{"line":27,"column":15}}]}}},
"contracts\\Main.sol":{"l":{"76":27,"77":26,"81":25,"82":24,"83":24,"85":24,"86":24,"87":24,"90":24,"91":24,"94":24,"95":24,"102":6,"103":5,"106":5,"109":5,"110":5,"112":4,"114":3,"115":3,"116":3,"117":3,"157":3,"170":3,"171":3,"173":3,"175":2,"176":1,"179":1,"182":1,"183":1,"192":2,"194":2,"196":2,"197":2,"199":1,"201":1,"203":1,"205":1,"206":1,"211":0,"217":1,"234":1,"237":1,"241":1,"244":1,"245":1,"248":1,"255":1,"265":1,"267":1,"280":1,"282":0,"284":1,"286":1,"287":1,"288":1,"292":1,"296":1,"307":1,"308":0,"312":1,"313":1,"314":1,"315":0,"316":0,"318":1,"319":1,"320":1,"322":1,"323":1,"324":1,"326":1,"327":1,"328":1,"330":1,"331":1,"332":1,"334":1,"335":1,"336":1,"338":1,"339":0,"343":1,"344":1,"345":1,"346":1,"347":1,"348":1,"349":1,"350":1,"351":1,"352":1,"359":9,"360":6,"362":9,"369":8,"370":10,"377":4,"387":4,"388":4,"389":4,"394":4,"396":4,"399":4,"401":4,"412":6,"414":5,"415":5,"423":0,"442":10,"444":10,"445":8,"450":7,"451":7,"456":2,"458":2,"459":2},"path":"g:\\_projects\\intercoin\\TradedTokenContract\\src\\contracts\\Main.sol","s":{"1":27,"2":26,"3":25,"4":24,"5":24,"6":24,"7":24,"8":24,"9":24,"10":24,"11":24,"12":24,"13":6,"14":5,"15":5,"16":5,"17":5,"18":4,"19":3,"20":3,"21":3,"22":3,"23":3,"24":3,"25":3,"26":3,"27":2,"28":1,"29":1,"30":1,"31":1,"32":2,"33":2,"34":2,"35":2,"36":1,"37":1,"38":1,"39":1,"40":1,"41":0,"42":1,"43":1,"44":1,"45":1,"46":1,"47":1,"48":1,"49":1,"50":1,"51":1,"52":1,"53":0,"54":1,"55":1,"56":1,"57":1,"58":1,"59":1,"60":1,"61":0,"62":1,"63":1,"64":1,"65":0,"66":0,"67":1,"68":1,"69":1,"70":1,"71":1,"72":1,"73":1,"74":1,"75":1,"76":1,"77":1,"78":1,"79":1,"80":1,"81":1,"82":1,"83":0,"84":1,"85":1,"86":1,"87":1,"88":1,"89":1,"90":1,"91":1,"92":1,"93":9,"94":6,"95":9,"96":8,"97":10,"98":4,"99":4,"100":4,"101":4,"102":4,"103":4,"104":4,"105":4,"106":6,"107":5,"108":5,"109":0,"110":10,"111":10,"112":8,"113":7,"114":7,"115":2,"116":2,"117":2},"b":{"1":[26,1],"2":[25,1],"3":[24,1],"4":[4,1],"5":[1,0],"6":[1,1],"7":[1,0],"8":[1,0],"9":[1,0],"10":[1,0],"11":[1,0],"12":[0,1],"13":[1,0],"14":[0,1],"15":[0,1],"16":[1,0],"17":[1,0],"18":[1,0],"19":[1,0],"20":[1,0],"21":[0,1],"22":[6,3],"23":[8,1],"24":[4,0],"25":[5,0],"26":[8,2]},"f":{"1":27,"2":6,"3":1,"4":2,"5":3,"6":3,"7":2,"8":1,"9":1,"10":1,"11":9,"12":8,"13":4,"14":4,"15":6,"16":10,"17":7,"18":2},"fnMap":{"1":{"name":"constructor","line":70,"loc":{"start":{"line":70,"column":4},"end":{"line":97,"column":4}}},"2":{"name":"update","line":101,"loc":{"start":{"line":101,"column":4},"end":{"line":119,"column":4}}},"3":{"name":"tokensReceived","line":121,"loc":{"start":{"line":121,"column":4},"end":{"line":130,"column":4}}},"4":{"name":"tokensToSend","line":132,"loc":{"start":{"line":132,"column":4},"end":{"line":141,"column":4}}},"5":{"name":"claim","line":155,"loc":{"start":{"line":151,"column":4},"end":{"line":158,"column":4}}},"6":{"name":"addLiquidity","line":168,"loc":{"start":{"line":164,"column":4},"end":{"line":184,"column":4}}},"7":{"name":"getTraded2","line":191,"loc":{"start":{"line":191,"column":4},"end":{"line":226,"column":4}}},"8":{"name":"_sellTradedAndStake","line":228,"loc":{"start":{"line":228,"column":5},"end":{"line":270,"column":4}}},"9":{"name":"doSwapOnUniswap","line":272,"loc":{"start":{"line":272,"column":4},"end":{"line":298,"column":4}}},"10":{"name":"sqrt","line":300,"loc":{"start":{"line":300,"column":4},"end":{"line":354,"column":4}}},"11":{"name":"actualizePairAddress","line":358,"loc":{"start":{"line":358,"column":4},"end":{"line":364,"column":4}}},"12":{"name":"fillEmptyObservations","line":366,"loc":{"start":{"line":366,"column":4},"end":{"line":373,"column":4}}},"13":{"name":"currentBlockTimestamp","line":376,"loc":{"start":{"line":376,"column":4},"end":{"line":378,"column":4}}},"14":{"name":"currentCumulativePrices","line":381,"loc":{"start":{"line":381,"column":4},"end":{"line":403,"column":4}}},"15":{"name":"uniswapPrices","line":405,"loc":{"start":{"line":405,"column":4},"end":{"line":432,"column":4}}},"16":{"name":"_uniswapPrices","line":434,"loc":{"start":{"line":434,"column":4},"end":{"line":446,"column":4}}},"17":{"name":"observationIndexOf","line":449,"loc":{"start":{"line":449,"column":4},"end":{"line":452,"column":4}}},"18":{"name":"getFirstObservationInWindow","line":455,"loc":{"start":{"line":455,"column":4},"end":{"line":460,"column":4}}}},"statementMap":{"1":{"start":{"line":76,"column":8},"end":{"line":76,"column":63}},"2":{"start":{"line":77,"column":8},"end":{"line":77,"column":3019}},"3":{"start":{"line":81,"column":8},"end":{"line":81,"column":67}},"4":{"start":{"line":82,"column":8},"end":{"line":82,"column":31}},"5":{"start":{"line":83,"column":8},"end":{"line":83,"column":41}},"6":{"start":{"line":85,"column":8},"end":{"line":85,"column":74}},"7":{"start":{"line":86,"column":8},"end":{"line":86,"column":35}},"8":{"start":{"line":87,"column":8},"end":{"line":87,"column":29}},"9":{"start":{"line":90,"column":8},"end":{"line":90,"column":80}},"10":{"start":{"line":91,"column":8},"end":{"line":91,"column":60}},"11":{"start":{"line":94,"column":8},"end":{"line":94,"column":109}},"12":{"start":{"line":95,"column":8},"end":{"line":95,"column":112}},"13":{"start":{"line":102,"column":8},"end":{"line":102,"column":29}},"14":{"start":{"line":103,"column":8},"end":{"line":103,"column":30}},"15":{"start":{"line":106,"column":8},"end":{"line":106,"column":68}},"16":{"start":{"line":109,"column":8},"end":{"line":109,"column":88}},"17":{"start":{"line":110,"column":8},"end":{"line":110,"column":4503}},"18":{"start":{"line":112,"column":12},"end":{"line":112,"column":94}},"19":{"start":{"line":114,"column":12},"end":{"line":114,"column":140}},"20":{"start":{"line":115,"column":12},"end":{"line":115,"column":72}},"21":{"start":{"line":116,"column":12},"end":{"line":116,"column":80}},"22":{"start":{"line":117,"column":12},"end":{"line":117,"column":80}},"23":{"start":{"line":157,"column":8},"end":{"line":157,"column":62}},"24":{"start":{"line":170,"column":8},"end":{"line":170,"column":29}},"25":{"start":{"line":171,"column":8},"end":{"line":171,"column":30}},"26":{"start":{"line":173,"column":8},"end":{"line":173,"column":148}},"27":{"start":{"line":175,"column":8},"end":{"line":175,"column":38}},"28":{"start":{"line":176,"column":8},"end":{"line":176,"column":51}},"29":{"start":{"line":179,"column":8},"end":{"line":179,"column":80}},"30":{"start":{"line":182,"column":8},"end":{"line":182,"column":65}},"31":{"start":{"line":183,"column":8},"end":{"line":183,"column":45}},"32":{"start":{"line":192,"column":8},"end":{"line":192,"column":140}},"33":{"start":{"line":194,"column":8},"end":{"line":194,"column":76}},"34":{"start":{"line":196,"column":8},"end":{"line":196,"column":71}},"35":{"start":{"line":197,"column":8},"end":{"line":197,"column":75}},"36":{"start":{"line":199,"column":8},"end":{"line":199,"column":106}},"37":{"start":{"line":201,"column":8},"end":{"line":201,"column":153}},"38":{"start":{"line":203,"column":8},"end":{"line":203,"column":48}},"39":{"start":{"line":205,"column":8},"end":{"line":205,"column":7711}},"40":{"start":{"line":206,"column":12},"end":{"line":206,"column":7788}},"41":{"start":{"line":211,"column":12},"end":{"line":211,"column":7964}},"42":{"start":{"line":217,"column":8},"end":{"line":217,"column":8146}},"43":{"start":{"line":234,"column":8},"end":{"line":234,"column":149}},"44":{"start":{"line":237,"column":8},"end":{"line":237,"column":8804}},"45":{"start":{"line":241,"column":8},"end":{"line":241,"column":64}},"46":{"start":{"line":244,"column":8},"end":{"line":244,"column":83}},"47":{"start":{"line":245,"column":8},"end":{"line":245,"column":60}},"48":{"start":{"line":248,"column":8},"end":{"line":248,"column":9217}},"49":{"start":{"line":255,"column":8},"end":{"line":255,"column":9431}},"50":{"start":{"line":265,"column":8},"end":{"line":265,"column":45}},"51":{"start":{"line":267,"column":8},"end":{"line":267,"column":60}},"52":{"start":{"line":280,"column":8},"end":{"line":280,"column":10095}},"53":{"start":{"line":282,"column":12},"end":{"line":282,"column":31}},"54":{"start":{"line":284,"column":12},"end":{"line":284,"column":95}},"55":{"start":{"line":286,"column":12},"end":{"line":286,"column":52}},"56":{"start":{"line":287,"column":12},"end":{"line":287,"column":37}},"57":{"start":{"line":288,"column":12},"end":{"line":288,"column":38}},"58":{"start":{"line":292,"column":12},"end":{"line":292,"column":10573}},"59":{"start":{"line":296,"column":12},"end":{"line":296,"column":39}},"60":{"start":{"line":307,"column":8},"end":{"line":307,"column":10909}},"61":{"start":{"line":308,"column":12},"end":{"line":308,"column":20}},"62":{"start":{"line":312,"column":8},"end":{"line":312,"column":33}},"63":{"start":{"line":313,"column":8},"end":{"line":313,"column":17}},"64":{"start":{"line":314,"column":8},"end":{"line":314,"column":11132}},"65":{"start":{"line":315,"column":12},"end":{"line":315,"column":23}},"66":{"start":{"line":316,"column":12},"end":{"line":316,"column":24}},"67":{"start":{"line":318,"column":8},"end":{"line":318,"column":11254}},"68":{"start":{"line":319,"column":12},"end":{"line":319,"column":22}},"69":{"start":{"line":320,"column":12},"end":{"line":320,"column":24}},"70":{"start":{"line":322,"column":8},"end":{"line":322,"column":11359}},"71":{"start":{"line":323,"column":12},"end":{"line":323,"column":22}},"72":{"start":{"line":324,"column":12},"end":{"line":324,"column":24}},"73":{"start":{"line":326,"column":8},"end":{"line":326,"column":11456}},"74":{"start":{"line":327,"column":12},"end":{"line":327,"column":22}},"75":{"start":{"line":328,"column":12},"end":{"line":328,"column":23}},"76":{"start":{"line":330,"column":8},"end":{"line":330,"column":11548}},"77":{"start":{"line":331,"column":12},"end":{"line":331,"column":21}},"78":{"start":{"line":332,"column":12},"end":{"line":332,"column":23}},"79":{"start":{"line":334,"column":8},"end":{"line":334,"column":11637}},"80":{"start":{"line":335,"column":12},"end":{"line":335,"column":21}},"81":{"start":{"line":336,"column":12},"end":{"line":336,"column":23}},"82":{"start":{"line":338,"column":8},"end":{"line":338,"column":11725}},"83":{"start":{"line":339,"column":12},"end":{"line":339,"column":23}},"84":{"start":{"line":344,"column":12},"end":{"line":344,"column":46}},"85":{"start":{"line":345,"column":12},"end":{"line":345,"column":46}},"86":{"start":{"line":346,"column":12},"end":{"line":346,"column":46}},"87":{"start":{"line":347,"column":12},"end":{"line":347,"column":46}},"88":{"start":{"line":348,"column":12},"end":{"line":348,"column":46}},"89":{"start":{"line":349,"column":12},"end":{"line":349,"column":46}},"90":{"start":{"line":350,"column":12},"end":{"line":350,"column":46}},"91":{"start":{"line":351,"column":12},"end":{"line":351,"column":50}},"92":{"start":{"line":352,"column":12},"end":{"line":352,"column":75}},"93":{"start":{"line":359,"column":8},"end":{"line":359,"column":12502}},"94":{"start":{"line":360,"column":12},"end":{"line":360,"column":101}},"95":{"start":{"line":362,"column":8},"end":{"line":362,"column":62}},"96":{"start":{"line":369,"column":12},"end":{"line":369,"column":12887}},"97":{"start":{"line":370,"column":16},"end":{"line":370,"column":37}},"98":{"start":{"line":377,"column":8},"end":{"line":377,"column":48}},"99":{"start":{"line":387,"column":8},"end":{"line":387,"column":47}},"100":{"start":{"line":388,"column":8},"end":{"line":388,"column":69}},"101":{"start":{"line":389,"column":8},"end":{"line":389,"column":69}},"102":{"start":{"line":394,"column":8},"end":{"line":394,"column":13993}},"103":{"start":{"line":396,"column":12},"end":{"line":396,"column":68}},"104":{"start":{"line":399,"column":12},"end":{"line":399,"column":93}},"105":{"start":{"line":401,"column":12},"end":{"line":401,"column":93}},"106":{"start":{"line":412,"column":8},"end":{"line":412,"column":86}},"107":{"start":{"line":414,"column":8},"end":{"line":414,"column":14783}},"108":{"start":{"line":415,"column":12},"end":{"line":415,"column":14861}},"109":{"start":{"line":423,"column":12},"end":{"line":423,"column":15094}},"110":{"start":{"line":442,"column":8},"end":{"line":442,"column":117}},"111":{"start":{"line":444,"column":8},"end":{"line":444,"column":65}},"112":{"start":{"line":445,"column":8},"end":{"line":445,"column":55}},"113":{"start":{"line":450,"column":8},"end":{"line":450,"column":49}},"114":{"start":{"line":451,"column":8},"end":{"line":451,"column":51}},"115":{"start":{"line":456,"column":8},"end":{"line":456,"column":68}},"116":{"start":{"line":458,"column":8},"end":{"line":458,"column":78}},"117":{"start":{"line":459,"column":8},"end":{"line":459,"column":64}}},"branchMap":{"1":{"line":76,"type":"if","locations":[{"start":{"line":76,"column":8},"end":{"line":76,"column":8}},{"start":{"line":76,"column":8},"end":{"line":76,"column":8}}]},"2":{"line":77,"type":"if","locations":[{"start":{"line":77,"column":8},"end":{"line":77,"column":8}},{"start":{"line":77,"column":8},"end":{"line":77,"column":8}}]},"3":{"line":81,"type":"if","locations":[{"start":{"line":81,"column":8},"end":{"line":81,"column":8}},{"start":{"line":81,"column":8},"end":{"line":81,"column":8}}]},"4":{"line":110,"type":"if","locations":[{"start":{"line":110,"column":8},"end":{"line":110,"column":8}},{"start":{"line":110,"column":8},"end":{"line":110,"column":8}}]},"5":{"line":179,"type":"if","locations":[{"start":{"line":179,"column":8},"end":{"line":179,"column":8}},{"start":{"line":179,"column":8},"end":{"line":179,"column":8}}]},"6":{"line":197,"type":"if","locations":[{"start":{"line":197,"column":8},"end":{"line":197,"column":8}},{"start":{"line":197,"column":8},"end":{"line":197,"column":8}}]},"7":{"line":199,"type":"if","locations":[{"start":{"line":199,"column":8},"end":{"line":199,"column":8}},{"start":{"line":199,"column":8},"end":{"line":199,"column":8}}]},"8":{"line":205,"type":"if","locations":[{"start":{"line":205,"column":8},"end":{"line":205,"column":8}},{"start":{"line":205,"column":8},"end":{"line":205,"column":8}}]},"9":{"line":241,"type":"if","locations":[{"start":{"line":241,"column":8},"end":{"line":241,"column":8}},{"start":{"line":241,"column":8},"end":{"line":241,"column":8}}]},"10":{"line":248,"type":"if","locations":[{"start":{"line":248,"column":8},"end":{"line":248,"column":8}},{"start":{"line":248,"column":8},"end":{"line":248,"column":8}}]},"11":{"line":265,"type":"if","locations":[{"start":{"line":265,"column":8},"end":{"line":265,"column":8}},{"start":{"line":265,"column":8},"end":{"line":265,"column":8}}]},"12":{"line":280,"type":"if","locations":[{"start":{"line":280,"column":8},"end":{"line":280,"column":8}},{"start":{"line":280,"column":8},"end":{"line":280,"column":8}}]},"13":{"line":284,"type":"if","locations":[{"start":{"line":284,"column":12},"end":{"line":284,"column":12}},{"start":{"line":284,"column":12},"end":{"line":284,"column":12}}]},"14":{"line":307,"type":"if","locations":[{"start":{"line":307,"column":8},"end":{"line":307,"column":8}},{"start":{"line":307,"column":8},"end":{"line":307,"column":8}}]},"15":{"line":314,"type":"if","locations":[{"start":{"line":314,"column":8},"end":{"line":314,"column":8}},{"start":{"line":314,"column":8},"end":{"line":314,"column":8}}]},"16":{"line":318,"type":"if","locations":[{"start":{"line":318,"column":8},"end":{"line":318,"column":8}},{"start":{"line":318,"column":8},"end":{"line":318,"column":8}}]},"17":{"line":322,"type":"if","locations":[{"start":{"line":322,"column":8},"end":{"line":322,"column":8}},{"start":{"line":322,"column":8},"end":{"line":322,"column":8}}]},"18":{"line":326,"type":"if","locations":[{"start":{"line":326,"column":8},"end":{"line":326,"column":8}},{"start":{"line":326,"column":8},"end":{"line":326,"column":8}}]},"19":{"line":330,"type":"if","locations":[{"start":{"line":330,"column":8},"end":{"line":330,"column":8}},{"start":{"line":330,"column":8},"end":{"line":330,"column":8}}]},"20":{"line":334,"type":"if","locations":[{"start":{"line":334,"column":8},"end":{"line":334,"column":8}},{"start":{"line":334,"column":8},"end":{"line":334,"column":8}}]},"21":{"line":338,"type":"if","locations":[{"start":{"line":338,"column":8},"end":{"line":338,"column":8}},{"start":{"line":338,"column":8},"end":{"line":338,"column":8}}]},"22":{"line":359,"type":"if","locations":[{"start":{"line":359,"column":8},"end":{"line":359,"column":8}},{"start":{"line":359,"column":8},"end":{"line":359,"column":8}}]},"23":{"line":362,"type":"if","locations":[{"start":{"line":362,"column":8},"end":{"line":362,"column":8}},{"start":{"line":362,"column":8},"end":{"line":362,"column":8}}]},"24":{"line":394,"type":"if","locations":[{"start":{"line":394,"column":8},"end":{"line":394,"column":8}},{"start":{"line":394,"column":8},"end":{"line":394,"column":8}}]},"25":{"line":414,"type":"if","locations":[{"start":{"line":414,"column":8},"end":{"line":414,"column":8}},{"start":{"line":414,"column":8},"end":{"line":414,"column":8}}]},"26":{"line":444,"type":"if","locations":[{"start":{"line":444,"column":8},"end":{"line":444,"column":8}},{"start":{"line":444,"column":8},"end":{"line":444,"column":8}}]}}},
"contracts\\mocks\\ChainRuleMock1.sol":{"l":{"22":0,"27":0,"28":0,"30":0,"31":0},"path":"g:\\_projects\\intercoin\\TradedTokenContract\\src\\contracts\\mocks\\ChainRuleMock1.sol","s":{"1":0,"2":0,"3":0,"4":0,"5":0},"b":{"1":[0,0]},"f":{"1":0,"2":0},"fnMap":{"1":{"name":"doValidate","line":13,"loc":{"start":{"line":13,"column":4},"end":{"line":23,"column":4}}},"2":{"name":"_validate","line":25,"loc":{"start":{"line":25,"column":4},"end":{"line":35,"column":4}}}},"statementMap":{"1":{"start":{"line":22,"column":8},"end":{"line":22,"column":43}},"2":{"start":{"line":27,"column":8},"end":{"line":27,"column":817}},"3":{"start":{"line":28,"column":12},"end":{"line":28,"column":102}},"4":{"start":{"line":30,"column":12},"end":{"line":30,"column":56}},"5":{"start":{"line":31,"column":12},"end":{"line":31,"column":46}}},"branchMap":{"1":{"line":27,"type":"if","locations":[{"start":{"line":27,"column":8},"end":{"line":27,"column":8}},{"start":{"line":27,"column":8},"end":{"line":27,"column":8}}]}}},
"contracts\\mocks\\ChainRuleMock2.sol":{"l":{"22":0,"27":0,"28":0,"30":0,"31":0},"path":"g:\\_projects\\intercoin\\TradedTokenContract\\src\\contracts\\mocks\\ChainRuleMock2.sol","s":{"1":0,"2":0,"3":0,"4":0,"5":0},"b":{"1":[0,0]},"f":{"1":0,"2":0},"fnMap":{"1":{"name":"doValidate","line":13,"loc":{"start":{"line":13,"column":4},"end":{"line":23,"column":4}}},"2":{"name":"_validate","line":25,"loc":{"start":{"line":25,"column":4},"end":{"line":35,"column":4}}}},"statementMap":{"1":{"start":{"line":22,"column":8},"end":{"line":22,"column":43}},"2":{"start":{"line":27,"column":8},"end":{"line":27,"column":817}},"3":{"start":{"line":28,"column":12},"end":{"line":28,"column":102}},"4":{"start":{"line":30,"column":12},"end":{"line":30,"column":56}},"5":{"start":{"line":31,"column":12},"end":{"line":31,"column":46}}},"branchMap":{"1":{"line":27,"type":"if","locations":[{"start":{"line":27,"column":8},"end":{"line":27,"column":8}},{"start":{"line":27,"column":8},"end":{"line":27,"column":8}}]}}},
"contracts\\mocks\\ChainRuleMock3.sol":{"l":{"22":0,"27":0,"28":0,"30":0,"31":0},"path":"g:\\_projects\\intercoin\\TradedTokenContract\\src\\contracts\\mocks\\ChainRuleMock3.sol","s":{"1":0,"2":0,"3":0,"4":0,"5":0},"b":{"1":[0,0]},"f":{"1":0,"2":0},"fnMap":{"1":{"name":"doValidate","line":13,"loc":{"start":{"line":13,"column":4},"end":{"line":23,"column":4}}},"2":{"name":"_validate","line":25,"loc":{"start":{"line":25,"column":4},"end":{"line":35,"column":4}}}},"statementMap":{"1":{"start":{"line":22,"column":8},"end":{"line":22,"column":43}},"2":{"start":{"line":27,"column":8},"end":{"line":27,"column":817}},"3":{"start":{"line":28,"column":12},"end":{"line":28,"column":102}},"4":{"start":{"line":30,"column":12},"end":{"line":30,"column":56}},"5":{"start":{"line":31,"column":12},"end":{"line":31,"column":46}}},"branchMap":{"1":{"line":27,"type":"if","locations":[{"start":{"line":27,"column":8},"end":{"line":27,"column":8}},{"start":{"line":27,"column":8},"end":{"line":27,"column":8}}]}}},
"contracts\\mocks\\ERC20Mintable.sol":{"l":{"27":2},"path":"g:\\_projects\\intercoin\\TradedTokenContract\\src\\contracts\\mocks\\ERC20Mintable.sol","s":{"1":2},"b":{},"f":{"1":24,"2":2},"fnMap":{"1":{"name":"constructor","line":16,"loc":{"start":{"line":13,"column":4},"end":{"line":19,"column":4}}},"2":{"name":"mint","line":26,"loc":{"start":{"line":26,"column":4},"end":{"line":28,"column":4}}}},"statementMap":{"1":{"start":{"line":27,"column":8},"end":{"line":27,"column":29}}},"branchMap":{}},
"contracts\\mocks\\ITRMock.sol":{"l":{"19":0,"20":0,"21":0,"22":0,"23":0,"38":0,"39":0,"40":0,"41":0,"42":0,"46":0,"49":0,"57":0},"path":"g:\\_projects\\intercoin\\TradedTokenContract\\src\\contracts\\mocks\\ITRMock.sol","s":{"1":0,"2":0,"3":0,"4":0,"5":0,"6":0,"7":0,"8":0,"9":0,"10":0,"11":0,"12":0,"13":0},"b":{},"f":{"1":0,"2":0,"3":0,"4":0,"5":0},"fnMap":{"1":{"name":"setClaimData","line":9,"loc":{"start":{"line":9,"column":4},"end":{"line":24,"column":4}}},"2":{"name":"getClaimData","line":26,"loc":{"start":{"line":26,"column":4},"end":{"line":43,"column":4}}},"3":{"name":"getCurrentClaimedAmount","line":45,"loc":{"start":{"line":45,"column":4},"end":{"line":47,"column":4}}},"4":{"name":"setCurrentClaimedAmount","line":48,"loc":{"start":{"line":48,"column":4},"end":{"line":50,"column":4}}},"5":{"name":"setMaxTotalSupply","line":56,"loc":{"start":{"line":56,"column":4},"end":{"line":58,"column":4}}}},"statementMap":{"1":{"start":{"line":19,"column":8},"end":{"line":19,"column":25}},"2":{"start":{"line":20,"column":8},"end":{"line":20,"column":32}},"3":{"start":{"line":21,"column":8},"end":{"line":21,"column":32}},"4":{"start":{"line":22,"column":8},"end":{"line":22,"column":32}},"5":{"start":{"line":23,"column":8},"end":{"line":23,"column":28}},"6":{"start":{"line":38,"column":8},"end":{"line":38,"column":25}},"7":{"start":{"line":39,"column":8},"end":{"line":39,"column":32}},"8":{"start":{"line":40,"column":8},"end":{"line":40,"column":32}},"9":{"start":{"line":41,"column":8},"end":{"line":41,"column":32}},"10":{"start":{"line":42,"column":8},"end":{"line":42,"column":28}},"11":{"start":{"line":46,"column":8},"end":{"line":46,"column":33}},"12":{"start":{"line":49,"column":8},"end":{"line":49,"column":33}},"13":{"start":{"line":57,"column":8},"end":{"line":57,"column":30}}},"branchMap":{}},
"contracts\\mocks\\src20\\MockRuleSettings.sol":{"l":{"11":0},"path":"g:\\_projects\\intercoin\\TradedTokenContract\\src\\contracts\\mocks\\src20\\MockRuleSettings.sol","s":{"1":0},"b":{},"f":{"1":0},"fnMap":{"1":{"name":"setRevertState","line":10,"loc":{"start":{"line":10,"column":4},"end":{"line":12,"column":4}}}},"statementMap":{"1":{"start":{"line":11,"column":8},"end":{"line":11,"column":23}}},"branchMap":{}},
"contracts\\mocks\\src20\\MockSRC20.sol":{"l":{"22":0,"24":0,"25":0,"28":0,"29":0,"34":0,"35":0,"36":0,"39":0,"45":0,"46":0,"48":0,"51":0,"54":0,"56":0,"57":0,"61":0,"64":0,"68":0},"path":"g:\\_projects\\intercoin\\TradedTokenContract\\src\\contracts\\mocks\\src20\\MockSRC20.sol","s":{"1":0,"2":0,"3":0,"4":0,"5":0,"6":0,"7":0,"8":0,"9":0,"10":0,"11":0,"12":0,"13":0,"14":0,"15":0,"16":0,"17":0,"18":0,"19":0},"b":{"1":[0,0],"2":[0,0],"3":[0,0],"4":[0,0],"5":[0,0]},"f":{"1":0,"2":0,"3":0,"4":0,"5":0,"6":0,"7":0},"fnMap":{"1":{"name":"_updateRestrictionsAndRules","line":19,"loc":{"start":{"line":19,"column":4},"end":{"line":30,"column":4}}},"2":{"name":"executeTransfer","line":32,"loc":{"start":{"line":32,"column":4},"end":{"line":37,"column":4}}},"3":{"name":"updateRestrictionsAndRules","line":38,"loc":{"start":{"line":38,"column":4},"end":{"line":40,"column":4}}},"4":{"name":"transfer","line":42,"loc":{"start":{"line":42,"column":4},"end":{"line":52,"column":4}}},"5":{"name":"_transfer","line":53,"loc":{"start":{"line":53,"column":4},"end":{"line":62,"column":4}}},"6":{"name":"mint","line":63,"loc":{"start":{"line":63,"column":4},"end":{"line":66,"column":4}}},"7":{"name":"balanceOf","line":67,"loc":{"start":{"line":67,"column":4},"end":{"line":69,"column":4}}}},"statementMap":{"1":{"start":{"line":22,"column":8},"end":{"line":22,"column":37}},"2":{"start":{"line":24,"column":8},"end":{"line":24,"column":772}},"3":{"start":{"line":25,"column":12},"end":{"line":25,"column":96}},"4":{"start":{"line":28,"column":8},"end":{"line":28,"column":61}},"5":{"start":{"line":29,"column":8},"end":{"line":29,"column":19}},"6":{"start":{"line":34,"column":8},"end":{"line":34,"column":52}},"7":{"start":{"line":35,"column":8},"end":{"line":35,"column":33}},"8":{"start":{"line":36,"column":8},"end":{"line":36,"column":19}},"9":{"start":{"line":39,"column":8},"end":{"line":39,"column":63}},"10":{"start":{"line":45,"column":8},"end":{"line":45,"column":1609}},"11":{"start":{"line":46,"column":12},"end":{"line":46,"column":79}},"12":{"start":{"line":48,"column":12},"end":{"line":48,"column":43}},"13":{"start":{"line":51,"column":8},"end":{"line":51,"column":19}},"14":{"start":{"line":54,"column":8},"end":{"line":54,"column":61}},"15":{"start":{"line":56,"column":8},"end":{"line":56,"column":51}},"16":{"start":{"line":57,"column":8},"end":{"line":57,"column":47}},"17":{"start":{"line":61,"column":8},"end":{"line":61,"column":38}},"18":{"start":{"line":64,"column":8},"end":{"line":64,"column":47}},"19":{"start":{"line":68,"column":8},"end":{"line":68,"column":28}}},"branchMap":{"1":{"line":24,"type":"if","locations":[{"start":{"line":24,"column":8},"end":{"line":24,"column":8}},{"start":{"line":24,"column":8},"end":{"line":24,"column":8}}]},"2":{"line":25,"type":"if","locations":[{"start":{"line":25,"column":12},"end":{"line":25,"column":12}},{"start":{"line":25,"column":12},"end":{"line":25,"column":12}}]},"3":{"line":45,"type":"if","locations":[{"start":{"line":45,"column":8},"end":{"line":45,"column":8}},{"start":{"line":45,"column":8},"end":{"line":45,"column":8}}]},"4":{"line":46,"type":"if","locations":[{"start":{"line":46,"column":12},"end":{"line":46,"column":12}},{"start":{"line":46,"column":12},"end":{"line":46,"column":12}}]},"5":{"line":54,"type":"if","locations":[{"start":{"line":54,"column":8},"end":{"line":54,"column":8}},{"start":{"line":54,"column":8},"end":{"line":54,"column":8}}]}}},
"contracts\\restrictions\\ChainRule.sol":{"l":{"17":0,"25":0},"path":"g:\\_projects\\intercoin\\TradedTokenContract\\src\\contracts\\restrictions\\ChainRule.sol","s":{"1":0,"2":0},"b":{},"f":{"1":0,"2":0},"fnMap":{"1":{"name":"doValidate","line":8,"loc":{"start":{"line":8,"column":4},"end":{"line":18,"column":4}}},"2":{"name":"_validate","line":20,"loc":{"start":{"line":20,"column":4},"end":{"line":26,"column":4}}}},"statementMap":{"1":{"start":{"line":17,"column":8},"end":{"line":17,"column":43}},"2":{"start":{"line":25,"column":8},"end":{"line":25,"column":42}}},"branchMap":{}},
"contracts\\restrictions\\ChainRuleBase.sol":{"l":{"11":0,"15":0,"36":0,"37":0,"38":0,"44":0,"48":0},"path":"g:\\_projects\\intercoin\\TradedTokenContract\\src\\contracts\\restrictions\\ChainRuleBase.sol","s":{"1":0,"2":0,"3":0,"4":0,"5":0,"6":0,"7":0},"b":{"1":[0,0]},"f":{"1":0,"2":0,"3":0,"4":0,"5":0},"fnMap":{"1":{"name":"clearChain","line":10,"loc":{"start":{"line":10,"column":4},"end":{"line":12,"column":4}}},"2":{"name":"setChain","line":14,"loc":{"start":{"line":14,"column":4},"end":{"line":16,"column":4}}},"3":{"name":"_doValidate","line":22,"loc":{"start":{"line":22,"column":4},"end":{"line":41,"column":4}}},"4":{"name":"isChainExists","line":43,"loc":{"start":{"line":43,"column":4},"end":{"line":45,"column":4}}},"5":{"name":"_setChain","line":47,"loc":{"start":{"line":47,"column":4},"end":{"line":49,"column":4}}}},"statementMap":{"1":{"start":{"line":11,"column":8},"end":{"line":11,"column":28}},"2":{"start":{"line":15,"column":8},"end":{"line":15,"column":27}},"3":{"start":{"line":36,"column":8},"end":{"line":36,"column":72}},"4":{"start":{"line":37,"column":8},"end":{"line":37,"column":1008}},"5":{"start":{"line":38,"column":12},"end":{"line":38,"column":106}},"6":{"start":{"line":44,"column":8},"end":{"line":44,"column":60}},"7":{"start":{"line":48,"column":8},"end":{"line":48,"column":33}}},"branchMap":{"1":{"line":37,"type":"if","locations":[{"start":{"line":37,"column":8},"end":{"line":37,"column":8}},{"start":{"line":37,"column":8},"end":{"line":37,"column":8}}]}}},
"contracts\\restrictions\\TransferRule.sol":{"l":{"37":0,"38":0,"55":0,"56":0,"57":0,"62":0,"63":0,"69":0,"73":0,"77":0,"79":0,"80":0,"81":0,"83":0,"92":0,"93":0,"94":0,"110":0,"111":0,"112":0,"113":0,"114":0,"115":0,"126":0,"127":0,"129":0,"133":0,"137":0,"140":0,"144":0,"149":0,"156":0,"158":0,"163":0,"165":0,"166":0,"167":0,"168":0,"170":0,"171":0,"175":0,"180":0,"181":0},"path":"g:\\_projects\\intercoin\\TradedTokenContract\\src\\contracts\\restrictions\\TransferRule.sol","s":{"1":0,"2":0,"3":0,"4":0,"5":0,"6":0,"7":0,"8":0,"9":0,"10":0,"11":0,"12":0,"13":0,"14":0,"15":0,"16":0,"17":0,"18":0,"19":0,"20":0,"21":0,"22":0,"23":0,"24":0,"25":0,"26":0,"27":0,"28":0,"29":0,"30":0,"31":0,"32":0,"33":0,"34":0,"35":0,"36":0,"37":0,"38":0,"39":0,"40":0,"41":0,"42":0,"43":0},"b":{"1":[0,0],"2":[0,0],"3":[0,0],"4":[0,0],"5":[0,0],"6":[0,0],"7":[0,0],"8":[0,0],"9":[0,0],"10":[0,0],"11":[0,0],"12":[0,0]},"f":{"1":0,"2":0,"3":0,"4":0,"5":0,"6":0,"7":0,"8":0,"9":0,"10":0},"fnMap":{"1":{"name":"onlyDoTransferCaller","line":36,"loc":{"start":{"line":36,"column":4},"end":{"line":39,"column":4}}},"2":{"name":"constructor","line":49,"loc":{"start":{"line":49,"column":4},"end":{"line":59,"column":4}}},"3":{"name":"cleanSRC","line":61,"loc":{"start":{"line":61,"column":4},"end":{"line":65,"column":4}}},"4":{"name":"addExchangeAddress","line":68,"loc":{"start":{"line":68,"column":4},"end":{"line":70,"column":4}}},"5":{"name":"removeExchangeAddress","line":72,"loc":{"start":{"line":72,"column":4},"end":{"line":74,"column":4}}},"6":{"name":"viewExchangeAddresses","line":76,"loc":{"start":{"line":76,"column":4},"end":{"line":85,"column":4}}},"7":{"name":"addRestrictions","line":91,"loc":{"start":{"line":87,"column":1},"end":{"line":99,"column":5}}},"8":{"name":"setSRC","line":109,"loc":{"start":{"line":109,"column":4},"end":{"line":116,"column":4}}},"9":{"name":"doTransfer","line":125,"loc":{"start":{"line":125,"column":4},"end":{"line":150,"column":4}}},"10":{"name":"_validate","line":154,"loc":{"start":{"line":154,"column":4},"end":{"line":185,"column":4}}}},"statementMap":{"1":{"start":{"line":37,"column":8},"end":{"line":37,"column":56}},"2":{"start":{"line":55,"column":8},"end":{"line":55,"column":33}},"3":{"start":{"line":56,"column":8},"end":{"line":56,"column":39}},"4":{"start":{"line":57,"column":8},"end":{"line":57,"column":39}},"5":{"start":{"line":62,"column":8},"end":{"line":62,"column":26}},"6":{"start":{"line":63,"column":8},"end":{"line":63,"column":37}},"7":{"start":{"line":69,"column":8},"end":{"line":69,"column":42}},"8":{"start":{"line":73,"column":8},"end":{"line":73,"column":45}},"9":{"start":{"line":77,"column":8},"end":{"line":77,"column":56}},"10":{"start":{"line":79,"column":8},"end":{"line":79,"column":49}},"11":{"start":{"line":80,"column":8},"end":{"line":80,"column":2354}},"12":{"start":{"line":81,"column":12},"end":{"line":81,"column":51}},"13":{"start":{"line":83,"column":8},"end":{"line":83,"column":18}},"14":{"start":{"line":92,"column":9},"end":{"line":92,"column":35}},"15":{"start":{"line":93,"column":9},"end":{"line":93,"column":2708}},"16":{"start":{"line":94,"column":13},"end":{"line":94,"column":2753}},"17":{"start":{"line":110,"column":8},"end":{"line":110,"column":80}},"18":{"start":{"line":111,"column":8},"end":{"line":111,"column":78}},"19":{"start":{"line":112,"column":8},"end":{"line":112,"column":60}},"20":{"start":{"line":113,"column":8},"end":{"line":113,"column":39}},"21":{"start":{"line":114,"column":8},"end":{"line":114,"column":21}},"22":{"start":{"line":115,"column":8},"end":{"line":115,"column":19}},"23":{"start":{"line":126,"column":8},"end":{"line":126,"column":20}},"24":{"start":{"line":127,"column":8},"end":{"line":127,"column":28}},"25":{"start":{"line":129,"column":8},"end":{"line":129,"column":72}},"26":{"start":{"line":133,"column":8},"end":{"line":133,"column":89}},"27":{"start":{"line":137,"column":8},"end":{"line":137,"column":88}},"28":{"start":{"line":140,"column":8},"end":{"line":140,"column":4505}},"29":{"start":{"line":144,"column":12},"end":{"line":144,"column":41}},"30":{"start":{"line":149,"column":8},"end":{"line":149,"column":19}},"31":{"start":{"line":156,"column":8},"end":{"line":156,"column":76}},"32":{"start":{"line":158,"column":8},"end":{"line":158,"column":5172}},"33":{"start":{"line":163,"column":8},"end":{"line":163,"column":60}},"34":{"start":{"line":165,"column":8},"end":{"line":165,"column":5502}},"35":{"start":{"line":166,"column":12},"end":{"line":166,"column":5572}},"36":{"start":{"line":167,"column":16},"end":{"line":167,"column":31}},"37":{"start":{"line":168,"column":16},"end":{"line":168,"column":113}},"38":{"start":{"line":169,"column":19},"end":{"line":169,"column":5767}},"39":{"start":{"line":170,"column":16},"end":{"line":170,"column":31}},"40":{"start":{"line":171,"column":16},"end":{"line":171,"column":127}},"41":{"start":{"line":175,"column":8},"end":{"line":175,"column":6034}},"42":{"start":{"line":180,"column":12},"end":{"line":180,"column":80}},"43":{"start":{"line":181,"column":12},"end":{"line":181,"column":106}}},"branchMap":{"1":{"line":37,"type":"if","locations":[{"start":{"line":37,"column":8},"end":{"line":37,"column":8}},{"start":{"line":37,"column":8},"end":{"line":37,"column":8}}]},"2":{"line":110,"type":"if","locations":[{"start":{"line":110,"column":8},"end":{"line":110,"column":8}},{"start":{"line":110,"column":8},"end":{"line":110,"column":8}}]},"3":{"line":111,"type":"if","locations":[{"start":{"line":111,"column":8},"end":{"line":111,"column":8}},{"start":{"line":111,"column":8},"end":{"line":111,"column":8}}]},"4":{"line":112,"type":"if","locations":[{"start":{"line":112,"column":8},"end":{"line":112,"column":8}},{"start":{"line":112,"column":8},"end":{"line":112,"column":8}}]},"5":{"line":133,"type":"if","locations":[{"start":{"line":133,"column":8},"end":{"line":133,"column":8}},{"start":{"line":133,"column":8},"end":{"line":133,"column":8}}]},"6":{"line":137,"type":"if","locations":[{"start":{"line":137,"column":8},"end":{"line":137,"column":8}},{"start":{"line":137,"column":8},"end":{"line":137,"column":8}}]},"7":{"line":140,"type":"if","locations":[{"start":{"line":140,"column":8},"end":{"line":140,"column":8}},{"start":{"line":140,"column":8},"end":{"line":140,"column":8}}]},"8":{"line":158,"type":"if","locations":[{"start":{"line":158,"column":8},"end":{"line":158,"column":8}},{"start":{"line":158,"column":8},"end":{"line":158,"column":8}}]},"9":{"line":165,"type":"if","locations":[{"start":{"line":165,"column":8},"end":{"line":165,"column":8}},{"start":{"line":165,"column":8},"end":{"line":165,"column":8}}]},"10":{"line":166,"type":"if","locations":[{"start":{"line":166,"column":12},"end":{"line":166,"column":12}},{"start":{"line":166,"column":12},"end":{"line":166,"column":12}}]},"11":{"line":169,"type":"if","locations":[{"start":{"line":169,"column":19},"end":{"line":169,"column":19}},{"start":{"line":169,"column":19},"end":{"line":169,"column":19}}]},"12":{"line":175,"type":"if","locations":[{"start":{"line":175,"column":8},"end":{"line":175,"column":8}},{"start":{"line":175,"column":8},"end":{"line":175,"column":8}}]}}}}
