TN:
SF:g:\_projects\intercoin\TradedTokenContract\src\contracts\ExecuteManager.sol
FN:8,runOnlyOnce
FNF:1
FNH:1
FNDA:18,runOnlyOnce
DA:9,18
DA:10,18
DA:11,18
LF:3
LH:3
BRDA:9,1,0,18
BRDA:9,1,1,0
BRF:2
BRH:1
end_of_record
TN:
SF:g:\_projects\intercoin\TradedTokenContract\src\contracts\interfaces\IChain.sol
FNF:0
FNH:0
LF:0
LH:0
BRF:0
BRH:0
end_of_record
TN:
SF:g:\_projects\intercoin\TradedTokenContract\src\contracts\interfaces\IITR.sol
FNF:0
FNH:0
LF:0
LH:0
BRF:0
BRH:0
end_of_record
TN:
SF:g:\_projects\intercoin\TradedTokenContract\src\contracts\interfaces\ISRC20.sol
FNF:0
FNH:0
LF:0
LH:0
BRF:0
BRH:0
end_of_record
TN:
SF:g:\_projects\intercoin\TradedTokenContract\src\contracts\interfaces\ITransferRules.sol
FNF:0
FNH:0
LF:0
LH:0
BRF:0
BRH:0
end_of_record
TN:
SF:g:\_projects\intercoin\TradedTokenContract\src\contracts\ITR.sol
FN:36,constructor
FN:47,init
FN:62,getMaxTotalSupply
FN:67,totalRemaining
FN:72,getClaimFraction
FN:77,claim
FN:112,getGrowthDurationsPassed
FNF:7
FNH:0
FNDA:0,constructor
FNDA:0,init
FNDA:0,getMaxTotalSupply
FNDA:0,totalRemaining
FNDA:0,getClaimFraction
FNDA:0,claim
FNDA:0,getGrowthDurationsPassed
DA:37,0
DA:55,0
DA:58,0
DA:63,0
DA:68,0
DA:73,0
DA:78,0
DA:79,0
DA:81,0
DA:83,0
DA:86,0
DA:90,0
DA:93,0
DA:94,0
DA:96,0
DA:97,0
DA:100,0
DA:105,0
DA:107,0
DA:108,0
DA:113,0
LF:21
LH:0
BRDA:81,1,0,0
BRDA:81,1,1,0
BRDA:83,2,0,0
BRDA:83,2,1,0
BRDA:93,3,0,0
BRDA:93,3,1,0
BRDA:100,4,0,0
BRDA:100,4,1,0
BRDA:105,5,0,0
BRDA:105,5,1,0
BRF:10
BRH:0
end_of_record
TN:
SF:g:\_projects\intercoin\TradedTokenContract\src\contracts\libs\Babylonian.sol
FN:10,sqrt
FNF:1
FNH:1
FNDA:7,sqrt
DA:11,7
DA:14,7
DA:15,7
DA:16,7
DA:17,7
DA:18,7
DA:20,7
DA:21,7
DA:22,7
DA:24,7
DA:25,0
DA:26,0
DA:28,7
DA:29,7
DA:30,7
DA:32,7
DA:33,7
DA:34,7
DA:36,7
DA:37,7
DA:38,7
DA:40,7
DA:41,7
DA:43,7
DA:44,7
DA:45,7
DA:46,7
DA:47,7
DA:48,7
DA:49,7
DA:50,7
DA:51,7
LF:32
LH:30
BRDA:11,1,0,0
BRDA:11,1,1,7
BRDA:16,2,0,7
BRDA:16,2,1,0
BRDA:20,3,0,7
BRDA:20,3,1,0
BRDA:24,4,0,0
BRDA:24,4,1,7
BRDA:28,5,0,7
BRDA:28,5,1,0
BRDA:32,6,0,7
BRDA:32,6,1,0
BRDA:36,7,0,7
BRDA:36,7,1,0
BRDA:40,8,0,7
BRDA:40,8,1,0
BRF:16
BRH:8
end_of_record
TN:
SF:g:\_projects\intercoin\TradedTokenContract\src\contracts\libs\BitMath.sol
FN:7,mostSignificantBit
FN:44,leastSignificantBit
FNF:2
FNH:0
FNDA:0,mostSignificantBit
FNDA:0,leastSignificantBit
DA:8,0
DA:10,0
DA:11,0
DA:12,0
DA:14,0
DA:15,0
DA:16,0
DA:18,0
DA:19,0
DA:20,0
DA:22,0
DA:23,0
DA:24,0
DA:26,0
DA:27,0
DA:28,0
DA:30,0
DA:31,0
DA:32,0
DA:34,0
DA:35,0
DA:36,0
DA:38,0
DA:45,0
DA:47,0
DA:48,0
DA:49,0
DA:51,0
DA:53,0
DA:54,0
DA:56,0
DA:58,0
DA:59,0
DA:61,0
DA:63,0
DA:64,0
DA:66,0
DA:68,0
DA:69,0
DA:71,0
DA:73,0
DA:74,0
DA:76,0
DA:78,0
DA:79,0
DA:81,0
DA:83,0
LF:47
LH:0
BRDA:8,1,0,0
BRDA:8,1,1,0
BRDA:10,2,0,0
BRDA:10,2,1,0
BRDA:14,3,0,0
BRDA:14,3,1,0
BRDA:18,4,0,0
BRDA:18,4,1,0
BRDA:22,5,0,0
BRDA:22,5,1,0
BRDA:26,6,0,0
BRDA:26,6,1,0
BRDA:30,7,0,0
BRDA:30,7,1,0
BRDA:34,8,0,0
BRDA:34,8,1,0
BRDA:38,9,0,0
BRDA:38,9,1,0
BRDA:45,10,0,0
BRDA:45,10,1,0
BRDA:48,11,0,0
BRDA:48,11,1,0
BRDA:53,12,0,0
BRDA:53,12,1,0
BRDA:58,13,0,0
BRDA:58,13,1,0
BRDA:63,14,0,0
BRDA:63,14,1,0
BRDA:68,15,0,0
BRDA:68,15,1,0
BRDA:73,16,0,0
BRDA:73,16,1,0
BRDA:78,17,0,0
BRDA:78,17,1,0
BRDA:83,18,0,0
BRDA:83,18,1,0
BRF:36
BRH:0
end_of_record
TN:
SF:g:\_projects\intercoin\TradedTokenContract\src\contracts\libs\FixedPoint.sol
FN:28,encode
FN:33,encode144
FN:38,decode
FN:43,decode144
FN:49,mul
FN:57,muli
FN:65,muluq
FN:93,divuq
FN:111,fraction
FN:129,reciprocal
FN:137,sqrt
FNF:11
FNH:6
FNDA:40,encode
FNDA:0,encode144
FNDA:7,decode
FNDA:0,decode144
FNDA:0,mul
FNDA:0,muli
FNDA:41,muluq
FNDA:9,divuq
FNDA:25,fraction
FNDA:0,reciprocal
FNDA:7,sqrt
DA:29,40
DA:34,0
DA:39,7
DA:44,0
DA:50,0
DA:51,0
DA:52,0
DA:58,0
DA:59,0
DA:60,0
DA:66,41
DA:67,0
DA:69,41
DA:70,41
DA:71,41
DA:72,41
DA:75,41
DA:76,41
DA:77,41
DA:78,41
DA:81,41
DA:84,41
DA:87,41
DA:89,41
DA:94,9
DA:95,9
DA:96,0
DA:98,9
DA:99,9
DA:100,9
DA:101,9
DA:104,0
DA:105,0
DA:106,0
DA:112,25
DA:113,25
DA:115,25
DA:116,25
DA:117,25
DA:118,25
DA:120,0
DA:121,0
DA:122,0
DA:130,0
DA:131,0
DA:132,0
DA:138,7
DA:139,7
DA:142,0
DA:143,0
DA:144,0
LF:51
LH:29
BRDA:51,1,0,0
BRDA:51,1,1,0
BRDA:59,2,0,0
BRDA:59,2,1,0
BRDA:66,3,0,0
BRDA:66,3,1,41
BRDA:81,4,0,41
BRDA:81,4,1,0
BRDA:87,5,0,41
BRDA:87,5,1,0
BRDA:94,6,0,9
BRDA:94,6,1,0
BRDA:95,7,0,0
BRDA:95,7,1,9
BRDA:98,8,0,9
BRDA:98,8,1,0
BRDA:100,9,0,9
BRDA:100,9,1,0
BRDA:105,10,0,0
BRDA:105,10,1,0
BRDA:112,11,0,25
BRDA:112,11,1,0
BRDA:113,12,0,0
BRDA:113,12,1,25
BRDA:115,13,0,25
BRDA:115,13,1,0
BRDA:117,14,0,25
BRDA:117,14,1,0
BRDA:121,15,0,0
BRDA:121,15,1,0
BRDA:130,16,0,0
BRDA:130,16,1,0
BRDA:131,17,0,0
BRDA:131,17,1,0
BRDA:138,18,0,7
BRDA:138,18,1,0
BRF:36
BRH:12
end_of_record
TN:
SF:g:\_projects\intercoin\TradedTokenContract\src\contracts\libs\FullMath.sol
FN:7,fullMul
FN:14,fullDiv
FN:38,mulDiv
FNF:3
FNH:0
FNDA:0,fullMul
FNDA:0,fullDiv
FNDA:0,mulDiv
DA:8,0
DA:9,0
DA:10,0
DA:11,0
DA:20,0
DA:22,0
DA:23,0
DA:25,0
DA:26,0
DA:27,0
DA:28,0
DA:29,0
DA:30,0
DA:31,0
DA:32,0
DA:33,0
DA:34,0
DA:35,0
DA:43,0
DA:45,0
DA:46,0
DA:47,0
DA:49,0
DA:51,0
DA:52,0
LF:25
LH:0
BRDA:11,1,0,0
BRDA:11,1,1,0
BRDA:46,2,0,0
BRDA:46,2,1,0
BRDA:49,3,0,0
BRDA:49,3,1,0
BRDA:51,4,0,0
BRDA:51,4,1,0
BRF:8
BRH:0
end_of_record
TN:
SF:g:\_projects\intercoin\TradedTokenContract\src\contracts\libs\SwapSettingsLib.sol
FN:5,netWorkSettings
FNF:1
FNH:1
FNDA:69,netWorkSettings
DA:11,69
DA:12,69
DA:15,69
DA:17,69
DA:23,0
DA:29,0
DA:34,0
LF:7
LH:4
BRDA:15,1,0,69
BRDA:15,1,1,0
BRDA:21,2,0,0
BRDA:21,2,1,0
BRDA:27,3,0,0
BRDA:27,3,1,0
BRF:6
BRH:1
end_of_record
TN:
SF:g:\_projects\intercoin\TradedTokenContract\src\contracts\Liquidity.sol
FN:20,constructor
FN:37,addLiquidity
FN:47,tokensReceived
FN:61,_addLiquidity
FNF:4
FNH:4
FNDA:69,constructor
FNDA:20,addLiquidity
FNDA:20,tokensReceived
FNDA:20,_addLiquidity
DA:25,69
DA:26,69
DA:27,69
DA:30,69
DA:41,20
DA:42,20
DA:44,20
DA:67,20
DA:68,20
DA:71,20
LF:10
LH:10
BRF:0
BRH:0
end_of_record
TN:
SF:g:\_projects\intercoin\TradedTokenContract\src\contracts\Main.sol
FN:124,constructor
FN:175,tokensReceived
FN:191,tokensToSend
FN:215,setBuyTax
FN:230,setSellTax
FN:247,addInitialLiquidity
FN:278,claim
FN:295,claim
FN:306,claimViaExternal
FN:332,addLiquidity
FN:411,singlePairSync
FN:423,_beforeTokenTransfer
FN:460,transferFrom
FN:475,transfer
FN:510,currentBlockTimestamp
FN:517,_uniswapReserves
FN:541,_validateClaim
FN:572,_claim
FN:599,doSwapOnUniswap
FN:627,tradedAveragePrice
FN:657,update
FN:674,_calculateSellTradedAndLiquidity
FN:695,_doSellTradedAndLiquidity
FN:716,_maxAddLiquidity
FN:765,sqrt
FNF:25
FNH:25
FNDA:70,constructor
FNDA:20,tokensReceived
FNDA:20,tokensToSend
FNDA:3,setBuyTax
FNDA:3,setSellTax
FNDA:18,addInitialLiquidity
FNDA:3,claim
FNDA:1,claim
FNDA:4,claimViaExternal
FNDA:11,addLiquidity
FNDA:11,singlePairSync
FNDA:81,_beforeTokenTransfer
FNDA:24,transferFrom
FNDA:27,transfer
FNDA:151,currentBlockTimestamp
FNDA:17,_uniswapReserves
FNDA:6,_validateClaim
FNDA:24,_claim
FNDA:2,doSwapOnUniswap
FNDA:11,tradedAveragePrice
FNDA:2,update
FNDA:3,_calculateSellTradedAndLiquidity
FNDA:2,_doSellTradedAndLiquidity
FNDA:14,_maxAddLiquidity
FNDA:26,sqrt
DA:127,70
DA:128,70
DA:130,70
DA:132,69
DA:133,69
DA:134,69
DA:135,69
DA:137,69
DA:138,69
DA:139,69
DA:140,69
DA:141,69
DA:144,69
DA:147,69
DA:148,69
DA:151,69
DA:152,69
DA:154,69
DA:155,69
DA:162,69
DA:166,69
DA:218,3
DA:219,2
DA:233,3
DA:234,2
DA:249,18
DA:250,18
DA:252,18
DA:253,18
DA:255,18
DA:280,3
DA:281,3
DA:297,1
DA:298,1
DA:312,4
DA:313,3
DA:315,2
DA:317,2
DA:319,2
DA:321,2
DA:334,11
DA:336,11
DA:337,11
DA:338,11
DA:340,11
DA:341,11
DA:342,11
DA:343,11
DA:344,11
DA:346,11
DA:348,11
DA:350,4
DA:352,4
DA:356,3
DA:358,1
DA:361,4
DA:363,3
DA:364,1
DA:367,3
DA:369,3
DA:376,3
DA:387,1
DA:391,4
DA:397,2
DA:399,2
DA:401,2
DA:412,11
DA:414,11
DA:415,11
DA:446,81
DA:454,53
DA:455,53
DA:456,53
DA:465,24
DA:466,24
DA:467,24
DA:468,1
DA:469,1
DA:472,24
DA:484,27
DA:485,27
DA:490,27
DA:492,6
DA:494,6
DA:495,1
DA:496,1
DA:500,27
DA:511,151
DA:524,17
DA:525,17
DA:527,10
DA:528,10
DA:530,0
DA:548,6
DA:549,6
DA:551,6
DA:553,6
DA:555,6
DA:578,24
DA:580,24
DA:585,24
DA:589,2
DA:609,2
DA:611,2
DA:612,2
DA:613,2
DA:616,2
DA:620,2
DA:633,11
DA:634,11
DA:635,11
DA:636,11
DA:638,11
DA:647,8
DA:652,3
DA:658,2
DA:659,2
DA:661,2
DA:663,2
DA:665,2
DA:667,2
DA:668,2
DA:670,2
DA:682,3
DA:684,3
DA:688,3
DA:690,3
DA:691,3
DA:703,2
DA:704,2
DA:707,2
DA:710,2
DA:726,14
DA:727,14
DA:728,14
DA:730,14
DA:732,7
DA:734,7
DA:735,7
DA:736,7
DA:747,7
DA:761,7
DA:772,26
DA:773,1
DA:777,25
DA:778,25
DA:779,25
DA:780,2
DA:781,2
DA:783,25
DA:784,2
DA:785,2
DA:787,25
DA:788,16
DA:789,16
DA:791,25
DA:792,16
DA:793,16
DA:795,25
DA:796,23
DA:797,23
DA:799,25
DA:800,24
DA:801,24
DA:803,25
DA:804,14
DA:808,25
DA:809,25
DA:810,25
DA:811,25
DA:812,25
DA:813,25
DA:814,25
DA:815,25
DA:816,25
DA:817,25
LF:176
LH:175
BRDA:130,1,0,69
BRDA:130,1,1,1
BRDA:152,2,0,69
BRDA:152,2,1,0
BRDA:218,3,0,2
BRDA:218,3,1,1
BRDA:233,4,0,2
BRDA:233,4,1,1
BRDA:249,5,0,18
BRDA:249,5,1,0
BRDA:312,6,0,3
BRDA:312,6,1,1
BRDA:313,7,0,2
BRDA:313,7,1,1
BRDA:352,8,0,3
BRDA:352,8,1,1
BRDA:361,9,0,3
BRDA:361,9,1,1
BRDA:363,10,0,1
BRDA:363,10,1,2
BRDA:376,11,0,1
BRDA:376,11,1,2
BRDA:391,12,0,2
BRDA:391,12,1,2
BRDA:412,13,0,11
BRDA:412,13,1,0
BRDA:446,14,0,28
BRDA:446,14,1,53
BRDA:456,15,0,53
BRDA:456,15,1,0
BRDA:465,16,0,24
BRDA:465,16,1,0
BRDA:467,17,0,1
BRDA:467,17,1,23
BRDA:490,18,0,6
BRDA:490,18,1,21
BRDA:494,19,0,1
BRDA:494,19,1,5
BRDA:525,20,0,10
BRDA:525,20,1,7
BRDA:527,21,0,10
BRDA:527,21,1,0
BRDA:553,22,0,6
BRDA:553,22,1,0
BRDA:555,23,0,6
BRDA:555,23,1,0
BRDA:585,24,0,2
BRDA:585,24,1,22
BRDA:609,25,0,2
BRDA:609,25,1,0
BRDA:638,26,0,8
BRDA:638,26,1,3
BRDA:663,27,0,2
BRDA:663,27,1,0
BRDA:688,28,0,3
BRDA:688,28,1,0
BRDA:772,29,0,1
BRDA:772,29,1,25
BRDA:779,30,0,2
BRDA:779,30,1,23
BRDA:783,31,0,2
BRDA:783,31,1,23
BRDA:787,32,0,16
BRDA:787,32,1,9
BRDA:791,33,0,16
BRDA:791,33,1,9
BRDA:795,34,0,23
BRDA:795,34,1,2
BRDA:799,35,0,24
BRDA:799,35,1,1
BRDA:803,36,0,14
BRDA:803,36,1,11
BRF:72
BRH:61
end_of_record
TN:
SF:g:\_projects\intercoin\TradedTokenContract\src\contracts\minimums\common\MinimumsBase.sol
FN:54,constructor
FN:76,_minimumsAdd
FN:104,_minimumsClear
FN:117,_automaticLockupAdd
FN:130,_automaticLockupRemove
FN:143,_getMinimum
FN:178,_minimumsClear
FN:214,_minimumsAddLow
FN:243,_reduceMinimum
FN:294,minimumsTransfer
FN:408,getIndexInterval
FN:413,sortAsc
FN:418,quickSortAsc
FNF:13
FNH:0
FNDA:0,constructor
FNDA:0,_minimumsAdd
FNDA:0,_minimumsClear
FNDA:0,_automaticLockupAdd
FNDA:0,_automaticLockupRemove
FNDA:0,_getMinimum
FNDA:0,_minimumsClear
FNDA:0,_minimumsAddLow
FNDA:0,_reduceMinimum
FNDA:0,minimumsTransfer
FNDA:0,getIndexInterval
FNDA:0,sortAsc
FNDA:0,quickSortAsc
DA:59,0
DA:61,0
DA:63,0
DA:87,0
DA:88,0
DA:89,0
DA:91,0
DA:93,0
DA:95,0
DA:110,0
DA:123,0
DA:124,0
DA:135,0
DA:151,0
DA:152,0
DA:153,0
DA:154,0
DA:156,0
DA:157,0
DA:159,0
DA:185,0
DA:186,0
DA:187,0
DA:188,0
DA:189,0
DA:190,0
DA:194,0
DA:195,0
DA:200,0
DA:223,0
DA:224,0
DA:226,0
DA:233,0
DA:252,0
DA:254,0
DA:256,0
DA:258,0
DA:259,0
DA:260,0
DA:265,0
DA:266,0
DA:268,0
DA:275,0
DA:279,0
DA:280,0
DA:303,0
DA:304,0
DA:307,0
DA:308,0
DA:309,0
DA:310,0
DA:312,0
DA:314,0
DA:315,0
DA:317,0
DA:319,0
DA:322,0
DA:323,0
DA:324,0
DA:326,0
DA:327,0
DA:331,0
DA:340,0
DA:341,0
DA:344,0
DA:345,0
DA:352,0
DA:355,0
DA:356,0
DA:357,0
DA:360,0
DA:361,0
DA:364,0
DA:376,0
DA:377,0
DA:379,0
DA:380,0
DA:409,0
DA:414,0
DA:415,0
DA:419,0
DA:420,0
DA:421,0
DA:422,0
DA:423,0
DA:424,0
DA:425,0
DA:426,0
DA:427,0
DA:428,0
DA:429,0
DA:432,0
DA:433,0
DA:434,0
DA:435,0
LF:95
LH:0
BRDA:59,1,0,0
BRDA:59,1,1,0
BRDA:89,2,0,0
BRDA:89,2,1,0
BRDA:156,3,0,0
BRDA:156,3,1,0
BRDA:187,4,0,0
BRDA:187,4,1,0
BRDA:190,5,0,0
BRDA:190,5,1,0
BRDA:224,6,0,0
BRDA:224,6,1,0
BRDA:252,7,0,0
BRDA:252,7,1,0
BRDA:254,8,0,0
BRDA:254,8,1,0
BRDA:259,9,0,0
BRDA:259,9,1,0
BRDA:265,10,0,0
BRDA:265,10,1,0
BRDA:275,11,0,0
BRDA:275,11,1,0
BRDA:307,12,0,0
BRDA:307,12,1,0
BRDA:319,13,0,0
BRDA:319,13,1,0
BRDA:322,14,0,0
BRDA:322,14,1,0
BRDA:340,15,0,0
BRDA:340,15,1,0
BRDA:344,16,0,0
BRDA:344,16,1,0
BRDA:355,17,0,0
BRDA:355,17,1,0
BRDA:376,18,0,0
BRDA:376,18,1,0
BRDA:379,19,0,0
BRDA:379,19,1,0
BRDA:421,20,0,0
BRDA:421,20,1,0
BRDA:426,21,0,0
BRDA:426,21,1,0
BRDA:432,22,0,0
BRDA:432,22,1,0
BRDA:434,23,0,0
BRDA:434,23,1,0
BRF:46
BRH:0
end_of_record
TN:
SF:g:\_projects\intercoin\TradedTokenContract\src\contracts\minimums\libs\MinimumsLib.sol
FN:42,_minimumsAdd
FN:71,_minimumsClear
FN:85,_automaticLockupAdd
FN:99,_automaticLockupRemove
FN:111,_getMinimum
FN:140,_getMinimumList
FN:181,_minimumsClear
FN:218,_minimumsAddLow
FN:247,_reduceMinimum
FN:297,minimumsTransfer
FN:415,getIndexInterval
FN:420,sortAsc
FN:425,quickSortAsc
FNF:13
FNH:5
FNDA:2,_minimumsAdd
FNDA:0,_minimumsClear
FNDA:0,_automaticLockupAdd
FNDA:0,_automaticLockupRemove
FNDA:53,_getMinimum
FNDA:0,_getMinimumList
FNDA:2,_minimumsClear
FNDA:2,_minimumsAddLow
FNDA:0,_reduceMinimum
FNDA:0,minimumsTransfer
FNDA:2,getIndexInterval
FNDA:0,sortAsc
FNDA:0,quickSortAsc
DA:54,2
DA:55,2
DA:56,2
DA:58,2
DA:60,2
DA:62,2
DA:78,0
DA:92,0
DA:93,0
DA:104,0
DA:119,53
DA:120,53
DA:121,53
DA:122,0
DA:124,0
DA:125,0
DA:127,0
DA:148,0
DA:149,0
DA:150,0
DA:152,0
DA:155,0
DA:156,0
DA:158,0
DA:159,0
DA:160,0
DA:161,0
DA:162,0
DA:173,0
DA:189,2
DA:190,2
DA:191,2
DA:192,0
DA:193,0
DA:194,0
DA:198,0
DA:199,0
DA:204,2
DA:227,2
DA:228,2
DA:230,2
DA:237,0
DA:256,0
DA:258,0
DA:260,0
DA:262,0
DA:263,0
DA:264,0
DA:269,0
DA:270,0
DA:272,0
DA:279,0
DA:283,0
DA:284,0
DA:308,0
DA:309,0
DA:312,0
DA:313,0
DA:314,0
DA:315,0
DA:317,0
DA:319,0
DA:320,0
DA:322,0
DA:324,0
DA:327,0
DA:328,0
DA:329,0
DA:331,0
DA:332,0
DA:336,0
DA:346,0
DA:347,0
DA:350,0
DA:351,0
DA:358,0
DA:361,0
DA:362,0
DA:363,0
DA:366,0
DA:367,0
DA:370,0
DA:383,0
DA:384,0
DA:386,0
DA:387,0
DA:416,2
DA:421,0
DA:422,0
DA:426,0
DA:427,0
DA:428,0
DA:429,0
DA:430,0
DA:431,0
DA:432,0
DA:433,0
DA:434,0
DA:435,0
DA:436,0
DA:439,0
DA:440,0
DA:441,0
DA:442,0
LF:104
LH:17
BRDA:56,1,0,2
BRDA:56,1,1,0
BRDA:124,2,0,0
BRDA:124,2,1,0
BRDA:158,3,0,0
BRDA:158,3,1,0
BRDA:191,4,0,0
BRDA:191,4,1,2
BRDA:194,5,0,0
BRDA:194,5,1,0
BRDA:228,6,0,2
BRDA:228,6,1,0
BRDA:256,7,0,0
BRDA:256,7,1,0
BRDA:258,8,0,0
BRDA:258,8,1,0
BRDA:263,9,0,0
BRDA:263,9,1,0
BRDA:269,10,0,0
BRDA:269,10,1,0
BRDA:279,11,0,0
BRDA:279,11,1,0
BRDA:312,12,0,0
BRDA:312,12,1,0
BRDA:324,13,0,0
BRDA:324,13,1,0
BRDA:327,14,0,0
BRDA:327,14,1,0
BRDA:346,15,0,0
BRDA:346,15,1,0
BRDA:350,16,0,0
BRDA:350,16,1,0
BRDA:361,17,0,0
BRDA:361,17,1,0
BRDA:383,18,0,0
BRDA:383,18,1,0
BRDA:386,19,0,0
BRDA:386,19,1,0
BRDA:428,20,0,0
BRDA:428,20,1,0
BRDA:433,21,0,0
BRDA:433,21,1,0
BRDA:439,22,0,0
BRDA:439,22,1,0
BRDA:441,23,0,0
BRDA:441,23,1,0
BRF:46
BRH:3
end_of_record
TN:
SF:g:\_projects\intercoin\TradedTokenContract\src\contracts\minimums\upgradeable\MinimumsBaseUpgradeable.sol
FN:59,__MinimumsBaseUpgradeable_init
FN:79,_minimumsAdd
FN:107,_minimumsClear
FN:120,_automaticLockupAdd
FN:133,_automaticLockupRemove
FN:146,_getMinimum
FN:175,_getMinimumList
FN:217,_minimumsClear
FN:253,_minimumsAddLow
FN:282,_reduceMinimum
FN:333,minimumsTransfer
FN:447,getIndexInterval
FN:452,sortAsc
FN:457,quickSortAsc
FNF:14
FNH:0
FNDA:0,__MinimumsBaseUpgradeable_init
FNDA:0,_minimumsAdd
FNDA:0,_minimumsClear
FNDA:0,_automaticLockupAdd
FNDA:0,_automaticLockupRemove
FNDA:0,_getMinimum
FNDA:0,_getMinimumList
FNDA:0,_minimumsClear
FNDA:0,_minimumsAddLow
FNDA:0,_reduceMinimum
FNDA:0,minimumsTransfer
FNDA:0,getIndexInterval
FNDA:0,sortAsc
FNDA:0,quickSortAsc
DA:61,0
DA:63,0
DA:65,0
DA:90,0
DA:91,0
DA:92,0
DA:94,0
DA:96,0
DA:98,0
DA:113,0
DA:126,0
DA:127,0
DA:138,0
DA:154,0
DA:155,0
DA:156,0
DA:157,0
DA:159,0
DA:160,0
DA:162,0
DA:183,0
DA:184,0
DA:185,0
DA:187,0
DA:190,0
DA:191,0
DA:193,0
DA:194,0
DA:195,0
DA:196,0
DA:197,0
DA:208,0
DA:224,0
DA:225,0
DA:226,0
DA:227,0
DA:228,0
DA:229,0
DA:233,0
DA:234,0
DA:239,0
DA:262,0
DA:263,0
DA:265,0
DA:272,0
DA:291,0
DA:293,0
DA:295,0
DA:297,0
DA:298,0
DA:299,0
DA:304,0
DA:305,0
DA:307,0
DA:314,0
DA:318,0
DA:319,0
DA:342,0
DA:343,0
DA:346,0
DA:347,0
DA:348,0
DA:349,0
DA:351,0
DA:353,0
DA:354,0
DA:356,0
DA:358,0
DA:361,0
DA:362,0
DA:363,0
DA:365,0
DA:366,0
DA:370,0
DA:379,0
DA:380,0
DA:383,0
DA:384,0
DA:391,0
DA:394,0
DA:395,0
DA:396,0
DA:399,0
DA:400,0
DA:403,0
DA:415,0
DA:416,0
DA:418,0
DA:419,0
DA:448,0
DA:453,0
DA:454,0
DA:458,0
DA:459,0
DA:460,0
DA:461,0
DA:462,0
DA:463,0
DA:464,0
DA:465,0
DA:466,0
DA:467,0
DA:468,0
DA:471,0
DA:472,0
DA:473,0
DA:474,0
LF:107
LH:0
BRDA:61,1,0,0
BRDA:61,1,1,0
BRDA:92,2,0,0
BRDA:92,2,1,0
BRDA:159,3,0,0
BRDA:159,3,1,0
BRDA:193,4,0,0
BRDA:193,4,1,0
BRDA:226,5,0,0
BRDA:226,5,1,0
BRDA:229,6,0,0
BRDA:229,6,1,0
BRDA:263,7,0,0
BRDA:263,7,1,0
BRDA:291,8,0,0
BRDA:291,8,1,0
BRDA:293,9,0,0
BRDA:293,9,1,0
BRDA:298,10,0,0
BRDA:298,10,1,0
BRDA:304,11,0,0
BRDA:304,11,1,0
BRDA:314,12,0,0
BRDA:314,12,1,0
BRDA:346,13,0,0
BRDA:346,13,1,0
BRDA:358,14,0,0
BRDA:358,14,1,0
BRDA:361,15,0,0
BRDA:361,15,1,0
BRDA:379,16,0,0
BRDA:379,16,1,0
BRDA:383,17,0,0
BRDA:383,17,1,0
BRDA:394,18,0,0
BRDA:394,18,1,0
BRDA:415,19,0,0
BRDA:415,19,1,0
BRDA:418,20,0,0
BRDA:418,20,1,0
BRDA:460,21,0,0
BRDA:460,21,1,0
BRDA:465,22,0,0
BRDA:465,22,1,0
BRDA:471,23,0,0
BRDA:471,23,1,0
BRDA:473,24,0,0
BRDA:473,24,1,0
BRF:48
BRH:0
end_of_record
TN:
SF:g:\_projects\intercoin\TradedTokenContract\src\contracts\mocks\ChainRuleMock1.sol
FN:13,doValidate
FN:25,_validate
FNF:2
FNH:0
FNDA:0,doValidate
FNDA:0,_validate
DA:22,0
DA:27,0
DA:28,0
DA:30,0
DA:31,0
LF:5
LH:0
BRDA:27,1,0,0
BRDA:27,1,1,0
BRF:2
BRH:0
end_of_record
TN:
SF:g:\_projects\intercoin\TradedTokenContract\src\contracts\mocks\ChainRuleMock2.sol
FN:13,doValidate
FN:25,_validate
FNF:2
FNH:0
FNDA:0,doValidate
FNDA:0,_validate
DA:22,0
DA:27,0
DA:28,0
DA:30,0
DA:31,0
LF:5
LH:0
BRDA:27,1,0,0
BRDA:27,1,1,0
BRF:2
BRH:0
end_of_record
TN:
SF:g:\_projects\intercoin\TradedTokenContract\src\contracts\mocks\ChainRuleMock3.sol
FN:13,doValidate
FN:25,_validate
FNF:2
FNH:0
FNDA:0,doValidate
FNDA:0,_validate
DA:22,0
DA:27,0
DA:28,0
DA:30,0
DA:31,0
LF:5
LH:0
BRDA:27,1,0,0
BRDA:27,1,1,0
BRF:2
BRH:0
end_of_record
TN:
SF:g:\_projects\intercoin\TradedTokenContract\src\contracts\mocks\ERC20Mintable.sol
FN:16,constructor
FN:26,mint
FNF:2
FNH:2
FNDA:135,constructor
FNDA:26,mint
DA:27,26
LF:1
LH:1
BRF:0
BRH:0
end_of_record
TN:
SF:g:\_projects\intercoin\TradedTokenContract\src\contracts\mocks\ITRMock.sol
FN:9,setClaimData
FN:26,getClaimData
FN:45,getCurrentClaimedAmount
FN:48,setCurrentClaimedAmount
FN:56,setMaxTotalSupply
FNF:5
FNH:0
FNDA:0,setClaimData
FNDA:0,getClaimData
FNDA:0,getCurrentClaimedAmount
FNDA:0,setCurrentClaimedAmount
FNDA:0,setMaxTotalSupply
DA:19,0
DA:20,0
DA:21,0
DA:22,0
DA:23,0
DA:38,0
DA:39,0
DA:40,0
DA:41,0
DA:42,0
DA:46,0
DA:49,0
DA:57,0
LF:13
LH:0
BRF:0
BRH:0
end_of_record
TN:
SF:g:\_projects\intercoin\TradedTokenContract\src\contracts\mocks\MainMock.sol
FN:21,constructor
FN:25,getSqrt
FN:35,forceSync
FN:42,maxAddLiquidity
FN:52,getTradedAveragePrice
FN:61,uniswapReservesSimple
FN:70,totalInfo
FNF:7
FNH:5
FNDA:69,constructor
FNDA:2,getSqrt
FNDA:6,forceSync
FNDA:3,maxAddLiquidity
FNDA:4,getTradedAveragePrice
FNDA:0,uniswapReservesSimple
FNDA:0,totalInfo
DA:32,2
DA:39,6
DA:49,3
DA:58,4
DA:67,0
DA:81,0
DA:82,0
DA:83,0
DA:85,0
DA:86,0
DA:88,0
LF:11
LH:4
BRF:0
BRH:0
end_of_record
TN:
SF:g:\_projects\intercoin\TradedTokenContract\src\contracts\mocks\src20\MockRuleSettings.sol
FN:10,setRevertState
FNF:1
FNH:0
FNDA:0,setRevertState
DA:11,0
LF:1
LH:0
BRF:0
BRH:0
end_of_record
TN:
SF:g:\_projects\intercoin\TradedTokenContract\src\contracts\mocks\src20\MockSRC20.sol
FN:19,_updateRestrictionsAndRules
FN:32,executeTransfer
FN:38,updateRestrictionsAndRules
FN:42,transfer
FN:53,_transfer
FN:63,mint
FN:67,balanceOf
FNF:7
FNH:0
FNDA:0,_updateRestrictionsAndRules
FNDA:0,executeTransfer
FNDA:0,updateRestrictionsAndRules
FNDA:0,transfer
FNDA:0,_transfer
FNDA:0,mint
FNDA:0,balanceOf
DA:22,0
DA:24,0
DA:25,0
DA:28,0
DA:29,0
DA:34,0
DA:35,0
DA:36,0
DA:39,0
DA:45,0
DA:46,0
DA:48,0
DA:51,0
DA:54,0
DA:56,0
DA:57,0
DA:61,0
DA:64,0
DA:68,0
LF:19
LH:0
BRDA:24,1,0,0
BRDA:24,1,1,0
BRDA:25,2,0,0
BRDA:25,2,1,0
BRDA:45,3,0,0
BRDA:45,3,1,0
BRDA:46,4,0,0
BRDA:46,4,1,0
BRDA:54,5,0,0
BRDA:54,5,1,0
BRF:10
BRH:0
end_of_record
TN:
SF:g:\_projects\intercoin\TradedTokenContract\src\contracts\restrictions\ChainRule.sol
FN:8,doValidate
FN:20,_validate
FNF:2
FNH:0
FNDA:0,doValidate
FNDA:0,_validate
DA:17,0
DA:25,0
LF:2
LH:0
BRF:0
BRH:0
end_of_record
TN:
SF:g:\_projects\intercoin\TradedTokenContract\src\contracts\restrictions\ChainRuleBase.sol
FN:10,clearChain
FN:14,setChain
FN:22,_doValidate
FN:43,isChainExists
FN:47,_setChain
FNF:5
FNH:0
FNDA:0,clearChain
FNDA:0,setChain
FNDA:0,_doValidate
FNDA:0,isChainExists
FNDA:0,_setChain
DA:11,0
DA:15,0
DA:36,0
DA:37,0
DA:38,0
DA:44,0
DA:48,0
LF:7
LH:0
BRDA:37,1,0,0
BRDA:37,1,1,0
BRF:2
BRH:0
end_of_record
TN:
SF:g:\_projects\intercoin\TradedTokenContract\src\contracts\restrictions\TransferRule.sol
FN:36,onlyDoTransferCaller
FN:49,constructor
FN:61,cleanSRC
FN:68,addExchangeAddress
FN:72,removeExchangeAddress
FN:76,viewExchangeAddresses
FN:91,addRestrictions
FN:109,setSRC
FN:125,doTransfer
FN:154,_validate
FNF:10
FNH:0
FNDA:0,onlyDoTransferCaller
FNDA:0,constructor
FNDA:0,cleanSRC
FNDA:0,addExchangeAddress
FNDA:0,removeExchangeAddress
FNDA:0,viewExchangeAddresses
FNDA:0,addRestrictions
FNDA:0,setSRC
FNDA:0,doTransfer
FNDA:0,_validate
DA:37,0
DA:38,0
DA:55,0
DA:56,0
DA:57,0
DA:62,0
DA:63,0
DA:69,0
DA:73,0
DA:77,0
DA:79,0
DA:80,0
DA:81,0
DA:83,0
DA:92,0
DA:93,0
DA:94,0
DA:110,0
DA:111,0
DA:112,0
DA:113,0
DA:114,0
DA:115,0
DA:126,0
DA:127,0
DA:129,0
DA:133,0
DA:137,0
DA:140,0
DA:144,0
DA:149,0
DA:156,0
DA:158,0
DA:163,0
DA:165,0
DA:166,0
DA:167,0
DA:168,0
DA:170,0
DA:171,0
DA:175,0
DA:180,0
DA:181,0
LF:43
LH:0
BRDA:37,1,0,0
BRDA:37,1,1,0
BRDA:110,2,0,0
BRDA:110,2,1,0
BRDA:111,3,0,0
BRDA:111,3,1,0
BRDA:112,4,0,0
BRDA:112,4,1,0
BRDA:133,5,0,0
BRDA:133,5,1,0
BRDA:137,6,0,0
BRDA:137,6,1,0
BRDA:140,7,0,0
BRDA:140,7,1,0
BRDA:158,8,0,0
BRDA:158,8,1,0
BRDA:165,9,0,0
BRDA:165,9,1,0
BRDA:166,10,0,0
BRDA:166,10,1,0
BRDA:169,11,0,0
BRDA:169,11,1,0
BRDA:175,12,0,0
BRDA:175,12,1,0
BRF:24
BRH:0
end_of_record
