TN:
SF:g:\_projects\intercoin\TradedTokenContract\src\contracts\ExecuteManager.sol
FN:7,runOnlyOnce
FNF:1
FNH:1
FNDA:20,runOnlyOnce
DA:8,20
DA:9,20
DA:10,20
LF:3
LH:3
BRDA:8,1,0,20
BRDA:8,1,1,0
BRF:2
BRH:1
end_of_record
TN:
SF:g:\_projects\intercoin\TradedTokenContract\src\contracts\interfaces\IChain.sol
FNF:0
FNH:0
LF:0
LH:0
BRF:0
BRH:0
end_of_record
TN:
SF:g:\_projects\intercoin\TradedTokenContract\src\contracts\interfaces\IITR.sol
FNF:0
FNH:0
LF:0
LH:0
BRF:0
BRH:0
end_of_record
TN:
SF:g:\_projects\intercoin\TradedTokenContract\src\contracts\interfaces\ISRC20.sol
FNF:0
FNH:0
LF:0
LH:0
BRF:0
BRH:0
end_of_record
TN:
SF:g:\_projects\intercoin\TradedTokenContract\src\contracts\interfaces\ITransferRules.sol
FNF:0
FNH:0
LF:0
LH:0
BRF:0
BRH:0
end_of_record
TN:
SF:g:\_projects\intercoin\TradedTokenContract\src\contracts\ITR.sol
FN:36,constructor
FN:40,init
FN:61,getMaxTotalSupply
FN:66,totalRemaining
FN:71,getClaimFraction
FN:76,claim
FN:105,getGrowthDurationsPassed
FNF:7
FNH:6
FNDA:9,constructor
FNDA:9,init
FNDA:2,getMaxTotalSupply
FNDA:0,totalRemaining
FNDA:5,getClaimFraction
FNDA:5,claim
FNDA:5,getGrowthDurationsPassed
DA:37,9
DA:48,9
DA:57,9
DA:62,2
DA:67,0
DA:72,5
DA:77,5
DA:78,5
DA:80,5
DA:82,4
DA:83,1
DA:87,3
DA:88,3
DA:89,1
DA:91,2
DA:92,2
DA:95,3
DA:100,2
DA:101,1
DA:102,1
DA:106,5
LF:21
LH:20
BRDA:80,1,0,4
BRDA:80,1,1,1
BRDA:82,2,0,1
BRDA:82,2,1,3
BRDA:88,3,0,1
BRDA:88,3,1,2
BRDA:95,4,0,2
BRDA:95,4,1,1
BRDA:100,5,0,1
BRDA:100,5,1,1
BRF:10
BRH:10
end_of_record
TN:
SF:g:\_projects\intercoin\TradedTokenContract\src\contracts\libs\Babylonian.sol
FN:10,sqrt
FNF:1
FNH:1
FNDA:8,sqrt
DA:11,8
DA:14,8
DA:15,8
DA:16,8
DA:17,8
DA:18,8
DA:20,8
DA:21,8
DA:22,8
DA:24,8
DA:25,0
DA:26,0
DA:28,8
DA:29,8
DA:30,8
DA:32,8
DA:33,8
DA:34,8
DA:36,8
DA:37,8
DA:38,8
DA:40,8
DA:41,8
DA:43,8
DA:44,8
DA:45,8
DA:46,8
DA:47,8
DA:48,8
DA:49,8
DA:50,8
DA:51,8
LF:32
LH:30
BRDA:11,1,0,0
BRDA:11,1,1,8
BRDA:16,2,0,8
BRDA:16,2,1,0
BRDA:20,3,0,8
BRDA:20,3,1,0
BRDA:24,4,0,0
BRDA:24,4,1,8
BRDA:28,5,0,8
BRDA:28,5,1,0
BRDA:32,6,0,8
BRDA:32,6,1,0
BRDA:36,7,0,8
BRDA:36,7,1,0
BRDA:40,8,0,8
BRDA:40,8,1,0
BRF:16
BRH:8
end_of_record
TN:
SF:g:\_projects\intercoin\TradedTokenContract\src\contracts\libs\BitMath.sol
FN:7,mostSignificantBit
FN:44,leastSignificantBit
FNF:2
FNH:0
FNDA:0,mostSignificantBit
FNDA:0,leastSignificantBit
DA:8,0
DA:10,0
DA:11,0
DA:12,0
DA:14,0
DA:15,0
DA:16,0
DA:18,0
DA:19,0
DA:20,0
DA:22,0
DA:23,0
DA:24,0
DA:26,0
DA:27,0
DA:28,0
DA:30,0
DA:31,0
DA:32,0
DA:34,0
DA:35,0
DA:36,0
DA:38,0
DA:45,0
DA:47,0
DA:48,0
DA:49,0
DA:51,0
DA:53,0
DA:54,0
DA:56,0
DA:58,0
DA:59,0
DA:61,0
DA:63,0
DA:64,0
DA:66,0
DA:68,0
DA:69,0
DA:71,0
DA:73,0
DA:74,0
DA:76,0
DA:78,0
DA:79,0
DA:81,0
DA:83,0
LF:47
LH:0
BRDA:8,1,0,0
BRDA:8,1,1,0
BRDA:10,2,0,0
BRDA:10,2,1,0
BRDA:14,3,0,0
BRDA:14,3,1,0
BRDA:18,4,0,0
BRDA:18,4,1,0
BRDA:22,5,0,0
BRDA:22,5,1,0
BRDA:26,6,0,0
BRDA:26,6,1,0
BRDA:30,7,0,0
BRDA:30,7,1,0
BRDA:34,8,0,0
BRDA:34,8,1,0
BRDA:38,9,0,0
BRDA:38,9,1,0
BRDA:45,10,0,0
BRDA:45,10,1,0
BRDA:48,11,0,0
BRDA:48,11,1,0
BRDA:53,12,0,0
BRDA:53,12,1,0
BRDA:58,13,0,0
BRDA:58,13,1,0
BRDA:63,14,0,0
BRDA:63,14,1,0
BRDA:68,15,0,0
BRDA:68,15,1,0
BRDA:73,16,0,0
BRDA:73,16,1,0
BRDA:78,17,0,0
BRDA:78,17,1,0
BRDA:83,18,0,0
BRDA:83,18,1,0
BRF:36
BRH:0
end_of_record
TN:
SF:g:\_projects\intercoin\TradedTokenContract\src\contracts\libs\FixedPoint.sol
FN:28,encode
FN:33,encode144
FN:38,decode
FN:43,decode144
FN:49,mul
FN:57,muli
FN:65,muluq
FN:93,divuq
FN:111,fraction
FN:129,reciprocal
FN:137,sqrt
FNF:11
FNH:6
FNDA:47,encode
FNDA:0,encode144
FNDA:8,decode
FNDA:0,decode144
FNDA:0,mul
FNDA:0,muli
FNDA:48,muluq
FNDA:11,divuq
FNDA:30,fraction
FNDA:0,reciprocal
FNDA:8,sqrt
DA:29,47
DA:34,0
DA:39,8
DA:44,0
DA:50,0
DA:51,0
DA:52,0
DA:58,0
DA:59,0
DA:60,0
DA:66,48
DA:67,0
DA:69,48
DA:70,48
DA:71,48
DA:72,48
DA:75,48
DA:76,48
DA:77,48
DA:78,48
DA:81,48
DA:84,48
DA:87,48
DA:89,48
DA:94,11
DA:95,11
DA:96,0
DA:98,11
DA:99,11
DA:100,11
DA:101,11
DA:104,0
DA:105,0
DA:106,0
DA:112,30
DA:113,30
DA:115,30
DA:116,30
DA:117,30
DA:118,30
DA:120,0
DA:121,0
DA:122,0
DA:130,0
DA:131,0
DA:132,0
DA:138,8
DA:139,8
DA:142,0
DA:143,0
DA:144,0
LF:51
LH:29
BRDA:51,1,0,0
BRDA:51,1,1,0
BRDA:59,2,0,0
BRDA:59,2,1,0
BRDA:66,3,0,0
BRDA:66,3,1,48
BRDA:81,4,0,48
BRDA:81,4,1,0
BRDA:87,5,0,48
BRDA:87,5,1,0
BRDA:94,6,0,11
BRDA:94,6,1,0
BRDA:95,7,0,0
BRDA:95,7,1,11
BRDA:98,8,0,11
BRDA:98,8,1,0
BRDA:100,9,0,11
BRDA:100,9,1,0
BRDA:105,10,0,0
BRDA:105,10,1,0
BRDA:112,11,0,30
BRDA:112,11,1,0
BRDA:113,12,0,0
BRDA:113,12,1,30
BRDA:115,13,0,30
BRDA:115,13,1,0
BRDA:117,14,0,30
BRDA:117,14,1,0
BRDA:121,15,0,0
BRDA:121,15,1,0
BRDA:130,16,0,0
BRDA:130,16,1,0
BRDA:131,17,0,0
BRDA:131,17,1,0
BRDA:138,18,0,8
BRDA:138,18,1,0
BRF:36
BRH:12
end_of_record
TN:
SF:g:\_projects\intercoin\TradedTokenContract\src\contracts\libs\FullMath.sol
FN:7,fullMul
FN:14,fullDiv
FN:38,mulDiv
FNF:3
FNH:0
FNDA:0,fullMul
FNDA:0,fullDiv
FNDA:0,mulDiv
DA:8,0
DA:9,0
DA:10,0
DA:11,0
DA:20,0
DA:22,0
DA:23,0
DA:25,0
DA:26,0
DA:27,0
DA:28,0
DA:29,0
DA:30,0
DA:31,0
DA:32,0
DA:33,0
DA:34,0
DA:35,0
DA:43,0
DA:45,0
DA:46,0
DA:47,0
DA:49,0
DA:51,0
DA:52,0
LF:25
LH:0
BRDA:11,1,0,0
BRDA:11,1,1,0
BRDA:46,2,0,0
BRDA:46,2,1,0
BRDA:49,3,0,0
BRDA:49,3,1,0
BRDA:51,4,0,0
BRDA:51,4,1,0
BRF:8
BRH:0
end_of_record
TN:
SF:g:\_projects\intercoin\TradedTokenContract\src\contracts\libs\SwapSettingsLib.sol
FN:5,netWorkSettings
FNF:1
FNH:1
FNDA:75,netWorkSettings
DA:11,75
DA:12,75
DA:15,75
DA:17,75
DA:23,0
DA:29,0
DA:34,0
LF:7
LH:4
BRDA:15,1,0,75
BRDA:15,1,1,0
BRDA:21,2,0,0
BRDA:21,2,1,0
BRDA:27,3,0,0
BRDA:27,3,1,0
BRF:6
BRH:1
end_of_record
TN:
SF:g:\_projects\intercoin\TradedTokenContract\src\contracts\Liquidity.sol
FN:19,constructor
FN:35,addLiquidity
FN:42,tokensReceived
FN:54,_addLiquidity
FNF:4
FNH:4
FNDA:75,constructor
FNDA:23,addLiquidity
FNDA:23,tokensReceived
FNDA:23,_addLiquidity
DA:24,75
DA:25,75
DA:26,75
DA:29,75
DA:36,23
DA:37,23
DA:39,23
DA:55,23
DA:56,23
DA:59,23
LF:10
LH:10
BRF:0
BRH:0
end_of_record
TN:
SF:g:\_projects\intercoin\TradedTokenContract\src\contracts\Main.sol
FN:102,onlyManagers
FN:130,constructor
FN:179,tokensReceived
FN:191,tokensToSend
FN:207,addManagers
FN:216,setBuyTax
FN:226,setSellTax
FN:236,addInitialLiquidity
FN:261,claim
FN:274,claim
FN:285,claimViaExternal
FN:306,addLiquidity
FN:370,transferFrom
FN:385,transfer
FN:412,singlePairSync
FN:422,_beforeTokenTransfer
FN:445,currentBlockTimestamp
FN:452,_uniswapReserves
FN:478,_validateClaim
FN:500,_claim
FN:517,doSwapOnUniswap
FN:544,tradedAveragePrice
FN:565,update
FN:583,_calculateSellTradedAndLiquidity
FN:607,_doSellTradedAndLiquidity
FN:619,_maxAddLiquidity
FN:661,sqrt
FNF:27
FNH:27
FNDA:27,onlyManagers
FNDA:76,constructor
FNDA:23,tokensReceived
FNDA:23,tokensToSend
FNDA:3,addManagers
FNDA:3,setBuyTax
FNDA:3,setSellTax
FNDA:20,addInitialLiquidity
FNDA:4,claim
FNDA:1,claim
FNDA:4,claimViaExternal
FNDA:14,addLiquidity
FNDA:28,transferFrom
FNDA:29,transfer
FNDA:14,singlePairSync
FNDA:92,_beforeTokenTransfer
FNDA:164,currentBlockTimestamp
FNDA:21,_uniswapReserves
FNDA:7,_validateClaim
FNDA:27,_claim
FNDA:3,doSwapOnUniswap
FNDA:8,tradedAveragePrice
FNDA:3,update
FNDA:4,_calculateSellTradedAndLiquidity
FNDA:3,_doSellTradedAndLiquidity
FNDA:17,_maxAddLiquidity
FNDA:30,sqrt
DA:103,27
DA:104,22
DA:131,76
DA:132,76
DA:134,76
DA:136,75
DA:137,75
DA:138,75
DA:139,75
DA:141,75
DA:142,75
DA:143,75
DA:144,75
DA:145,75
DA:148,75
DA:151,75
DA:152,75
DA:155,75
DA:156,75
DA:158,75
DA:159,75
DA:166,75
DA:170,75
DA:209,3
DA:217,3
DA:218,2
DA:227,3
DA:228,2
DA:237,20
DA:238,20
DA:240,20
DA:241,20
DA:243,20
DA:262,4
DA:263,4
DA:276,1
DA:277,1
DA:286,4
DA:287,3
DA:292,2
DA:294,2
DA:297,2
DA:299,2
DA:307,14
DA:309,14
DA:310,14
DA:311,14
DA:313,14
DA:314,14
DA:315,14
DA:316,14
DA:317,14
DA:319,14
DA:321,14
DA:323,5
DA:325,5
DA:326,4
DA:328,1
DA:331,5
DA:333,4
DA:334,1
DA:337,4
DA:341,4
DA:349,4
DA:356,1
DA:360,5
DA:363,3
DA:365,3
DA:367,3
DA:375,28
DA:376,28
DA:377,28
DA:378,1
DA:379,1
DA:382,28
DA:391,29
DA:392,6
DA:394,6
DA:395,1
DA:396,1
DA:399,29
DA:413,14
DA:414,13
DA:415,13
DA:428,92
DA:436,59
DA:437,59
DA:438,59
DA:446,164
DA:462,21
DA:463,21
DA:465,12
DA:466,5
DA:468,7
DA:479,7
DA:480,7
DA:482,7
DA:488,7
DA:490,7
DA:501,27
DA:503,27
DA:508,27
DA:509,3
DA:523,3
DA:525,3
DA:526,3
DA:527,3
DA:530,3
DA:538,3
DA:545,8
DA:546,8
DA:547,8
DA:548,8
DA:550,8
DA:555,7
DA:561,1
DA:566,3
DA:567,3
DA:569,3
DA:571,3
DA:572,3
DA:574,3
DA:577,3
DA:579,3
DA:594,4
DA:600,4
DA:601,4
DA:603,4
DA:604,4
DA:609,3
DA:610,3
DA:613,3
DA:616,3
DA:631,17
DA:632,17
DA:633,17
DA:635,17
DA:637,8
DA:639,8
DA:640,8
DA:641,8
DA:652,8
DA:658,8
DA:662,30
DA:663,1
DA:667,29
DA:668,29
DA:669,29
DA:670,2
DA:671,2
DA:673,29
DA:674,3
DA:675,3
DA:677,29
DA:678,19
DA:679,19
DA:681,29
DA:682,19
DA:683,19
DA:685,29
DA:686,27
DA:687,27
DA:689,29
DA:690,28
DA:691,28
DA:693,29
DA:694,16
DA:698,29
DA:699,29
DA:700,29
DA:701,29
DA:702,29
DA:703,29
DA:704,29
DA:705,29
DA:706,29
DA:707,29
LF:177
LH:177
BRDA:103,1,0,22
BRDA:103,1,1,5
BRDA:134,2,0,75
BRDA:134,2,1,1
BRDA:156,3,0,75
BRDA:156,3,1,0
BRDA:217,4,0,2
BRDA:217,4,1,1
BRDA:227,5,0,2
BRDA:227,5,1,1
BRDA:237,6,0,20
BRDA:237,6,1,0
BRDA:286,7,0,3
BRDA:286,7,1,1
BRDA:287,8,0,2
BRDA:287,8,1,1
BRDA:325,9,0,4
BRDA:325,9,1,1
BRDA:331,10,0,4
BRDA:331,10,1,1
BRDA:333,11,0,1
BRDA:333,11,1,3
BRDA:349,12,0,1
BRDA:349,12,1,3
BRDA:360,13,0,3
BRDA:360,13,1,2
BRDA:375,14,0,28
BRDA:375,14,1,0
BRDA:377,15,0,1
BRDA:377,15,1,27
BRDA:391,16,0,6
BRDA:391,16,1,23
BRDA:394,17,0,1
BRDA:394,17,1,5
BRDA:413,18,0,13
BRDA:413,18,1,1
BRDA:428,19,0,33
BRDA:428,19,1,59
BRDA:438,20,0,59
BRDA:438,20,1,0
BRDA:463,21,0,12
BRDA:463,21,1,9
BRDA:465,22,0,5
BRDA:465,22,1,7
BRDA:488,23,0,7
BRDA:488,23,1,0
BRDA:490,24,0,7
BRDA:490,24,1,0
BRDA:508,25,0,3
BRDA:508,25,1,24
BRDA:523,26,0,3
BRDA:523,26,1,0
BRDA:550,27,0,7
BRDA:550,27,1,1
BRDA:571,28,0,3
BRDA:571,28,1,0
BRDA:601,29,0,4
BRDA:601,29,1,0
BRDA:662,30,0,1
BRDA:662,30,1,29
BRDA:669,31,0,2
BRDA:669,31,1,27
BRDA:673,32,0,3
BRDA:673,32,1,26
BRDA:677,33,0,19
BRDA:677,33,1,10
BRDA:681,34,0,19
BRDA:681,34,1,10
BRDA:685,35,0,27
BRDA:685,35,1,2
BRDA:689,36,0,28
BRDA:689,36,1,1
BRDA:693,37,0,16
BRDA:693,37,1,13
BRF:74
BRH:65
end_of_record
TN:
SF:g:\_projects\intercoin\TradedTokenContract\src\contracts\minimums\common\MinimumsBase.sol
FN:54,constructor
FN:76,_minimumsAdd
FN:104,_minimumsClear
FN:117,_automaticLockupAdd
FN:130,_automaticLockupRemove
FN:143,_getMinimum
FN:178,_minimumsClear
FN:214,_minimumsAddLow
FN:243,_reduceMinimum
FN:294,minimumsTransfer
FN:408,getIndexInterval
FN:413,sortAsc
FN:418,quickSortAsc
FNF:13
FNH:0
FNDA:0,constructor
FNDA:0,_minimumsAdd
FNDA:0,_minimumsClear
FNDA:0,_automaticLockupAdd
FNDA:0,_automaticLockupRemove
FNDA:0,_getMinimum
FNDA:0,_minimumsClear
FNDA:0,_minimumsAddLow
FNDA:0,_reduceMinimum
FNDA:0,minimumsTransfer
FNDA:0,getIndexInterval
FNDA:0,sortAsc
FNDA:0,quickSortAsc
DA:59,0
DA:61,0
DA:63,0
DA:87,0
DA:88,0
DA:89,0
DA:91,0
DA:93,0
DA:95,0
DA:110,0
DA:123,0
DA:124,0
DA:135,0
DA:151,0
DA:152,0
DA:153,0
DA:154,0
DA:156,0
DA:157,0
DA:159,0
DA:185,0
DA:186,0
DA:187,0
DA:188,0
DA:189,0
DA:190,0
DA:194,0
DA:195,0
DA:200,0
DA:223,0
DA:224,0
DA:226,0
DA:233,0
DA:252,0
DA:254,0
DA:256,0
DA:258,0
DA:259,0
DA:260,0
DA:265,0
DA:266,0
DA:268,0
DA:275,0
DA:279,0
DA:280,0
DA:303,0
DA:304,0
DA:307,0
DA:308,0
DA:309,0
DA:310,0
DA:312,0
DA:314,0
DA:315,0
DA:317,0
DA:319,0
DA:322,0
DA:323,0
DA:324,0
DA:326,0
DA:327,0
DA:331,0
DA:340,0
DA:341,0
DA:344,0
DA:345,0
DA:352,0
DA:355,0
DA:356,0
DA:357,0
DA:360,0
DA:361,0
DA:364,0
DA:376,0
DA:377,0
DA:379,0
DA:380,0
DA:409,0
DA:414,0
DA:415,0
DA:419,0
DA:420,0
DA:421,0
DA:422,0
DA:423,0
DA:424,0
DA:425,0
DA:426,0
DA:427,0
DA:428,0
DA:429,0
DA:432,0
DA:433,0
DA:434,0
DA:435,0
LF:95
LH:0
BRDA:59,1,0,0
BRDA:59,1,1,0
BRDA:89,2,0,0
BRDA:89,2,1,0
BRDA:156,3,0,0
BRDA:156,3,1,0
BRDA:187,4,0,0
BRDA:187,4,1,0
BRDA:190,5,0,0
BRDA:190,5,1,0
BRDA:224,6,0,0
BRDA:224,6,1,0
BRDA:252,7,0,0
BRDA:252,7,1,0
BRDA:254,8,0,0
BRDA:254,8,1,0
BRDA:259,9,0,0
BRDA:259,9,1,0
BRDA:265,10,0,0
BRDA:265,10,1,0
BRDA:275,11,0,0
BRDA:275,11,1,0
BRDA:307,12,0,0
BRDA:307,12,1,0
BRDA:319,13,0,0
BRDA:319,13,1,0
BRDA:322,14,0,0
BRDA:322,14,1,0
BRDA:340,15,0,0
BRDA:340,15,1,0
BRDA:344,16,0,0
BRDA:344,16,1,0
BRDA:355,17,0,0
BRDA:355,17,1,0
BRDA:376,18,0,0
BRDA:376,18,1,0
BRDA:379,19,0,0
BRDA:379,19,1,0
BRDA:421,20,0,0
BRDA:421,20,1,0
BRDA:426,21,0,0
BRDA:426,21,1,0
BRDA:432,22,0,0
BRDA:432,22,1,0
BRDA:434,23,0,0
BRDA:434,23,1,0
BRF:46
BRH:0
end_of_record
TN:
SF:g:\_projects\intercoin\TradedTokenContract\src\contracts\minimums\libs\MinimumsLib.sol
FN:42,_minimumsAdd
FN:71,_minimumsClear
FN:85,_automaticLockupAdd
FN:99,_automaticLockupRemove
FN:111,_getMinimum
FN:140,_getMinimumList
FN:181,_minimumsClear
FN:218,_minimumsAddLow
FN:247,_reduceMinimum
FN:297,minimumsTransfer
FN:415,getIndexInterval
FN:420,sortAsc
FN:425,quickSortAsc
FNF:13
FNH:5
FNDA:3,_minimumsAdd
FNDA:0,_minimumsClear
FNDA:0,_automaticLockupAdd
FNDA:0,_automaticLockupRemove
FNDA:59,_getMinimum
FNDA:0,_getMinimumList
FNDA:3,_minimumsClear
FNDA:3,_minimumsAddLow
FNDA:0,_reduceMinimum
FNDA:0,minimumsTransfer
FNDA:3,getIndexInterval
FNDA:0,sortAsc
FNDA:0,quickSortAsc
DA:54,3
DA:55,3
DA:56,3
DA:58,3
DA:60,3
DA:62,3
DA:78,0
DA:92,0
DA:93,0
DA:104,0
DA:119,59
DA:120,59
DA:121,59
DA:122,0
DA:124,0
DA:125,0
DA:127,0
DA:148,0
DA:149,0
DA:150,0
DA:152,0
DA:155,0
DA:156,0
DA:158,0
DA:159,0
DA:160,0
DA:161,0
DA:162,0
DA:173,0
DA:189,3
DA:190,3
DA:191,3
DA:192,0
DA:193,0
DA:194,0
DA:198,0
DA:199,0
DA:204,3
DA:227,3
DA:228,3
DA:230,3
DA:237,0
DA:256,0
DA:258,0
DA:260,0
DA:262,0
DA:263,0
DA:264,0
DA:269,0
DA:270,0
DA:272,0
DA:279,0
DA:283,0
DA:284,0
DA:308,0
DA:309,0
DA:312,0
DA:313,0
DA:314,0
DA:315,0
DA:317,0
DA:319,0
DA:320,0
DA:322,0
DA:324,0
DA:327,0
DA:328,0
DA:329,0
DA:331,0
DA:332,0
DA:336,0
DA:346,0
DA:347,0
DA:350,0
DA:351,0
DA:358,0
DA:361,0
DA:362,0
DA:363,0
DA:366,0
DA:367,0
DA:370,0
DA:383,0
DA:384,0
DA:386,0
DA:387,0
DA:416,3
DA:421,0
DA:422,0
DA:426,0
DA:427,0
DA:428,0
DA:429,0
DA:430,0
DA:431,0
DA:432,0
DA:433,0
DA:434,0
DA:435,0
DA:436,0
DA:439,0
DA:440,0
DA:441,0
DA:442,0
LF:104
LH:17
BRDA:56,1,0,3
BRDA:56,1,1,0
BRDA:124,2,0,0
BRDA:124,2,1,0
BRDA:158,3,0,0
BRDA:158,3,1,0
BRDA:191,4,0,0
BRDA:191,4,1,3
BRDA:194,5,0,0
BRDA:194,5,1,0
BRDA:228,6,0,3
BRDA:228,6,1,0
BRDA:256,7,0,0
BRDA:256,7,1,0
BRDA:258,8,0,0
BRDA:258,8,1,0
BRDA:263,9,0,0
BRDA:263,9,1,0
BRDA:269,10,0,0
BRDA:269,10,1,0
BRDA:279,11,0,0
BRDA:279,11,1,0
BRDA:312,12,0,0
BRDA:312,12,1,0
BRDA:324,13,0,0
BRDA:324,13,1,0
BRDA:327,14,0,0
BRDA:327,14,1,0
BRDA:346,15,0,0
BRDA:346,15,1,0
BRDA:350,16,0,0
BRDA:350,16,1,0
BRDA:361,17,0,0
BRDA:361,17,1,0
BRDA:383,18,0,0
BRDA:383,18,1,0
BRDA:386,19,0,0
BRDA:386,19,1,0
BRDA:428,20,0,0
BRDA:428,20,1,0
BRDA:433,21,0,0
BRDA:433,21,1,0
BRDA:439,22,0,0
BRDA:439,22,1,0
BRDA:441,23,0,0
BRDA:441,23,1,0
BRF:46
BRH:3
end_of_record
TN:
SF:g:\_projects\intercoin\TradedTokenContract\src\contracts\minimums\upgradeable\MinimumsBaseUpgradeable.sol
FN:59,__MinimumsBaseUpgradeable_init
FN:79,_minimumsAdd
FN:107,_minimumsClear
FN:120,_automaticLockupAdd
FN:133,_automaticLockupRemove
FN:146,_getMinimum
FN:175,_getMinimumList
FN:217,_minimumsClear
FN:253,_minimumsAddLow
FN:282,_reduceMinimum
FN:333,minimumsTransfer
FN:447,getIndexInterval
FN:452,sortAsc
FN:457,quickSortAsc
FNF:14
FNH:0
FNDA:0,__MinimumsBaseUpgradeable_init
FNDA:0,_minimumsAdd
FNDA:0,_minimumsClear
FNDA:0,_automaticLockupAdd
FNDA:0,_automaticLockupRemove
FNDA:0,_getMinimum
FNDA:0,_getMinimumList
FNDA:0,_minimumsClear
FNDA:0,_minimumsAddLow
FNDA:0,_reduceMinimum
FNDA:0,minimumsTransfer
FNDA:0,getIndexInterval
FNDA:0,sortAsc
FNDA:0,quickSortAsc
DA:61,0
DA:63,0
DA:65,0
DA:90,0
DA:91,0
DA:92,0
DA:94,0
DA:96,0
DA:98,0
DA:113,0
DA:126,0
DA:127,0
DA:138,0
DA:154,0
DA:155,0
DA:156,0
DA:157,0
DA:159,0
DA:160,0
DA:162,0
DA:183,0
DA:184,0
DA:185,0
DA:187,0
DA:190,0
DA:191,0
DA:193,0
DA:194,0
DA:195,0
DA:196,0
DA:197,0
DA:208,0
DA:224,0
DA:225,0
DA:226,0
DA:227,0
DA:228,0
DA:229,0
DA:233,0
DA:234,0
DA:239,0
DA:262,0
DA:263,0
DA:265,0
DA:272,0
DA:291,0
DA:293,0
DA:295,0
DA:297,0
DA:298,0
DA:299,0
DA:304,0
DA:305,0
DA:307,0
DA:314,0
DA:318,0
DA:319,0
DA:342,0
DA:343,0
DA:346,0
DA:347,0
DA:348,0
DA:349,0
DA:351,0
DA:353,0
DA:354,0
DA:356,0
DA:358,0
DA:361,0
DA:362,0
DA:363,0
DA:365,0
DA:366,0
DA:370,0
DA:379,0
DA:380,0
DA:383,0
DA:384,0
DA:391,0
DA:394,0
DA:395,0
DA:396,0
DA:399,0
DA:400,0
DA:403,0
DA:415,0
DA:416,0
DA:418,0
DA:419,0
DA:448,0
DA:453,0
DA:454,0
DA:458,0
DA:459,0
DA:460,0
DA:461,0
DA:462,0
DA:463,0
DA:464,0
DA:465,0
DA:466,0
DA:467,0
DA:468,0
DA:471,0
DA:472,0
DA:473,0
DA:474,0
LF:107
LH:0
BRDA:61,1,0,0
BRDA:61,1,1,0
BRDA:92,2,0,0
BRDA:92,2,1,0
BRDA:159,3,0,0
BRDA:159,3,1,0
BRDA:193,4,0,0
BRDA:193,4,1,0
BRDA:226,5,0,0
BRDA:226,5,1,0
BRDA:229,6,0,0
BRDA:229,6,1,0
BRDA:263,7,0,0
BRDA:263,7,1,0
BRDA:291,8,0,0
BRDA:291,8,1,0
BRDA:293,9,0,0
BRDA:293,9,1,0
BRDA:298,10,0,0
BRDA:298,10,1,0
BRDA:304,11,0,0
BRDA:304,11,1,0
BRDA:314,12,0,0
BRDA:314,12,1,0
BRDA:346,13,0,0
BRDA:346,13,1,0
BRDA:358,14,0,0
BRDA:358,14,1,0
BRDA:361,15,0,0
BRDA:361,15,1,0
BRDA:379,16,0,0
BRDA:379,16,1,0
BRDA:383,17,0,0
BRDA:383,17,1,0
BRDA:394,18,0,0
BRDA:394,18,1,0
BRDA:415,19,0,0
BRDA:415,19,1,0
BRDA:418,20,0,0
BRDA:418,20,1,0
BRDA:460,21,0,0
BRDA:460,21,1,0
BRDA:465,22,0,0
BRDA:465,22,1,0
BRDA:471,23,0,0
BRDA:471,23,1,0
BRDA:473,24,0,0
BRDA:473,24,1,0
BRF:48
BRH:0
end_of_record
TN:
SF:g:\_projects\intercoin\TradedTokenContract\src\contracts\mocks\ChainRuleMock1.sol
FN:13,doValidate
FN:25,_validate
FNF:2
FNH:0
FNDA:0,doValidate
FNDA:0,_validate
DA:22,0
DA:27,0
DA:28,0
DA:30,0
DA:31,0
LF:5
LH:0
BRDA:27,1,0,0
BRDA:27,1,1,0
BRF:2
BRH:0
end_of_record
TN:
SF:g:\_projects\intercoin\TradedTokenContract\src\contracts\mocks\ChainRuleMock2.sol
FN:13,doValidate
FN:25,_validate
FNF:2
FNH:0
FNDA:0,doValidate
FNDA:0,_validate
DA:22,0
DA:27,0
DA:28,0
DA:30,0
DA:31,0
LF:5
LH:0
BRDA:27,1,0,0
BRDA:27,1,1,0
BRF:2
BRH:0
end_of_record
TN:
SF:g:\_projects\intercoin\TradedTokenContract\src\contracts\mocks\ChainRuleMock3.sol
FN:13,doValidate
FN:25,_validate
FNF:2
FNH:0
FNDA:0,doValidate
FNDA:0,_validate
DA:22,0
DA:27,0
DA:28,0
DA:30,0
DA:31,0
LF:5
LH:0
BRDA:27,1,0,0
BRDA:27,1,1,0
BRF:2
BRH:0
end_of_record
TN:
SF:g:\_projects\intercoin\TradedTokenContract\src\contracts\mocks\ERC20Mintable.sol
FN:16,constructor
FN:26,mint
FNF:2
FNH:2
FNDA:156,constructor
FNDA:32,mint
DA:27,32
LF:1
LH:1
BRF:0
BRH:0
end_of_record
TN:
SF:g:\_projects\intercoin\TradedTokenContract\src\contracts\mocks\ITRMock.sol
FN:9,setClaimData
FN:26,getClaimData
FN:45,getCurrentClaimedAmount
FN:48,setCurrentClaimedAmount
FN:56,setMaxTotalSupply
FNF:5
FNH:5
FNDA:2,setClaimData
FNDA:1,getClaimData
FNDA:2,getCurrentClaimedAmount
FNDA:1,setCurrentClaimedAmount
FNDA:1,setMaxTotalSupply
DA:19,2
DA:20,2
DA:21,2
DA:22,2
DA:23,2
DA:38,1
DA:39,1
DA:40,1
DA:41,1
DA:42,1
DA:46,2
DA:49,1
DA:57,1
LF:13
LH:13
BRF:0
BRH:0
end_of_record
TN:
SF:g:\_projects\intercoin\TradedTokenContract\src\contracts\mocks\MainMock.sol
FN:21,constructor
FN:25,getSqrt
FN:35,forceSync
FN:42,maxAddLiquidity
FN:52,getTradedAveragePrice
FN:61,uniswapReservesSimple
FN:70,totalInfo
FNF:7
FNH:4
FNDA:75,constructor
FNDA:2,getSqrt
FNDA:8,forceSync
FNDA:3,maxAddLiquidity
FNDA:0,getTradedAveragePrice
FNDA:0,uniswapReservesSimple
FNDA:0,totalInfo
DA:32,2
DA:39,8
DA:49,3
DA:58,0
DA:67,0
DA:81,0
DA:82,0
DA:83,0
DA:85,0
DA:86,0
DA:88,0
LF:11
LH:3
BRF:0
BRH:0
end_of_record
TN:
SF:g:\_projects\intercoin\TradedTokenContract\src\contracts\mocks\src20\MockRuleSettings.sol
FN:10,setRevertState
FNF:1
FNH:0
FNDA:0,setRevertState
DA:11,0
LF:1
LH:0
BRF:0
BRH:0
end_of_record
TN:
SF:g:\_projects\intercoin\TradedTokenContract\src\contracts\mocks\src20\MockSRC20.sol
FN:19,_updateRestrictionsAndRules
FN:32,executeTransfer
FN:38,updateRestrictionsAndRules
FN:42,transfer
FN:53,_transfer
FN:63,mint
FN:67,balanceOf
FNF:7
FNH:0
FNDA:0,_updateRestrictionsAndRules
FNDA:0,executeTransfer
FNDA:0,updateRestrictionsAndRules
FNDA:0,transfer
FNDA:0,_transfer
FNDA:0,mint
FNDA:0,balanceOf
DA:22,0
DA:24,0
DA:25,0
DA:28,0
DA:29,0
DA:34,0
DA:35,0
DA:36,0
DA:39,0
DA:45,0
DA:46,0
DA:48,0
DA:51,0
DA:54,0
DA:56,0
DA:57,0
DA:61,0
DA:64,0
DA:68,0
LF:19
LH:0
BRDA:24,1,0,0
BRDA:24,1,1,0
BRDA:25,2,0,0
BRDA:25,2,1,0
BRDA:45,3,0,0
BRDA:45,3,1,0
BRDA:46,4,0,0
BRDA:46,4,1,0
BRDA:54,5,0,0
BRDA:54,5,1,0
BRF:10
BRH:0
end_of_record
TN:
SF:g:\_projects\intercoin\TradedTokenContract\src\contracts\restrictions\ChainRule.sol
FN:8,doValidate
FN:20,_validate
FNF:2
FNH:0
FNDA:0,doValidate
FNDA:0,_validate
DA:17,0
DA:25,0
LF:2
LH:0
BRF:0
BRH:0
end_of_record
TN:
SF:g:\_projects\intercoin\TradedTokenContract\src\contracts\restrictions\ChainRuleBase.sol
FN:10,clearChain
FN:14,setChain
FN:22,_doValidate
FN:43,isChainExists
FN:47,_setChain
FNF:5
FNH:0
FNDA:0,clearChain
FNDA:0,setChain
FNDA:0,_doValidate
FNDA:0,isChainExists
FNDA:0,_setChain
DA:11,0
DA:15,0
DA:36,0
DA:37,0
DA:38,0
DA:44,0
DA:48,0
LF:7
LH:0
BRDA:37,1,0,0
BRDA:37,1,1,0
BRF:2
BRH:0
end_of_record
TN:
SF:g:\_projects\intercoin\TradedTokenContract\src\contracts\restrictions\TransferRule.sol
FN:36,onlyDoTransferCaller
FN:49,constructor
FN:61,cleanSRC
FN:68,addExchangeAddress
FN:72,removeExchangeAddress
FN:76,viewExchangeAddresses
FN:91,addRestrictions
FN:109,setSRC
FN:125,doTransfer
FN:154,_validate
FNF:10
FNH:0
FNDA:0,onlyDoTransferCaller
FNDA:0,constructor
FNDA:0,cleanSRC
FNDA:0,addExchangeAddress
FNDA:0,removeExchangeAddress
FNDA:0,viewExchangeAddresses
FNDA:0,addRestrictions
FNDA:0,setSRC
FNDA:0,doTransfer
FNDA:0,_validate
DA:37,0
DA:38,0
DA:55,0
DA:56,0
DA:57,0
DA:62,0
DA:63,0
DA:69,0
DA:73,0
DA:77,0
DA:79,0
DA:80,0
DA:81,0
DA:83,0
DA:92,0
DA:93,0
DA:94,0
DA:110,0
DA:111,0
DA:112,0
DA:113,0
DA:114,0
DA:115,0
DA:126,0
DA:127,0
DA:129,0
DA:133,0
DA:137,0
DA:140,0
DA:144,0
DA:149,0
DA:156,0
DA:158,0
DA:163,0
DA:165,0
DA:166,0
DA:167,0
DA:168,0
DA:170,0
DA:171,0
DA:175,0
DA:180,0
DA:181,0
LF:43
LH:0
BRDA:37,1,0,0
BRDA:37,1,1,0
BRDA:110,2,0,0
BRDA:110,2,1,0
BRDA:111,3,0,0
BRDA:111,3,1,0
BRDA:112,4,0,0
BRDA:112,4,1,0
BRDA:133,5,0,0
BRDA:133,5,1,0
BRDA:137,6,0,0
BRDA:137,6,1,0
BRDA:140,7,0,0
BRDA:140,7,1,0
BRDA:158,8,0,0
BRDA:158,8,1,0
BRDA:165,9,0,0
BRDA:165,9,1,0
BRDA:166,10,0,0
BRDA:166,10,1,0
BRDA:169,11,0,0
BRDA:169,11,1,0
BRDA:175,12,0,0
BRDA:175,12,1,0
BRF:24
BRH:0
end_of_record
